# ******************************************************
# PLUTO 4.3 Grid File
# Generated on  Fri Apr  3 11:57:25 2020
# 
# DIMENSIONS: 2
# GEOMETRY:   CARTESIAN
# X1: [ 0.000000,  1.000000], 512 point(s), 2 ghosts
# X2: [ 0.000000,  1.000000], 512 point(s), 2 ghosts
# ******************************************************
512 
 1   0.000000000000e+00    1.953125000000e-03
 2   1.953125000000e-03    3.906250000000e-03
 3   3.906250000000e-03    5.859375000000e-03
 4   5.859375000000e-03    7.812500000000e-03
 5   7.812500000000e-03    9.765625000000e-03
 6   9.765625000000e-03    1.171875000000e-02
 7   1.171875000000e-02    1.367187500000e-02
 8   1.367187500000e-02    1.562500000000e-02
 9   1.562500000000e-02    1.757812500000e-02
 10   1.757812500000e-02    1.953125000000e-02
 11   1.953125000000e-02    2.148437500000e-02
 12   2.148437500000e-02    2.343750000000e-02
 13   2.343750000000e-02    2.539062500000e-02
 14   2.539062500000e-02    2.734375000000e-02
 15   2.734375000000e-02    2.929687500000e-02
 16   2.929687500000e-02    3.125000000000e-02
 17   3.125000000000e-02    3.320312500000e-02
 18   3.320312500000e-02    3.515625000000e-02
 19   3.515625000000e-02    3.710937500000e-02
 20   3.710937500000e-02    3.906250000000e-02
 21   3.906250000000e-02    4.101562500000e-02
 22   4.101562500000e-02    4.296875000000e-02
 23   4.296875000000e-02    4.492187500000e-02
 24   4.492187500000e-02    4.687500000000e-02
 25   4.687500000000e-02    4.882812500000e-02
 26   4.882812500000e-02    5.078125000000e-02
 27   5.078125000000e-02    5.273437500000e-02
 28   5.273437500000e-02    5.468750000000e-02
 29   5.468750000000e-02    5.664062500000e-02
 30   5.664062500000e-02    5.859375000000e-02
 31   5.859375000000e-02    6.054687500000e-02
 32   6.054687500000e-02    6.250000000000e-02
 33   6.250000000000e-02    6.445312500000e-02
 34   6.445312500000e-02    6.640625000000e-02
 35   6.640625000000e-02    6.835937500000e-02
 36   6.835937500000e-02    7.031250000000e-02
 37   7.031250000000e-02    7.226562500000e-02
 38   7.226562500000e-02    7.421875000000e-02
 39   7.421875000000e-02    7.617187500000e-02
 40   7.617187500000e-02    7.812500000000e-02
 41   7.812500000000e-02    8.007812500000e-02
 42   8.007812500000e-02    8.203125000000e-02
 43   8.203125000000e-02    8.398437500000e-02
 44   8.398437500000e-02    8.593750000000e-02
 45   8.593750000000e-02    8.789062500000e-02
 46   8.789062500000e-02    8.984375000000e-02
 47   8.984375000000e-02    9.179687500000e-02
 48   9.179687500000e-02    9.375000000000e-02
 49   9.375000000000e-02    9.570312500000e-02
 50   9.570312500000e-02    9.765625000000e-02
 51   9.765625000000e-02    9.960937500000e-02
 52   9.960937500000e-02    1.015625000000e-01
 53   1.015625000000e-01    1.035156250000e-01
 54   1.035156250000e-01    1.054687500000e-01
 55   1.054687500000e-01    1.074218750000e-01
 56   1.074218750000e-01    1.093750000000e-01
 57   1.093750000000e-01    1.113281250000e-01
 58   1.113281250000e-01    1.132812500000e-01
 59   1.132812500000e-01    1.152343750000e-01
 60   1.152343750000e-01    1.171875000000e-01
 61   1.171875000000e-01    1.191406250000e-01
 62   1.191406250000e-01    1.210937500000e-01
 63   1.210937500000e-01    1.230468750000e-01
 64   1.230468750000e-01    1.250000000000e-01
 65   1.250000000000e-01    1.269531250000e-01
 66   1.269531250000e-01    1.289062500000e-01
 67   1.289062500000e-01    1.308593750000e-01
 68   1.308593750000e-01    1.328125000000e-01
 69   1.328125000000e-01    1.347656250000e-01
 70   1.347656250000e-01    1.367187500000e-01
 71   1.367187500000e-01    1.386718750000e-01
 72   1.386718750000e-01    1.406250000000e-01
 73   1.406250000000e-01    1.425781250000e-01
 74   1.425781250000e-01    1.445312500000e-01
 75   1.445312500000e-01    1.464843750000e-01
 76   1.464843750000e-01    1.484375000000e-01
 77   1.484375000000e-01    1.503906250000e-01
 78   1.503906250000e-01    1.523437500000e-01
 79   1.523437500000e-01    1.542968750000e-01
 80   1.542968750000e-01    1.562500000000e-01
 81   1.562500000000e-01    1.582031250000e-01
 82   1.582031250000e-01    1.601562500000e-01
 83   1.601562500000e-01    1.621093750000e-01
 84   1.621093750000e-01    1.640625000000e-01
 85   1.640625000000e-01    1.660156250000e-01
 86   1.660156250000e-01    1.679687500000e-01
 87   1.679687500000e-01    1.699218750000e-01
 88   1.699218750000e-01    1.718750000000e-01
 89   1.718750000000e-01    1.738281250000e-01
 90   1.738281250000e-01    1.757812500000e-01
 91   1.757812500000e-01    1.777343750000e-01
 92   1.777343750000e-01    1.796875000000e-01
 93   1.796875000000e-01    1.816406250000e-01
 94   1.816406250000e-01    1.835937500000e-01
 95   1.835937500000e-01    1.855468750000e-01
 96   1.855468750000e-01    1.875000000000e-01
 97   1.875000000000e-01    1.894531250000e-01
 98   1.894531250000e-01    1.914062500000e-01
 99   1.914062500000e-01    1.933593750000e-01
 100   1.933593750000e-01    1.953125000000e-01
 101   1.953125000000e-01    1.972656250000e-01
 102   1.972656250000e-01    1.992187500000e-01
 103   1.992187500000e-01    2.011718750000e-01
 104   2.011718750000e-01    2.031250000000e-01
 105   2.031250000000e-01    2.050781250000e-01
 106   2.050781250000e-01    2.070312500000e-01
 107   2.070312500000e-01    2.089843750000e-01
 108   2.089843750000e-01    2.109375000000e-01
 109   2.109375000000e-01    2.128906250000e-01
 110   2.128906250000e-01    2.148437500000e-01
 111   2.148437500000e-01    2.167968750000e-01
 112   2.167968750000e-01    2.187500000000e-01
 113   2.187500000000e-01    2.207031250000e-01
 114   2.207031250000e-01    2.226562500000e-01
 115   2.226562500000e-01    2.246093750000e-01
 116   2.246093750000e-01    2.265625000000e-01
 117   2.265625000000e-01    2.285156250000e-01
 118   2.285156250000e-01    2.304687500000e-01
 119   2.304687500000e-01    2.324218750000e-01
 120   2.324218750000e-01    2.343750000000e-01
 121   2.343750000000e-01    2.363281250000e-01
 122   2.363281250000e-01    2.382812500000e-01
 123   2.382812500000e-01    2.402343750000e-01
 124   2.402343750000e-01    2.421875000000e-01
 125   2.421875000000e-01    2.441406250000e-01
 126   2.441406250000e-01    2.460937500000e-01
 127   2.460937500000e-01    2.480468750000e-01
 128   2.480468750000e-01    2.500000000000e-01
 129   2.500000000000e-01    2.519531250000e-01
 130   2.519531250000e-01    2.539062500000e-01
 131   2.539062500000e-01    2.558593750000e-01
 132   2.558593750000e-01    2.578125000000e-01
 133   2.578125000000e-01    2.597656250000e-01
 134   2.597656250000e-01    2.617187500000e-01
 135   2.617187500000e-01    2.636718750000e-01
 136   2.636718750000e-01    2.656250000000e-01
 137   2.656250000000e-01    2.675781250000e-01
 138   2.675781250000e-01    2.695312500000e-01
 139   2.695312500000e-01    2.714843750000e-01
 140   2.714843750000e-01    2.734375000000e-01
 141   2.734375000000e-01    2.753906250000e-01
 142   2.753906250000e-01    2.773437500000e-01
 143   2.773437500000e-01    2.792968750000e-01
 144   2.792968750000e-01    2.812500000000e-01
 145   2.812500000000e-01    2.832031250000e-01
 146   2.832031250000e-01    2.851562500000e-01
 147   2.851562500000e-01    2.871093750000e-01
 148   2.871093750000e-01    2.890625000000e-01
 149   2.890625000000e-01    2.910156250000e-01
 150   2.910156250000e-01    2.929687500000e-01
 151   2.929687500000e-01    2.949218750000e-01
 152   2.949218750000e-01    2.968750000000e-01
 153   2.968750000000e-01    2.988281250000e-01
 154   2.988281250000e-01    3.007812500000e-01
 155   3.007812500000e-01    3.027343750000e-01
 156   3.027343750000e-01    3.046875000000e-01
 157   3.046875000000e-01    3.066406250000e-01
 158   3.066406250000e-01    3.085937500000e-01
 159   3.085937500000e-01    3.105468750000e-01
 160   3.105468750000e-01    3.125000000000e-01
 161   3.125000000000e-01    3.144531250000e-01
 162   3.144531250000e-01    3.164062500000e-01
 163   3.164062500000e-01    3.183593750000e-01
 164   3.183593750000e-01    3.203125000000e-01
 165   3.203125000000e-01    3.222656250000e-01
 166   3.222656250000e-01    3.242187500000e-01
 167   3.242187500000e-01    3.261718750000e-01
 168   3.261718750000e-01    3.281250000000e-01
 169   3.281250000000e-01    3.300781250000e-01
 170   3.300781250000e-01    3.320312500000e-01
 171   3.320312500000e-01    3.339843750000e-01
 172   3.339843750000e-01    3.359375000000e-01
 173   3.359375000000e-01    3.378906250000e-01
 174   3.378906250000e-01    3.398437500000e-01
 175   3.398437500000e-01    3.417968750000e-01
 176   3.417968750000e-01    3.437500000000e-01
 177   3.437500000000e-01    3.457031250000e-01
 178   3.457031250000e-01    3.476562500000e-01
 179   3.476562500000e-01    3.496093750000e-01
 180   3.496093750000e-01    3.515625000000e-01
 181   3.515625000000e-01    3.535156250000e-01
 182   3.535156250000e-01    3.554687500000e-01
 183   3.554687500000e-01    3.574218750000e-01
 184   3.574218750000e-01    3.593750000000e-01
 185   3.593750000000e-01    3.613281250000e-01
 186   3.613281250000e-01    3.632812500000e-01
 187   3.632812500000e-01    3.652343750000e-01
 188   3.652343750000e-01    3.671875000000e-01
 189   3.671875000000e-01    3.691406250000e-01
 190   3.691406250000e-01    3.710937500000e-01
 191   3.710937500000e-01    3.730468750000e-01
 192   3.730468750000e-01    3.750000000000e-01
 193   3.750000000000e-01    3.769531250000e-01
 194   3.769531250000e-01    3.789062500000e-01
 195   3.789062500000e-01    3.808593750000e-01
 196   3.808593750000e-01    3.828125000000e-01
 197   3.828125000000e-01    3.847656250000e-01
 198   3.847656250000e-01    3.867187500000e-01
 199   3.867187500000e-01    3.886718750000e-01
 200   3.886718750000e-01    3.906250000000e-01
 201   3.906250000000e-01    3.925781250000e-01
 202   3.925781250000e-01    3.945312500000e-01
 203   3.945312500000e-01    3.964843750000e-01
 204   3.964843750000e-01    3.984375000000e-01
 205   3.984375000000e-01    4.003906250000e-01
 206   4.003906250000e-01    4.023437500000e-01
 207   4.023437500000e-01    4.042968750000e-01
 208   4.042968750000e-01    4.062500000000e-01
 209   4.062500000000e-01    4.082031250000e-01
 210   4.082031250000e-01    4.101562500000e-01
 211   4.101562500000e-01    4.121093750000e-01
 212   4.121093750000e-01    4.140625000000e-01
 213   4.140625000000e-01    4.160156250000e-01
 214   4.160156250000e-01    4.179687500000e-01
 215   4.179687500000e-01    4.199218750000e-01
 216   4.199218750000e-01    4.218750000000e-01
 217   4.218750000000e-01    4.238281250000e-01
 218   4.238281250000e-01    4.257812500000e-01
 219   4.257812500000e-01    4.277343750000e-01
 220   4.277343750000e-01    4.296875000000e-01
 221   4.296875000000e-01    4.316406250000e-01
 222   4.316406250000e-01    4.335937500000e-01
 223   4.335937500000e-01    4.355468750000e-01
 224   4.355468750000e-01    4.375000000000e-01
 225   4.375000000000e-01    4.394531250000e-01
 226   4.394531250000e-01    4.414062500000e-01
 227   4.414062500000e-01    4.433593750000e-01
 228   4.433593750000e-01    4.453125000000e-01
 229   4.453125000000e-01    4.472656250000e-01
 230   4.472656250000e-01    4.492187500000e-01
 231   4.492187500000e-01    4.511718750000e-01
 232   4.511718750000e-01    4.531250000000e-01
 233   4.531250000000e-01    4.550781250000e-01
 234   4.550781250000e-01    4.570312500000e-01
 235   4.570312500000e-01    4.589843750000e-01
 236   4.589843750000e-01    4.609375000000e-01
 237   4.609375000000e-01    4.628906250000e-01
 238   4.628906250000e-01    4.648437500000e-01
 239   4.648437500000e-01    4.667968750000e-01
 240   4.667968750000e-01    4.687500000000e-01
 241   4.687500000000e-01    4.707031250000e-01
 242   4.707031250000e-01    4.726562500000e-01
 243   4.726562500000e-01    4.746093750000e-01
 244   4.746093750000e-01    4.765625000000e-01
 245   4.765625000000e-01    4.785156250000e-01
 246   4.785156250000e-01    4.804687500000e-01
 247   4.804687500000e-01    4.824218750000e-01
 248   4.824218750000e-01    4.843750000000e-01
 249   4.843750000000e-01    4.863281250000e-01
 250   4.863281250000e-01    4.882812500000e-01
 251   4.882812500000e-01    4.902343750000e-01
 252   4.902343750000e-01    4.921875000000e-01
 253   4.921875000000e-01    4.941406250000e-01
 254   4.941406250000e-01    4.960937500000e-01
 255   4.960937500000e-01    4.980468750000e-01
 256   4.980468750000e-01    5.000000000000e-01
 257   5.000000000000e-01    5.019531250000e-01
 258   5.019531250000e-01    5.039062500000e-01
 259   5.039062500000e-01    5.058593750000e-01
 260   5.058593750000e-01    5.078125000000e-01
 261   5.078125000000e-01    5.097656250000e-01
 262   5.097656250000e-01    5.117187500000e-01
 263   5.117187500000e-01    5.136718750000e-01
 264   5.136718750000e-01    5.156250000000e-01
 265   5.156250000000e-01    5.175781250000e-01
 266   5.175781250000e-01    5.195312500000e-01
 267   5.195312500000e-01    5.214843750000e-01
 268   5.214843750000e-01    5.234375000000e-01
 269   5.234375000000e-01    5.253906250000e-01
 270   5.253906250000e-01    5.273437500000e-01
 271   5.273437500000e-01    5.292968750000e-01
 272   5.292968750000e-01    5.312500000000e-01
 273   5.312500000000e-01    5.332031250000e-01
 274   5.332031250000e-01    5.351562500000e-01
 275   5.351562500000e-01    5.371093750000e-01
 276   5.371093750000e-01    5.390625000000e-01
 277   5.390625000000e-01    5.410156250000e-01
 278   5.410156250000e-01    5.429687500000e-01
 279   5.429687500000e-01    5.449218750000e-01
 280   5.449218750000e-01    5.468750000000e-01
 281   5.468750000000e-01    5.488281250000e-01
 282   5.488281250000e-01    5.507812500000e-01
 283   5.507812500000e-01    5.527343750000e-01
 284   5.527343750000e-01    5.546875000000e-01
 285   5.546875000000e-01    5.566406250000e-01
 286   5.566406250000e-01    5.585937500000e-01
 287   5.585937500000e-01    5.605468750000e-01
 288   5.605468750000e-01    5.625000000000e-01
 289   5.625000000000e-01    5.644531250000e-01
 290   5.644531250000e-01    5.664062500000e-01
 291   5.664062500000e-01    5.683593750000e-01
 292   5.683593750000e-01    5.703125000000e-01
 293   5.703125000000e-01    5.722656250000e-01
 294   5.722656250000e-01    5.742187500000e-01
 295   5.742187500000e-01    5.761718750000e-01
 296   5.761718750000e-01    5.781250000000e-01
 297   5.781250000000e-01    5.800781250000e-01
 298   5.800781250000e-01    5.820312500000e-01
 299   5.820312500000e-01    5.839843750000e-01
 300   5.839843750000e-01    5.859375000000e-01
 301   5.859375000000e-01    5.878906250000e-01
 302   5.878906250000e-01    5.898437500000e-01
 303   5.898437500000e-01    5.917968750000e-01
 304   5.917968750000e-01    5.937500000000e-01
 305   5.937500000000e-01    5.957031250000e-01
 306   5.957031250000e-01    5.976562500000e-01
 307   5.976562500000e-01    5.996093750000e-01
 308   5.996093750000e-01    6.015625000000e-01
 309   6.015625000000e-01    6.035156250000e-01
 310   6.035156250000e-01    6.054687500000e-01
 311   6.054687500000e-01    6.074218750000e-01
 312   6.074218750000e-01    6.093750000000e-01
 313   6.093750000000e-01    6.113281250000e-01
 314   6.113281250000e-01    6.132812500000e-01
 315   6.132812500000e-01    6.152343750000e-01
 316   6.152343750000e-01    6.171875000000e-01
 317   6.171875000000e-01    6.191406250000e-01
 318   6.191406250000e-01    6.210937500000e-01
 319   6.210937500000e-01    6.230468750000e-01
 320   6.230468750000e-01    6.250000000000e-01
 321   6.250000000000e-01    6.269531250000e-01
 322   6.269531250000e-01    6.289062500000e-01
 323   6.289062500000e-01    6.308593750000e-01
 324   6.308593750000e-01    6.328125000000e-01
 325   6.328125000000e-01    6.347656250000e-01
 326   6.347656250000e-01    6.367187500000e-01
 327   6.367187500000e-01    6.386718750000e-01
 328   6.386718750000e-01    6.406250000000e-01
 329   6.406250000000e-01    6.425781250000e-01
 330   6.425781250000e-01    6.445312500000e-01
 331   6.445312500000e-01    6.464843750000e-01
 332   6.464843750000e-01    6.484375000000e-01
 333   6.484375000000e-01    6.503906250000e-01
 334   6.503906250000e-01    6.523437500000e-01
 335   6.523437500000e-01    6.542968750000e-01
 336   6.542968750000e-01    6.562500000000e-01
 337   6.562500000000e-01    6.582031250000e-01
 338   6.582031250000e-01    6.601562500000e-01
 339   6.601562500000e-01    6.621093750000e-01
 340   6.621093750000e-01    6.640625000000e-01
 341   6.640625000000e-01    6.660156250000e-01
 342   6.660156250000e-01    6.679687500000e-01
 343   6.679687500000e-01    6.699218750000e-01
 344   6.699218750000e-01    6.718750000000e-01
 345   6.718750000000e-01    6.738281250000e-01
 346   6.738281250000e-01    6.757812500000e-01
 347   6.757812500000e-01    6.777343750000e-01
 348   6.777343750000e-01    6.796875000000e-01
 349   6.796875000000e-01    6.816406250000e-01
 350   6.816406250000e-01    6.835937500000e-01
 351   6.835937500000e-01    6.855468750000e-01
 352   6.855468750000e-01    6.875000000000e-01
 353   6.875000000000e-01    6.894531250000e-01
 354   6.894531250000e-01    6.914062500000e-01
 355   6.914062500000e-01    6.933593750000e-01
 356   6.933593750000e-01    6.953125000000e-01
 357   6.953125000000e-01    6.972656250000e-01
 358   6.972656250000e-01    6.992187500000e-01
 359   6.992187500000e-01    7.011718750000e-01
 360   7.011718750000e-01    7.031250000000e-01
 361   7.031250000000e-01    7.050781250000e-01
 362   7.050781250000e-01    7.070312500000e-01
 363   7.070312500000e-01    7.089843750000e-01
 364   7.089843750000e-01    7.109375000000e-01
 365   7.109375000000e-01    7.128906250000e-01
 366   7.128906250000e-01    7.148437500000e-01
 367   7.148437500000e-01    7.167968750000e-01
 368   7.167968750000e-01    7.187500000000e-01
 369   7.187500000000e-01    7.207031250000e-01
 370   7.207031250000e-01    7.226562500000e-01
 371   7.226562500000e-01    7.246093750000e-01
 372   7.246093750000e-01    7.265625000000e-01
 373   7.265625000000e-01    7.285156250000e-01
 374   7.285156250000e-01    7.304687500000e-01
 375   7.304687500000e-01    7.324218750000e-01
 376   7.324218750000e-01    7.343750000000e-01
 377   7.343750000000e-01    7.363281250000e-01
 378   7.363281250000e-01    7.382812500000e-01
 379   7.382812500000e-01    7.402343750000e-01
 380   7.402343750000e-01    7.421875000000e-01
 381   7.421875000000e-01    7.441406250000e-01
 382   7.441406250000e-01    7.460937500000e-01
 383   7.460937500000e-01    7.480468750000e-01
 384   7.480468750000e-01    7.500000000000e-01
 385   7.500000000000e-01    7.519531250000e-01
 386   7.519531250000e-01    7.539062500000e-01
 387   7.539062500000e-01    7.558593750000e-01
 388   7.558593750000e-01    7.578125000000e-01
 389   7.578125000000e-01    7.597656250000e-01
 390   7.597656250000e-01    7.617187500000e-01
 391   7.617187500000e-01    7.636718750000e-01
 392   7.636718750000e-01    7.656250000000e-01
 393   7.656250000000e-01    7.675781250000e-01
 394   7.675781250000e-01    7.695312500000e-01
 395   7.695312500000e-01    7.714843750000e-01
 396   7.714843750000e-01    7.734375000000e-01
 397   7.734375000000e-01    7.753906250000e-01
 398   7.753906250000e-01    7.773437500000e-01
 399   7.773437500000e-01    7.792968750000e-01
 400   7.792968750000e-01    7.812500000000e-01
 401   7.812500000000e-01    7.832031250000e-01
 402   7.832031250000e-01    7.851562500000e-01
 403   7.851562500000e-01    7.871093750000e-01
 404   7.871093750000e-01    7.890625000000e-01
 405   7.890625000000e-01    7.910156250000e-01
 406   7.910156250000e-01    7.929687500000e-01
 407   7.929687500000e-01    7.949218750000e-01
 408   7.949218750000e-01    7.968750000000e-01
 409   7.968750000000e-01    7.988281250000e-01
 410   7.988281250000e-01    8.007812500000e-01
 411   8.007812500000e-01    8.027343750000e-01
 412   8.027343750000e-01    8.046875000000e-01
 413   8.046875000000e-01    8.066406250000e-01
 414   8.066406250000e-01    8.085937500000e-01
 415   8.085937500000e-01    8.105468750000e-01
 416   8.105468750000e-01    8.125000000000e-01
 417   8.125000000000e-01    8.144531250000e-01
 418   8.144531250000e-01    8.164062500000e-01
 419   8.164062500000e-01    8.183593750000e-01
 420   8.183593750000e-01    8.203125000000e-01
 421   8.203125000000e-01    8.222656250000e-01
 422   8.222656250000e-01    8.242187500000e-01
 423   8.242187500000e-01    8.261718750000e-01
 424   8.261718750000e-01    8.281250000000e-01
 425   8.281250000000e-01    8.300781250000e-01
 426   8.300781250000e-01    8.320312500000e-01
 427   8.320312500000e-01    8.339843750000e-01
 428   8.339843750000e-01    8.359375000000e-01
 429   8.359375000000e-01    8.378906250000e-01
 430   8.378906250000e-01    8.398437500000e-01
 431   8.398437500000e-01    8.417968750000e-01
 432   8.417968750000e-01    8.437500000000e-01
 433   8.437500000000e-01    8.457031250000e-01
 434   8.457031250000e-01    8.476562500000e-01
 435   8.476562500000e-01    8.496093750000e-01
 436   8.496093750000e-01    8.515625000000e-01
 437   8.515625000000e-01    8.535156250000e-01
 438   8.535156250000e-01    8.554687500000e-01
 439   8.554687500000e-01    8.574218750000e-01
 440   8.574218750000e-01    8.593750000000e-01
 441   8.593750000000e-01    8.613281250000e-01
 442   8.613281250000e-01    8.632812500000e-01
 443   8.632812500000e-01    8.652343750000e-01
 444   8.652343750000e-01    8.671875000000e-01
 445   8.671875000000e-01    8.691406250000e-01
 446   8.691406250000e-01    8.710937500000e-01
 447   8.710937500000e-01    8.730468750000e-01
 448   8.730468750000e-01    8.750000000000e-01
 449   8.750000000000e-01    8.769531250000e-01
 450   8.769531250000e-01    8.789062500000e-01
 451   8.789062500000e-01    8.808593750000e-01
 452   8.808593750000e-01    8.828125000000e-01
 453   8.828125000000e-01    8.847656250000e-01
 454   8.847656250000e-01    8.867187500000e-01
 455   8.867187500000e-01    8.886718750000e-01
 456   8.886718750000e-01    8.906250000000e-01
 457   8.906250000000e-01    8.925781250000e-01
 458   8.925781250000e-01    8.945312500000e-01
 459   8.945312500000e-01    8.964843750000e-01
 460   8.964843750000e-01    8.984375000000e-01
 461   8.984375000000e-01    9.003906250000e-01
 462   9.003906250000e-01    9.023437500000e-01
 463   9.023437500000e-01    9.042968750000e-01
 464   9.042968750000e-01    9.062500000000e-01
 465   9.062500000000e-01    9.082031250000e-01
 466   9.082031250000e-01    9.101562500000e-01
 467   9.101562500000e-01    9.121093750000e-01
 468   9.121093750000e-01    9.140625000000e-01
 469   9.140625000000e-01    9.160156250000e-01
 470   9.160156250000e-01    9.179687500000e-01
 471   9.179687500000e-01    9.199218750000e-01
 472   9.199218750000e-01    9.218750000000e-01
 473   9.218750000000e-01    9.238281250000e-01
 474   9.238281250000e-01    9.257812500000e-01
 475   9.257812500000e-01    9.277343750000e-01
 476   9.277343750000e-01    9.296875000000e-01
 477   9.296875000000e-01    9.316406250000e-01
 478   9.316406250000e-01    9.335937500000e-01
 479   9.335937500000e-01    9.355468750000e-01
 480   9.355468750000e-01    9.375000000000e-01
 481   9.375000000000e-01    9.394531250000e-01
 482   9.394531250000e-01    9.414062500000e-01
 483   9.414062500000e-01    9.433593750000e-01
 484   9.433593750000e-01    9.453125000000e-01
 485   9.453125000000e-01    9.472656250000e-01
 486   9.472656250000e-01    9.492187500000e-01
 487   9.492187500000e-01    9.511718750000e-01
 488   9.511718750000e-01    9.531250000000e-01
 489   9.531250000000e-01    9.550781250000e-01
 490   9.550781250000e-01    9.570312500000e-01
 491   9.570312500000e-01    9.589843750000e-01
 492   9.589843750000e-01    9.609375000000e-01
 493   9.609375000000e-01    9.628906250000e-01
 494   9.628906250000e-01    9.648437500000e-01
 495   9.648437500000e-01    9.667968750000e-01
 496   9.667968750000e-01    9.687500000000e-01
 497   9.687500000000e-01    9.707031250000e-01
 498   9.707031250000e-01    9.726562500000e-01
 499   9.726562500000e-01    9.746093750000e-01
 500   9.746093750000e-01    9.765625000000e-01
 501   9.765625000000e-01    9.785156250000e-01
 502   9.785156250000e-01    9.804687500000e-01
 503   9.804687500000e-01    9.824218750000e-01
 504   9.824218750000e-01    9.843750000000e-01
 505   9.843750000000e-01    9.863281250000e-01
 506   9.863281250000e-01    9.882812500000e-01
 507   9.882812500000e-01    9.902343750000e-01
 508   9.902343750000e-01    9.921875000000e-01
 509   9.921875000000e-01    9.941406250000e-01
 510   9.941406250000e-01    9.960937500000e-01
 511   9.960937500000e-01    9.980468750000e-01
 512   9.980468750000e-01    1.000000000000e+00
512 
 1   0.000000000000e+00    1.953125000000e-03
 2   1.953125000000e-03    3.906250000000e-03
 3   3.906250000000e-03    5.859375000000e-03
 4   5.859375000000e-03    7.812500000000e-03
 5   7.812500000000e-03    9.765625000000e-03
 6   9.765625000000e-03    1.171875000000e-02
 7   1.171875000000e-02    1.367187500000e-02
 8   1.367187500000e-02    1.562500000000e-02
 9   1.562500000000e-02    1.757812500000e-02
 10   1.757812500000e-02    1.953125000000e-02
 11   1.953125000000e-02    2.148437500000e-02
 12   2.148437500000e-02    2.343750000000e-02
 13   2.343750000000e-02    2.539062500000e-02
 14   2.539062500000e-02    2.734375000000e-02
 15   2.734375000000e-02    2.929687500000e-02
 16   2.929687500000e-02    3.125000000000e-02
 17   3.125000000000e-02    3.320312500000e-02
 18   3.320312500000e-02    3.515625000000e-02
 19   3.515625000000e-02    3.710937500000e-02
 20   3.710937500000e-02    3.906250000000e-02
 21   3.906250000000e-02    4.101562500000e-02
 22   4.101562500000e-02    4.296875000000e-02
 23   4.296875000000e-02    4.492187500000e-02
 24   4.492187500000e-02    4.687500000000e-02
 25   4.687500000000e-02    4.882812500000e-02
 26   4.882812500000e-02    5.078125000000e-02
 27   5.078125000000e-02    5.273437500000e-02
 28   5.273437500000e-02    5.468750000000e-02
 29   5.468750000000e-02    5.664062500000e-02
 30   5.664062500000e-02    5.859375000000e-02
 31   5.859375000000e-02    6.054687500000e-02
 32   6.054687500000e-02    6.250000000000e-02
 33   6.250000000000e-02    6.445312500000e-02
 34   6.445312500000e-02    6.640625000000e-02
 35   6.640625000000e-02    6.835937500000e-02
 36   6.835937500000e-02    7.031250000000e-02
 37   7.031250000000e-02    7.226562500000e-02
 38   7.226562500000e-02    7.421875000000e-02
 39   7.421875000000e-02    7.617187500000e-02
 40   7.617187500000e-02    7.812500000000e-02
 41   7.812500000000e-02    8.007812500000e-02
 42   8.007812500000e-02    8.203125000000e-02
 43   8.203125000000e-02    8.398437500000e-02
 44   8.398437500000e-02    8.593750000000e-02
 45   8.593750000000e-02    8.789062500000e-02
 46   8.789062500000e-02    8.984375000000e-02
 47   8.984375000000e-02    9.179687500000e-02
 48   9.179687500000e-02    9.375000000000e-02
 49   9.375000000000e-02    9.570312500000e-02
 50   9.570312500000e-02    9.765625000000e-02
 51   9.765625000000e-02    9.960937500000e-02
 52   9.960937500000e-02    1.015625000000e-01
 53   1.015625000000e-01    1.035156250000e-01
 54   1.035156250000e-01    1.054687500000e-01
 55   1.054687500000e-01    1.074218750000e-01
 56   1.074218750000e-01    1.093750000000e-01
 57   1.093750000000e-01    1.113281250000e-01
 58   1.113281250000e-01    1.132812500000e-01
 59   1.132812500000e-01    1.152343750000e-01
 60   1.152343750000e-01    1.171875000000e-01
 61   1.171875000000e-01    1.191406250000e-01
 62   1.191406250000e-01    1.210937500000e-01
 63   1.210937500000e-01    1.230468750000e-01
 64   1.230468750000e-01    1.250000000000e-01
 65   1.250000000000e-01    1.269531250000e-01
 66   1.269531250000e-01    1.289062500000e-01
 67   1.289062500000e-01    1.308593750000e-01
 68   1.308593750000e-01    1.328125000000e-01
 69   1.328125000000e-01    1.347656250000e-01
 70   1.347656250000e-01    1.367187500000e-01
 71   1.367187500000e-01    1.386718750000e-01
 72   1.386718750000e-01    1.406250000000e-01
 73   1.406250000000e-01    1.425781250000e-01
 74   1.425781250000e-01    1.445312500000e-01
 75   1.445312500000e-01    1.464843750000e-01
 76   1.464843750000e-01    1.484375000000e-01
 77   1.484375000000e-01    1.503906250000e-01
 78   1.503906250000e-01    1.523437500000e-01
 79   1.523437500000e-01    1.542968750000e-01
 80   1.542968750000e-01    1.562500000000e-01
 81   1.562500000000e-01    1.582031250000e-01
 82   1.582031250000e-01    1.601562500000e-01
 83   1.601562500000e-01    1.621093750000e-01
 84   1.621093750000e-01    1.640625000000e-01
 85   1.640625000000e-01    1.660156250000e-01
 86   1.660156250000e-01    1.679687500000e-01
 87   1.679687500000e-01    1.699218750000e-01
 88   1.699218750000e-01    1.718750000000e-01
 89   1.718750000000e-01    1.738281250000e-01
 90   1.738281250000e-01    1.757812500000e-01
 91   1.757812500000e-01    1.777343750000e-01
 92   1.777343750000e-01    1.796875000000e-01
 93   1.796875000000e-01    1.816406250000e-01
 94   1.816406250000e-01    1.835937500000e-01
 95   1.835937500000e-01    1.855468750000e-01
 96   1.855468750000e-01    1.875000000000e-01
 97   1.875000000000e-01    1.894531250000e-01
 98   1.894531250000e-01    1.914062500000e-01
 99   1.914062500000e-01    1.933593750000e-01
 100   1.933593750000e-01    1.953125000000e-01
 101   1.953125000000e-01    1.972656250000e-01
 102   1.972656250000e-01    1.992187500000e-01
 103   1.992187500000e-01    2.011718750000e-01
 104   2.011718750000e-01    2.031250000000e-01
 105   2.031250000000e-01    2.050781250000e-01
 106   2.050781250000e-01    2.070312500000e-01
 107   2.070312500000e-01    2.089843750000e-01
 108   2.089843750000e-01    2.109375000000e-01
 109   2.109375000000e-01    2.128906250000e-01
 110   2.128906250000e-01    2.148437500000e-01
 111   2.148437500000e-01    2.167968750000e-01
 112   2.167968750000e-01    2.187500000000e-01
 113   2.187500000000e-01    2.207031250000e-01
 114   2.207031250000e-01    2.226562500000e-01
 115   2.226562500000e-01    2.246093750000e-01
 116   2.246093750000e-01    2.265625000000e-01
 117   2.265625000000e-01    2.285156250000e-01
 118   2.285156250000e-01    2.304687500000e-01
 119   2.304687500000e-01    2.324218750000e-01
 120   2.324218750000e-01    2.343750000000e-01
 121   2.343750000000e-01    2.363281250000e-01
 122   2.363281250000e-01    2.382812500000e-01
 123   2.382812500000e-01    2.402343750000e-01
 124   2.402343750000e-01    2.421875000000e-01
 125   2.421875000000e-01    2.441406250000e-01
 126   2.441406250000e-01    2.460937500000e-01
 127   2.460937500000e-01    2.480468750000e-01
 128   2.480468750000e-01    2.500000000000e-01
 129   2.500000000000e-01    2.519531250000e-01
 130   2.519531250000e-01    2.539062500000e-01
 131   2.539062500000e-01    2.558593750000e-01
 132   2.558593750000e-01    2.578125000000e-01
 133   2.578125000000e-01    2.597656250000e-01
 134   2.597656250000e-01    2.617187500000e-01
 135   2.617187500000e-01    2.636718750000e-01
 136   2.636718750000e-01    2.656250000000e-01
 137   2.656250000000e-01    2.675781250000e-01
 138   2.675781250000e-01    2.695312500000e-01
 139   2.695312500000e-01    2.714843750000e-01
 140   2.714843750000e-01    2.734375000000e-01
 141   2.734375000000e-01    2.753906250000e-01
 142   2.753906250000e-01    2.773437500000e-01
 143   2.773437500000e-01    2.792968750000e-01
 144   2.792968750000e-01    2.812500000000e-01
 145   2.812500000000e-01    2.832031250000e-01
 146   2.832031250000e-01    2.851562500000e-01
 147   2.851562500000e-01    2.871093750000e-01
 148   2.871093750000e-01    2.890625000000e-01
 149   2.890625000000e-01    2.910156250000e-01
 150   2.910156250000e-01    2.929687500000e-01
 151   2.929687500000e-01    2.949218750000e-01
 152   2.949218750000e-01    2.968750000000e-01
 153   2.968750000000e-01    2.988281250000e-01
 154   2.988281250000e-01    3.007812500000e-01
 155   3.007812500000e-01    3.027343750000e-01
 156   3.027343750000e-01    3.046875000000e-01
 157   3.046875000000e-01    3.066406250000e-01
 158   3.066406250000e-01    3.085937500000e-01
 159   3.085937500000e-01    3.105468750000e-01
 160   3.105468750000e-01    3.125000000000e-01
 161   3.125000000000e-01    3.144531250000e-01
 162   3.144531250000e-01    3.164062500000e-01
 163   3.164062500000e-01    3.183593750000e-01
 164   3.183593750000e-01    3.203125000000e-01
 165   3.203125000000e-01    3.222656250000e-01
 166   3.222656250000e-01    3.242187500000e-01
 167   3.242187500000e-01    3.261718750000e-01
 168   3.261718750000e-01    3.281250000000e-01
 169   3.281250000000e-01    3.300781250000e-01
 170   3.300781250000e-01    3.320312500000e-01
 171   3.320312500000e-01    3.339843750000e-01
 172   3.339843750000e-01    3.359375000000e-01
 173   3.359375000000e-01    3.378906250000e-01
 174   3.378906250000e-01    3.398437500000e-01
 175   3.398437500000e-01    3.417968750000e-01
 176   3.417968750000e-01    3.437500000000e-01
 177   3.437500000000e-01    3.457031250000e-01
 178   3.457031250000e-01    3.476562500000e-01
 179   3.476562500000e-01    3.496093750000e-01
 180   3.496093750000e-01    3.515625000000e-01
 181   3.515625000000e-01    3.535156250000e-01
 182   3.535156250000e-01    3.554687500000e-01
 183   3.554687500000e-01    3.574218750000e-01
 184   3.574218750000e-01    3.593750000000e-01
 185   3.593750000000e-01    3.613281250000e-01
 186   3.613281250000e-01    3.632812500000e-01
 187   3.632812500000e-01    3.652343750000e-01
 188   3.652343750000e-01    3.671875000000e-01
 189   3.671875000000e-01    3.691406250000e-01
 190   3.691406250000e-01    3.710937500000e-01
 191   3.710937500000e-01    3.730468750000e-01
 192   3.730468750000e-01    3.750000000000e-01
 193   3.750000000000e-01    3.769531250000e-01
 194   3.769531250000e-01    3.789062500000e-01
 195   3.789062500000e-01    3.808593750000e-01
 196   3.808593750000e-01    3.828125000000e-01
 197   3.828125000000e-01    3.847656250000e-01
 198   3.847656250000e-01    3.867187500000e-01
 199   3.867187500000e-01    3.886718750000e-01
 200   3.886718750000e-01    3.906250000000e-01
 201   3.906250000000e-01    3.925781250000e-01
 202   3.925781250000e-01    3.945312500000e-01
 203   3.945312500000e-01    3.964843750000e-01
 204   3.964843750000e-01    3.984375000000e-01
 205   3.984375000000e-01    4.003906250000e-01
 206   4.003906250000e-01    4.023437500000e-01
 207   4.023437500000e-01    4.042968750000e-01
 208   4.042968750000e-01    4.062500000000e-01
 209   4.062500000000e-01    4.082031250000e-01
 210   4.082031250000e-01    4.101562500000e-01
 211   4.101562500000e-01    4.121093750000e-01
 212   4.121093750000e-01    4.140625000000e-01
 213   4.140625000000e-01    4.160156250000e-01
 214   4.160156250000e-01    4.179687500000e-01
 215   4.179687500000e-01    4.199218750000e-01
 216   4.199218750000e-01    4.218750000000e-01
 217   4.218750000000e-01    4.238281250000e-01
 218   4.238281250000e-01    4.257812500000e-01
 219   4.257812500000e-01    4.277343750000e-01
 220   4.277343750000e-01    4.296875000000e-01
 221   4.296875000000e-01    4.316406250000e-01
 222   4.316406250000e-01    4.335937500000e-01
 223   4.335937500000e-01    4.355468750000e-01
 224   4.355468750000e-01    4.375000000000e-01
 225   4.375000000000e-01    4.394531250000e-01
 226   4.394531250000e-01    4.414062500000e-01
 227   4.414062500000e-01    4.433593750000e-01
 228   4.433593750000e-01    4.453125000000e-01
 229   4.453125000000e-01    4.472656250000e-01
 230   4.472656250000e-01    4.492187500000e-01
 231   4.492187500000e-01    4.511718750000e-01
 232   4.511718750000e-01    4.531250000000e-01
 233   4.531250000000e-01    4.550781250000e-01
 234   4.550781250000e-01    4.570312500000e-01
 235   4.570312500000e-01    4.589843750000e-01
 236   4.589843750000e-01    4.609375000000e-01
 237   4.609375000000e-01    4.628906250000e-01
 238   4.628906250000e-01    4.648437500000e-01
 239   4.648437500000e-01    4.667968750000e-01
 240   4.667968750000e-01    4.687500000000e-01
 241   4.687500000000e-01    4.707031250000e-01
 242   4.707031250000e-01    4.726562500000e-01
 243   4.726562500000e-01    4.746093750000e-01
 244   4.746093750000e-01    4.765625000000e-01
 245   4.765625000000e-01    4.785156250000e-01
 246   4.785156250000e-01    4.804687500000e-01
 247   4.804687500000e-01    4.824218750000e-01
 248   4.824218750000e-01    4.843750000000e-01
 249   4.843750000000e-01    4.863281250000e-01
 250   4.863281250000e-01    4.882812500000e-01
 251   4.882812500000e-01    4.902343750000e-01
 252   4.902343750000e-01    4.921875000000e-01
 253   4.921875000000e-01    4.941406250000e-01
 254   4.941406250000e-01    4.960937500000e-01
 255   4.960937500000e-01    4.980468750000e-01
 256   4.980468750000e-01    5.000000000000e-01
 257   5.000000000000e-01    5.019531250000e-01
 258   5.019531250000e-01    5.039062500000e-01
 259   5.039062500000e-01    5.058593750000e-01
 260   5.058593750000e-01    5.078125000000e-01
 261   5.078125000000e-01    5.097656250000e-01
 262   5.097656250000e-01    5.117187500000e-01
 263   5.117187500000e-01    5.136718750000e-01
 264   5.136718750000e-01    5.156250000000e-01
 265   5.156250000000e-01    5.175781250000e-01
 266   5.175781250000e-01    5.195312500000e-01
 267   5.195312500000e-01    5.214843750000e-01
 268   5.214843750000e-01    5.234375000000e-01
 269   5.234375000000e-01    5.253906250000e-01
 270   5.253906250000e-01    5.273437500000e-01
 271   5.273437500000e-01    5.292968750000e-01
 272   5.292968750000e-01    5.312500000000e-01
 273   5.312500000000e-01    5.332031250000e-01
 274   5.332031250000e-01    5.351562500000e-01
 275   5.351562500000e-01    5.371093750000e-01
 276   5.371093750000e-01    5.390625000000e-01
 277   5.390625000000e-01    5.410156250000e-01
 278   5.410156250000e-01    5.429687500000e-01
 279   5.429687500000e-01    5.449218750000e-01
 280   5.449218750000e-01    5.468750000000e-01
 281   5.468750000000e-01    5.488281250000e-01
 282   5.488281250000e-01    5.507812500000e-01
 283   5.507812500000e-01    5.527343750000e-01
 284   5.527343750000e-01    5.546875000000e-01
 285   5.546875000000e-01    5.566406250000e-01
 286   5.566406250000e-01    5.585937500000e-01
 287   5.585937500000e-01    5.605468750000e-01
 288   5.605468750000e-01    5.625000000000e-01
 289   5.625000000000e-01    5.644531250000e-01
 290   5.644531250000e-01    5.664062500000e-01
 291   5.664062500000e-01    5.683593750000e-01
 292   5.683593750000e-01    5.703125000000e-01
 293   5.703125000000e-01    5.722656250000e-01
 294   5.722656250000e-01    5.742187500000e-01
 295   5.742187500000e-01    5.761718750000e-01
 296   5.761718750000e-01    5.781250000000e-01
 297   5.781250000000e-01    5.800781250000e-01
 298   5.800781250000e-01    5.820312500000e-01
 299   5.820312500000e-01    5.839843750000e-01
 300   5.839843750000e-01    5.859375000000e-01
 301   5.859375000000e-01    5.878906250000e-01
 302   5.878906250000e-01    5.898437500000e-01
 303   5.898437500000e-01    5.917968750000e-01
 304   5.917968750000e-01    5.937500000000e-01
 305   5.937500000000e-01    5.957031250000e-01
 306   5.957031250000e-01    5.976562500000e-01
 307   5.976562500000e-01    5.996093750000e-01
 308   5.996093750000e-01    6.015625000000e-01
 309   6.015625000000e-01    6.035156250000e-01
 310   6.035156250000e-01    6.054687500000e-01
 311   6.054687500000e-01    6.074218750000e-01
 312   6.074218750000e-01    6.093750000000e-01
 313   6.093750000000e-01    6.113281250000e-01
 314   6.113281250000e-01    6.132812500000e-01
 315   6.132812500000e-01    6.152343750000e-01
 316   6.152343750000e-01    6.171875000000e-01
 317   6.171875000000e-01    6.191406250000e-01
 318   6.191406250000e-01    6.210937500000e-01
 319   6.210937500000e-01    6.230468750000e-01
 320   6.230468750000e-01    6.250000000000e-01
 321   6.250000000000e-01    6.269531250000e-01
 322   6.269531250000e-01    6.289062500000e-01
 323   6.289062500000e-01    6.308593750000e-01
 324   6.308593750000e-01    6.328125000000e-01
 325   6.328125000000e-01    6.347656250000e-01
 326   6.347656250000e-01    6.367187500000e-01
 327   6.367187500000e-01    6.386718750000e-01
 328   6.386718750000e-01    6.406250000000e-01
 329   6.406250000000e-01    6.425781250000e-01
 330   6.425781250000e-01    6.445312500000e-01
 331   6.445312500000e-01    6.464843750000e-01
 332   6.464843750000e-01    6.484375000000e-01
 333   6.484375000000e-01    6.503906250000e-01
 334   6.503906250000e-01    6.523437500000e-01
 335   6.523437500000e-01    6.542968750000e-01
 336   6.542968750000e-01    6.562500000000e-01
 337   6.562500000000e-01    6.582031250000e-01
 338   6.582031250000e-01    6.601562500000e-01
 339   6.601562500000e-01    6.621093750000e-01
 340   6.621093750000e-01    6.640625000000e-01
 341   6.640625000000e-01    6.660156250000e-01
 342   6.660156250000e-01    6.679687500000e-01
 343   6.679687500000e-01    6.699218750000e-01
 344   6.699218750000e-01    6.718750000000e-01
 345   6.718750000000e-01    6.738281250000e-01
 346   6.738281250000e-01    6.757812500000e-01
 347   6.757812500000e-01    6.777343750000e-01
 348   6.777343750000e-01    6.796875000000e-01
 349   6.796875000000e-01    6.816406250000e-01
 350   6.816406250000e-01    6.835937500000e-01
 351   6.835937500000e-01    6.855468750000e-01
 352   6.855468750000e-01    6.875000000000e-01
 353   6.875000000000e-01    6.894531250000e-01
 354   6.894531250000e-01    6.914062500000e-01
 355   6.914062500000e-01    6.933593750000e-01
 356   6.933593750000e-01    6.953125000000e-01
 357   6.953125000000e-01    6.972656250000e-01
 358   6.972656250000e-01    6.992187500000e-01
 359   6.992187500000e-01    7.011718750000e-01
 360   7.011718750000e-01    7.031250000000e-01
 361   7.031250000000e-01    7.050781250000e-01
 362   7.050781250000e-01    7.070312500000e-01
 363   7.070312500000e-01    7.089843750000e-01
 364   7.089843750000e-01    7.109375000000e-01
 365   7.109375000000e-01    7.128906250000e-01
 366   7.128906250000e-01    7.148437500000e-01
 367   7.148437500000e-01    7.167968750000e-01
 368   7.167968750000e-01    7.187500000000e-01
 369   7.187500000000e-01    7.207031250000e-01
 370   7.207031250000e-01    7.226562500000e-01
 371   7.226562500000e-01    7.246093750000e-01
 372   7.246093750000e-01    7.265625000000e-01
 373   7.265625000000e-01    7.285156250000e-01
 374   7.285156250000e-01    7.304687500000e-01
 375   7.304687500000e-01    7.324218750000e-01
 376   7.324218750000e-01    7.343750000000e-01
 377   7.343750000000e-01    7.363281250000e-01
 378   7.363281250000e-01    7.382812500000e-01
 379   7.382812500000e-01    7.402343750000e-01
 380   7.402343750000e-01    7.421875000000e-01
 381   7.421875000000e-01    7.441406250000e-01
 382   7.441406250000e-01    7.460937500000e-01
 383   7.460937500000e-01    7.480468750000e-01
 384   7.480468750000e-01    7.500000000000e-01
 385   7.500000000000e-01    7.519531250000e-01
 386   7.519531250000e-01    7.539062500000e-01
 387   7.539062500000e-01    7.558593750000e-01
 388   7.558593750000e-01    7.578125000000e-01
 389   7.578125000000e-01    7.597656250000e-01
 390   7.597656250000e-01    7.617187500000e-01
 391   7.617187500000e-01    7.636718750000e-01
 392   7.636718750000e-01    7.656250000000e-01
 393   7.656250000000e-01    7.675781250000e-01
 394   7.675781250000e-01    7.695312500000e-01
 395   7.695312500000e-01    7.714843750000e-01
 396   7.714843750000e-01    7.734375000000e-01
 397   7.734375000000e-01    7.753906250000e-01
 398   7.753906250000e-01    7.773437500000e-01
 399   7.773437500000e-01    7.792968750000e-01
 400   7.792968750000e-01    7.812500000000e-01
 401   7.812500000000e-01    7.832031250000e-01
 402   7.832031250000e-01    7.851562500000e-01
 403   7.851562500000e-01    7.871093750000e-01
 404   7.871093750000e-01    7.890625000000e-01
 405   7.890625000000e-01    7.910156250000e-01
 406   7.910156250000e-01    7.929687500000e-01
 407   7.929687500000e-01    7.949218750000e-01
 408   7.949218750000e-01    7.968750000000e-01
 409   7.968750000000e-01    7.988281250000e-01
 410   7.988281250000e-01    8.007812500000e-01
 411   8.007812500000e-01    8.027343750000e-01
 412   8.027343750000e-01    8.046875000000e-01
 413   8.046875000000e-01    8.066406250000e-01
 414   8.066406250000e-01    8.085937500000e-01
 415   8.085937500000e-01    8.105468750000e-01
 416   8.105468750000e-01    8.125000000000e-01
 417   8.125000000000e-01    8.144531250000e-01
 418   8.144531250000e-01    8.164062500000e-01
 419   8.164062500000e-01    8.183593750000e-01
 420   8.183593750000e-01    8.203125000000e-01
 421   8.203125000000e-01    8.222656250000e-01
 422   8.222656250000e-01    8.242187500000e-01
 423   8.242187500000e-01    8.261718750000e-01
 424   8.261718750000e-01    8.281250000000e-01
 425   8.281250000000e-01    8.300781250000e-01
 426   8.300781250000e-01    8.320312500000e-01
 427   8.320312500000e-01    8.339843750000e-01
 428   8.339843750000e-01    8.359375000000e-01
 429   8.359375000000e-01    8.378906250000e-01
 430   8.378906250000e-01    8.398437500000e-01
 431   8.398437500000e-01    8.417968750000e-01
 432   8.417968750000e-01    8.437500000000e-01
 433   8.437500000000e-01    8.457031250000e-01
 434   8.457031250000e-01    8.476562500000e-01
 435   8.476562500000e-01    8.496093750000e-01
 436   8.496093750000e-01    8.515625000000e-01
 437   8.515625000000e-01    8.535156250000e-01
 438   8.535156250000e-01    8.554687500000e-01
 439   8.554687500000e-01    8.574218750000e-01
 440   8.574218750000e-01    8.593750000000e-01
 441   8.593750000000e-01    8.613281250000e-01
 442   8.613281250000e-01    8.632812500000e-01
 443   8.632812500000e-01    8.652343750000e-01
 444   8.652343750000e-01    8.671875000000e-01
 445   8.671875000000e-01    8.691406250000e-01
 446   8.691406250000e-01    8.710937500000e-01
 447   8.710937500000e-01    8.730468750000e-01
 448   8.730468750000e-01    8.750000000000e-01
 449   8.750000000000e-01    8.769531250000e-01
 450   8.769531250000e-01    8.789062500000e-01
 451   8.789062500000e-01    8.808593750000e-01
 452   8.808593750000e-01    8.828125000000e-01
 453   8.828125000000e-01    8.847656250000e-01
 454   8.847656250000e-01    8.867187500000e-01
 455   8.867187500000e-01    8.886718750000e-01
 456   8.886718750000e-01    8.906250000000e-01
 457   8.906250000000e-01    8.925781250000e-01
 458   8.925781250000e-01    8.945312500000e-01
 459   8.945312500000e-01    8.964843750000e-01
 460   8.964843750000e-01    8.984375000000e-01
 461   8.984375000000e-01    9.003906250000e-01
 462   9.003906250000e-01    9.023437500000e-01
 463   9.023437500000e-01    9.042968750000e-01
 464   9.042968750000e-01    9.062500000000e-01
 465   9.062500000000e-01    9.082031250000e-01
 466   9.082031250000e-01    9.101562500000e-01
 467   9.101562500000e-01    9.121093750000e-01
 468   9.121093750000e-01    9.140625000000e-01
 469   9.140625000000e-01    9.160156250000e-01
 470   9.160156250000e-01    9.179687500000e-01
 471   9.179687500000e-01    9.199218750000e-01
 472   9.199218750000e-01    9.218750000000e-01
 473   9.218750000000e-01    9.238281250000e-01
 474   9.238281250000e-01    9.257812500000e-01
 475   9.257812500000e-01    9.277343750000e-01
 476   9.277343750000e-01    9.296875000000e-01
 477   9.296875000000e-01    9.316406250000e-01
 478   9.316406250000e-01    9.335937500000e-01
 479   9.335937500000e-01    9.355468750000e-01
 480   9.355468750000e-01    9.375000000000e-01
 481   9.375000000000e-01    9.394531250000e-01
 482   9.394531250000e-01    9.414062500000e-01
 483   9.414062500000e-01    9.433593750000e-01
 484   9.433593750000e-01    9.453125000000e-01
 485   9.453125000000e-01    9.472656250000e-01
 486   9.472656250000e-01    9.492187500000e-01
 487   9.492187500000e-01    9.511718750000e-01
 488   9.511718750000e-01    9.531250000000e-01
 489   9.531250000000e-01    9.550781250000e-01
 490   9.550781250000e-01    9.570312500000e-01
 491   9.570312500000e-01    9.589843750000e-01
 492   9.589843750000e-01    9.609375000000e-01
 493   9.609375000000e-01    9.628906250000e-01
 494   9.628906250000e-01    9.648437500000e-01
 495   9.648437500000e-01    9.667968750000e-01
 496   9.667968750000e-01    9.687500000000e-01
 497   9.687500000000e-01    9.707031250000e-01
 498   9.707031250000e-01    9.726562500000e-01
 499   9.726562500000e-01    9.746093750000e-01
 500   9.746093750000e-01    9.765625000000e-01
 501   9.765625000000e-01    9.785156250000e-01
 502   9.785156250000e-01    9.804687500000e-01
 503   9.804687500000e-01    9.824218750000e-01
 504   9.824218750000e-01    9.843750000000e-01
 505   9.843750000000e-01    9.863281250000e-01
 506   9.863281250000e-01    9.882812500000e-01
 507   9.882812500000e-01    9.902343750000e-01
 508   9.902343750000e-01    9.921875000000e-01
 509   9.921875000000e-01    9.941406250000e-01
 510   9.941406250000e-01    9.960937500000e-01
 511   9.960937500000e-01    9.980468750000e-01
 512   9.980468750000e-01    1.000000000000e+00
1 
 1   0.000000000000e+00    1.000000000000e+00
