

   ___  __   __  ____________   
  / _ \/ /  / / / /_  __/ __ \ 
 / ___/ /__/ /_/ / / / / /_/ /  
/_/  /____/\____/ /_/  \____/   
=============================    v. 4.3  

> System:

  sysconf.out file not found... 

  - Basic data type:
    o sizeof (char)     = 1
    o sizeof (uchar)    = 1
    o sizeof (short)    = 2
    o sizeof (ushort)   = 2
    o sizeof (int)      = 4
    o sizeof (long)     = 8
    o sizeof (*int)     = 8
    o sizeof (float)    = 4
    o sizeof (double)   = 8
    o sizeof (*double)  = 8

  - Structure data type:
    o sizeof (CMD_LINE)   = 60
    o sizeof (Data)       = 272
    o sizeof (Grid)       = 1048
    o sizeof (FLOAT_VECT) = 12
    o sizeof (IMAGE)      = 856
    o sizeof (OUTPUT)     = 1768
    o sizeof (RGB)        = 3
    o sizeof (RUNTIME)    = 46944
    o sizeof (RESTART)    = 128
    o sizeof (TIME_STEP)  = 128
    o sizeof (RBOX)       = 112
    o sizeof (State)      = 128
    o sizeof (Sweep)      = 512

> Local time:       Thu Apr 23 18:48:33 2020

> Cmd line args:    

> Header configuration:

  PHYSICS:          HD
  DIMENSIONS:       2
  COMPONENTS:       2
  GEOMETRY:         Cylindrical
  BODY_FORCE:       NO
  RECONSTRUCTION:   Linear TVD (Primitive lim)
  TRACERS:          2
  VARIABLES:        6
  ENTROPY_SWITCH:   NO
  LOADED MODULES:

  ROTATION:         NO
  EOS:              Ideal
  TIME STEPPING:    Characteristic Tracing
  DIM. SPLITTING:   No

> Runtime configuration (pluto.ini):

  +----------------------------------------------------------
  | [Grid]
  | 
  | X1-grid    1   0.0    128   u    5.0
  | X2-grid    1   0.0    128   u    5.0
  | X3-grid    1   0.0    1      u    1.0
  | 
  | [Chombo Refinement]
  | 
  | Levels           4
  | Ref_ratio        2 2 2 2 2 
  | Regrid_interval  2 2 2 2 
  | Refine_thresh    0.3
  | Tag_buffer_size  3
  | Block_factor     4
  | Max_grid_size    32
  | Fill_ratio       0.75
  | 
  | [Time]
  | 
  | CFL              0.4
  | CFL_max_var      1.1
  | tstop            1
  | first_dt         1.e-9
  | 
  | [Solver]
  | 
  | Solver         roe
  | 
  | [Boundary]
  | 
  | X1-beg        axisymmetric
  | X1-end        outflow
  | X2-beg        reflective
  | X2-end        outflow
  | X3-beg        outflow
  | X3-end        outflow
  | 
  | [Static Grid Output]
  | 
  | uservar    0
  | dbl        0.1  -1   single_file
  | flt       -1.0  -1   single_file
  | vtk       -1.0  -1   single_file
  | tab       -1.0  -1   
  | ppm       -1.0  -1   
  | png       -1.0  -1
  | log        100
  | analysis  -1.0  -1
  | 
  | [Chombo HDF5 output]
  | 
  | Checkpoint_interval  -1.0  0
  | Plot_interval         1.0  0 
  | 
  | [Parameters]
  | 
  | ENRG0                       1.0  
  | DNST0                       1.0  
  | GAMMA                       1.4  
  +---------------------------------------------------------

> Generating grid...

  Global grid:
  X1: [   0.0000,   5.0000],    128 point(s), 2 ghosts
  X2: [   0.0000,   5.0000],    128 point(s), 2 ghosts

  Local grid:
  X1: [   0.0000,   5.0000],    128 point(s); 2 ghosts; Active zones = [2, 129]
  X2: [   3.7500,   5.0000],     32 point(s); 2 ghosts; Active zones = [2, 33]

> Memory allocation
> Assigning initial conditions (Startup) ...
> Normalization Units:

  [Density]:      1.673e-24 (gr/cm^3), 1.000e+00 (1/cm^3)
  [Pressure]:     1.673e-08 (dyne/cm^2)
  [Velocity]:     1.000e+08 (cm/s)
  [Length]:       3.086e+18 (cm)
  [Temperature]:  1.203e+08 X (p/rho*mu) (K)
  [Time]:         3.086e+10 (sec), 9.785e+02 (yrs) 
 
> Number of processors: 4
> Proc size:            128 X 32
> Parallel Directions:  X1/X2
> Writing file #0 (dbl) to disk...
> Starting computation... 

step:0; t = 0.0000e+00; dt = 1.0000e-09; 0.0 %
        [Mach = 29.310696]
step:100; t = 1.3780e-04; dt = 1.3781e-05; 0.0 %
          [Mach = 29.297102]
> Writing file #1 (dbl) to disk...
step:200; t = 1.3525e-01; dt = 2.4003e-03; 13.5 %
          [Mach = 51.114404]
> Writing file #2 (dbl) to disk...
> Writing file #3 (dbl) to disk...
step:300; t = 3.7970e-01; dt = 2.4520e-03; 38.0 %
          [Mach = 108.756149]
> Writing file #4 (dbl) to disk...
> Writing file #5 (dbl) to disk...
> Writing file #6 (dbl) to disk...
step:400; t = 6.3844e-01; dt = 2.7565e-03; 63.8 %
          [Mach = 545.803720]
> Writing file #7 (dbl) to disk...
> Writing file #8 (dbl) to disk...
> Writing file #9 (dbl) to disk...
step:500; t = 9.4346e-01; dt = 3.3374e-03; 94.3 %
          [Mach = 20453.314736]
> Writing file #10 (dbl) to disk...

> Total allocated memory    2.54 Mb (proc #3)
> Elapsed time              0d:0h:0m:18s
> Average time/step         3.48e-02  (sec)  
> Local time                Thu Apr 23 18:48:51 2020
> Done
