# ******************************************************
# PLUTO 4.3 Grid File
# Generated on  Tue Apr  7 01:25:32 2020
# 
# DIMENSIONS: 2
# GEOMETRY:   CYLINDRICAL
# X1: [ 0.000000,  5.000000], 128 point(s), 2 ghosts
# X2: [ 0.000000,  5.000000], 128 point(s), 2 ghosts
# ******************************************************
128 
 1   0.000000000000e+00    3.906250000000e-02
 2   3.906250000000e-02    7.812500000000e-02
 3   7.812500000000e-02    1.171875000000e-01
 4   1.171875000000e-01    1.562500000000e-01
 5   1.562500000000e-01    1.953125000000e-01
 6   1.953125000000e-01    2.343750000000e-01
 7   2.343750000000e-01    2.734375000000e-01
 8   2.734375000000e-01    3.125000000000e-01
 9   3.125000000000e-01    3.515625000000e-01
 10   3.515625000000e-01    3.906250000000e-01
 11   3.906250000000e-01    4.296875000000e-01
 12   4.296875000000e-01    4.687500000000e-01
 13   4.687500000000e-01    5.078125000000e-01
 14   5.078125000000e-01    5.468750000000e-01
 15   5.468750000000e-01    5.859375000000e-01
 16   5.859375000000e-01    6.250000000000e-01
 17   6.250000000000e-01    6.640625000000e-01
 18   6.640625000000e-01    7.031250000000e-01
 19   7.031250000000e-01    7.421875000000e-01
 20   7.421875000000e-01    7.812500000000e-01
 21   7.812500000000e-01    8.203125000000e-01
 22   8.203125000000e-01    8.593750000000e-01
 23   8.593750000000e-01    8.984375000000e-01
 24   8.984375000000e-01    9.375000000000e-01
 25   9.375000000000e-01    9.765625000000e-01
 26   9.765625000000e-01    1.015625000000e+00
 27   1.015625000000e+00    1.054687500000e+00
 28   1.054687500000e+00    1.093750000000e+00
 29   1.093750000000e+00    1.132812500000e+00
 30   1.132812500000e+00    1.171875000000e+00
 31   1.171875000000e+00    1.210937500000e+00
 32   1.210937500000e+00    1.250000000000e+00
 33   1.250000000000e+00    1.289062500000e+00
 34   1.289062500000e+00    1.328125000000e+00
 35   1.328125000000e+00    1.367187500000e+00
 36   1.367187500000e+00    1.406250000000e+00
 37   1.406250000000e+00    1.445312500000e+00
 38   1.445312500000e+00    1.484375000000e+00
 39   1.484375000000e+00    1.523437500000e+00
 40   1.523437500000e+00    1.562500000000e+00
 41   1.562500000000e+00    1.601562500000e+00
 42   1.601562500000e+00    1.640625000000e+00
 43   1.640625000000e+00    1.679687500000e+00
 44   1.679687500000e+00    1.718750000000e+00
 45   1.718750000000e+00    1.757812500000e+00
 46   1.757812500000e+00    1.796875000000e+00
 47   1.796875000000e+00    1.835937500000e+00
 48   1.835937500000e+00    1.875000000000e+00
 49   1.875000000000e+00    1.914062500000e+00
 50   1.914062500000e+00    1.953125000000e+00
 51   1.953125000000e+00    1.992187500000e+00
 52   1.992187500000e+00    2.031250000000e+00
 53   2.031250000000e+00    2.070312500000e+00
 54   2.070312500000e+00    2.109375000000e+00
 55   2.109375000000e+00    2.148437500000e+00
 56   2.148437500000e+00    2.187500000000e+00
 57   2.187500000000e+00    2.226562500000e+00
 58   2.226562500000e+00    2.265625000000e+00
 59   2.265625000000e+00    2.304687500000e+00
 60   2.304687500000e+00    2.343750000000e+00
 61   2.343750000000e+00    2.382812500000e+00
 62   2.382812500000e+00    2.421875000000e+00
 63   2.421875000000e+00    2.460937500000e+00
 64   2.460937500000e+00    2.500000000000e+00
 65   2.500000000000e+00    2.539062500000e+00
 66   2.539062500000e+00    2.578125000000e+00
 67   2.578125000000e+00    2.617187500000e+00
 68   2.617187500000e+00    2.656250000000e+00
 69   2.656250000000e+00    2.695312500000e+00
 70   2.695312500000e+00    2.734375000000e+00
 71   2.734375000000e+00    2.773437500000e+00
 72   2.773437500000e+00    2.812500000000e+00
 73   2.812500000000e+00    2.851562500000e+00
 74   2.851562500000e+00    2.890625000000e+00
 75   2.890625000000e+00    2.929687500000e+00
 76   2.929687500000e+00    2.968750000000e+00
 77   2.968750000000e+00    3.007812500000e+00
 78   3.007812500000e+00    3.046875000000e+00
 79   3.046875000000e+00    3.085937500000e+00
 80   3.085937500000e+00    3.125000000000e+00
 81   3.125000000000e+00    3.164062500000e+00
 82   3.164062500000e+00    3.203125000000e+00
 83   3.203125000000e+00    3.242187500000e+00
 84   3.242187500000e+00    3.281250000000e+00
 85   3.281250000000e+00    3.320312500000e+00
 86   3.320312500000e+00    3.359375000000e+00
 87   3.359375000000e+00    3.398437500000e+00
 88   3.398437500000e+00    3.437500000000e+00
 89   3.437500000000e+00    3.476562500000e+00
 90   3.476562500000e+00    3.515625000000e+00
 91   3.515625000000e+00    3.554687500000e+00
 92   3.554687500000e+00    3.593750000000e+00
 93   3.593750000000e+00    3.632812500000e+00
 94   3.632812500000e+00    3.671875000000e+00
 95   3.671875000000e+00    3.710937500000e+00
 96   3.710937500000e+00    3.750000000000e+00
 97   3.750000000000e+00    3.789062500000e+00
 98   3.789062500000e+00    3.828125000000e+00
 99   3.828125000000e+00    3.867187500000e+00
 100   3.867187500000e+00    3.906250000000e+00
 101   3.906250000000e+00    3.945312500000e+00
 102   3.945312500000e+00    3.984375000000e+00
 103   3.984375000000e+00    4.023437500000e+00
 104   4.023437500000e+00    4.062500000000e+00
 105   4.062500000000e+00    4.101562500000e+00
 106   4.101562500000e+00    4.140625000000e+00
 107   4.140625000000e+00    4.179687500000e+00
 108   4.179687500000e+00    4.218750000000e+00
 109   4.218750000000e+00    4.257812500000e+00
 110   4.257812500000e+00    4.296875000000e+00
 111   4.296875000000e+00    4.335937500000e+00
 112   4.335937500000e+00    4.375000000000e+00
 113   4.375000000000e+00    4.414062500000e+00
 114   4.414062500000e+00    4.453125000000e+00
 115   4.453125000000e+00    4.492187500000e+00
 116   4.492187500000e+00    4.531250000000e+00
 117   4.531250000000e+00    4.570312500000e+00
 118   4.570312500000e+00    4.609375000000e+00
 119   4.609375000000e+00    4.648437500000e+00
 120   4.648437500000e+00    4.687500000000e+00
 121   4.687500000000e+00    4.726562500000e+00
 122   4.726562500000e+00    4.765625000000e+00
 123   4.765625000000e+00    4.804687500000e+00
 124   4.804687500000e+00    4.843750000000e+00
 125   4.843750000000e+00    4.882812500000e+00
 126   4.882812500000e+00    4.921875000000e+00
 127   4.921875000000e+00    4.960937500000e+00
 128   4.960937500000e+00    5.000000000000e+00
128 
 1   0.000000000000e+00    3.906250000000e-02
 2   3.906250000000e-02    7.812500000000e-02
 3   7.812500000000e-02    1.171875000000e-01
 4   1.171875000000e-01    1.562500000000e-01
 5   1.562500000000e-01    1.953125000000e-01
 6   1.953125000000e-01    2.343750000000e-01
 7   2.343750000000e-01    2.734375000000e-01
 8   2.734375000000e-01    3.125000000000e-01
 9   3.125000000000e-01    3.515625000000e-01
 10   3.515625000000e-01    3.906250000000e-01
 11   3.906250000000e-01    4.296875000000e-01
 12   4.296875000000e-01    4.687500000000e-01
 13   4.687500000000e-01    5.078125000000e-01
 14   5.078125000000e-01    5.468750000000e-01
 15   5.468750000000e-01    5.859375000000e-01
 16   5.859375000000e-01    6.250000000000e-01
 17   6.250000000000e-01    6.640625000000e-01
 18   6.640625000000e-01    7.031250000000e-01
 19   7.031250000000e-01    7.421875000000e-01
 20   7.421875000000e-01    7.812500000000e-01
 21   7.812500000000e-01    8.203125000000e-01
 22   8.203125000000e-01    8.593750000000e-01
 23   8.593750000000e-01    8.984375000000e-01
 24   8.984375000000e-01    9.375000000000e-01
 25   9.375000000000e-01    9.765625000000e-01
 26   9.765625000000e-01    1.015625000000e+00
 27   1.015625000000e+00    1.054687500000e+00
 28   1.054687500000e+00    1.093750000000e+00
 29   1.093750000000e+00    1.132812500000e+00
 30   1.132812500000e+00    1.171875000000e+00
 31   1.171875000000e+00    1.210937500000e+00
 32   1.210937500000e+00    1.250000000000e+00
 33   1.250000000000e+00    1.289062500000e+00
 34   1.289062500000e+00    1.328125000000e+00
 35   1.328125000000e+00    1.367187500000e+00
 36   1.367187500000e+00    1.406250000000e+00
 37   1.406250000000e+00    1.445312500000e+00
 38   1.445312500000e+00    1.484375000000e+00
 39   1.484375000000e+00    1.523437500000e+00
 40   1.523437500000e+00    1.562500000000e+00
 41   1.562500000000e+00    1.601562500000e+00
 42   1.601562500000e+00    1.640625000000e+00
 43   1.640625000000e+00    1.679687500000e+00
 44   1.679687500000e+00    1.718750000000e+00
 45   1.718750000000e+00    1.757812500000e+00
 46   1.757812500000e+00    1.796875000000e+00
 47   1.796875000000e+00    1.835937500000e+00
 48   1.835937500000e+00    1.875000000000e+00
 49   1.875000000000e+00    1.914062500000e+00
 50   1.914062500000e+00    1.953125000000e+00
 51   1.953125000000e+00    1.992187500000e+00
 52   1.992187500000e+00    2.031250000000e+00
 53   2.031250000000e+00    2.070312500000e+00
 54   2.070312500000e+00    2.109375000000e+00
 55   2.109375000000e+00    2.148437500000e+00
 56   2.148437500000e+00    2.187500000000e+00
 57   2.187500000000e+00    2.226562500000e+00
 58   2.226562500000e+00    2.265625000000e+00
 59   2.265625000000e+00    2.304687500000e+00
 60   2.304687500000e+00    2.343750000000e+00
 61   2.343750000000e+00    2.382812500000e+00
 62   2.382812500000e+00    2.421875000000e+00
 63   2.421875000000e+00    2.460937500000e+00
 64   2.460937500000e+00    2.500000000000e+00
 65   2.500000000000e+00    2.539062500000e+00
 66   2.539062500000e+00    2.578125000000e+00
 67   2.578125000000e+00    2.617187500000e+00
 68   2.617187500000e+00    2.656250000000e+00
 69   2.656250000000e+00    2.695312500000e+00
 70   2.695312500000e+00    2.734375000000e+00
 71   2.734375000000e+00    2.773437500000e+00
 72   2.773437500000e+00    2.812500000000e+00
 73   2.812500000000e+00    2.851562500000e+00
 74   2.851562500000e+00    2.890625000000e+00
 75   2.890625000000e+00    2.929687500000e+00
 76   2.929687500000e+00    2.968750000000e+00
 77   2.968750000000e+00    3.007812500000e+00
 78   3.007812500000e+00    3.046875000000e+00
 79   3.046875000000e+00    3.085937500000e+00
 80   3.085937500000e+00    3.125000000000e+00
 81   3.125000000000e+00    3.164062500000e+00
 82   3.164062500000e+00    3.203125000000e+00
 83   3.203125000000e+00    3.242187500000e+00
 84   3.242187500000e+00    3.281250000000e+00
 85   3.281250000000e+00    3.320312500000e+00
 86   3.320312500000e+00    3.359375000000e+00
 87   3.359375000000e+00    3.398437500000e+00
 88   3.398437500000e+00    3.437500000000e+00
 89   3.437500000000e+00    3.476562500000e+00
 90   3.476562500000e+00    3.515625000000e+00
 91   3.515625000000e+00    3.554687500000e+00
 92   3.554687500000e+00    3.593750000000e+00
 93   3.593750000000e+00    3.632812500000e+00
 94   3.632812500000e+00    3.671875000000e+00
 95   3.671875000000e+00    3.710937500000e+00
 96   3.710937500000e+00    3.750000000000e+00
 97   3.750000000000e+00    3.789062500000e+00
 98   3.789062500000e+00    3.828125000000e+00
 99   3.828125000000e+00    3.867187500000e+00
 100   3.867187500000e+00    3.906250000000e+00
 101   3.906250000000e+00    3.945312500000e+00
 102   3.945312500000e+00    3.984375000000e+00
 103   3.984375000000e+00    4.023437500000e+00
 104   4.023437500000e+00    4.062500000000e+00
 105   4.062500000000e+00    4.101562500000e+00
 106   4.101562500000e+00    4.140625000000e+00
 107   4.140625000000e+00    4.179687500000e+00
 108   4.179687500000e+00    4.218750000000e+00
 109   4.218750000000e+00    4.257812500000e+00
 110   4.257812500000e+00    4.296875000000e+00
 111   4.296875000000e+00    4.335937500000e+00
 112   4.335937500000e+00    4.375000000000e+00
 113   4.375000000000e+00    4.414062500000e+00
 114   4.414062500000e+00    4.453125000000e+00
 115   4.453125000000e+00    4.492187500000e+00
 116   4.492187500000e+00    4.531250000000e+00
 117   4.531250000000e+00    4.570312500000e+00
 118   4.570312500000e+00    4.609375000000e+00
 119   4.609375000000e+00    4.648437500000e+00
 120   4.648437500000e+00    4.687500000000e+00
 121   4.687500000000e+00    4.726562500000e+00
 122   4.726562500000e+00    4.765625000000e+00
 123   4.765625000000e+00    4.804687500000e+00
 124   4.804687500000e+00    4.843750000000e+00
 125   4.843750000000e+00    4.882812500000e+00
 126   4.882812500000e+00    4.921875000000e+00
 127   4.921875000000e+00    4.960937500000e+00
 128   4.960937500000e+00    5.000000000000e+00
1 
 1   0.000000000000e+00    1.000000000000e+00
