# ******************************************************
# PLUTO 4.3 Grid File
# Generated on  Thu Apr 23 20:08:29 2020
# 
# DIMENSIONS: 2
# GEOMETRY:   CYLINDRICAL
# X1: [ 0.000000,  5.000000], 1024 point(s), 2 ghosts
# X2: [ 0.000000,  5.000000], 1024 point(s), 2 ghosts
# ******************************************************
1024 
 1   0.000000000000e+00    4.882812500000e-03
 2   4.882812500000e-03    9.765625000000e-03
 3   9.765625000000e-03    1.464843750000e-02
 4   1.464843750000e-02    1.953125000000e-02
 5   1.953125000000e-02    2.441406250000e-02
 6   2.441406250000e-02    2.929687500000e-02
 7   2.929687500000e-02    3.417968750000e-02
 8   3.417968750000e-02    3.906250000000e-02
 9   3.906250000000e-02    4.394531250000e-02
 10   4.394531250000e-02    4.882812500000e-02
 11   4.882812500000e-02    5.371093750000e-02
 12   5.371093750000e-02    5.859375000000e-02
 13   5.859375000000e-02    6.347656250000e-02
 14   6.347656250000e-02    6.835937500000e-02
 15   6.835937500000e-02    7.324218750000e-02
 16   7.324218750000e-02    7.812500000000e-02
 17   7.812500000000e-02    8.300781250000e-02
 18   8.300781250000e-02    8.789062500000e-02
 19   8.789062500000e-02    9.277343750000e-02
 20   9.277343750000e-02    9.765625000000e-02
 21   9.765625000000e-02    1.025390625000e-01
 22   1.025390625000e-01    1.074218750000e-01
 23   1.074218750000e-01    1.123046875000e-01
 24   1.123046875000e-01    1.171875000000e-01
 25   1.171875000000e-01    1.220703125000e-01
 26   1.220703125000e-01    1.269531250000e-01
 27   1.269531250000e-01    1.318359375000e-01
 28   1.318359375000e-01    1.367187500000e-01
 29   1.367187500000e-01    1.416015625000e-01
 30   1.416015625000e-01    1.464843750000e-01
 31   1.464843750000e-01    1.513671875000e-01
 32   1.513671875000e-01    1.562500000000e-01
 33   1.562500000000e-01    1.611328125000e-01
 34   1.611328125000e-01    1.660156250000e-01
 35   1.660156250000e-01    1.708984375000e-01
 36   1.708984375000e-01    1.757812500000e-01
 37   1.757812500000e-01    1.806640625000e-01
 38   1.806640625000e-01    1.855468750000e-01
 39   1.855468750000e-01    1.904296875000e-01
 40   1.904296875000e-01    1.953125000000e-01
 41   1.953125000000e-01    2.001953125000e-01
 42   2.001953125000e-01    2.050781250000e-01
 43   2.050781250000e-01    2.099609375000e-01
 44   2.099609375000e-01    2.148437500000e-01
 45   2.148437500000e-01    2.197265625000e-01
 46   2.197265625000e-01    2.246093750000e-01
 47   2.246093750000e-01    2.294921875000e-01
 48   2.294921875000e-01    2.343750000000e-01
 49   2.343750000000e-01    2.392578125000e-01
 50   2.392578125000e-01    2.441406250000e-01
 51   2.441406250000e-01    2.490234375000e-01
 52   2.490234375000e-01    2.539062500000e-01
 53   2.539062500000e-01    2.587890625000e-01
 54   2.587890625000e-01    2.636718750000e-01
 55   2.636718750000e-01    2.685546875000e-01
 56   2.685546875000e-01    2.734375000000e-01
 57   2.734375000000e-01    2.783203125000e-01
 58   2.783203125000e-01    2.832031250000e-01
 59   2.832031250000e-01    2.880859375000e-01
 60   2.880859375000e-01    2.929687500000e-01
 61   2.929687500000e-01    2.978515625000e-01
 62   2.978515625000e-01    3.027343750000e-01
 63   3.027343750000e-01    3.076171875000e-01
 64   3.076171875000e-01    3.125000000000e-01
 65   3.125000000000e-01    3.173828125000e-01
 66   3.173828125000e-01    3.222656250000e-01
 67   3.222656250000e-01    3.271484375000e-01
 68   3.271484375000e-01    3.320312500000e-01
 69   3.320312500000e-01    3.369140625000e-01
 70   3.369140625000e-01    3.417968750000e-01
 71   3.417968750000e-01    3.466796875000e-01
 72   3.466796875000e-01    3.515625000000e-01
 73   3.515625000000e-01    3.564453125000e-01
 74   3.564453125000e-01    3.613281250000e-01
 75   3.613281250000e-01    3.662109375000e-01
 76   3.662109375000e-01    3.710937500000e-01
 77   3.710937500000e-01    3.759765625000e-01
 78   3.759765625000e-01    3.808593750000e-01
 79   3.808593750000e-01    3.857421875000e-01
 80   3.857421875000e-01    3.906250000000e-01
 81   3.906250000000e-01    3.955078125000e-01
 82   3.955078125000e-01    4.003906250000e-01
 83   4.003906250000e-01    4.052734375000e-01
 84   4.052734375000e-01    4.101562500000e-01
 85   4.101562500000e-01    4.150390625000e-01
 86   4.150390625000e-01    4.199218750000e-01
 87   4.199218750000e-01    4.248046875000e-01
 88   4.248046875000e-01    4.296875000000e-01
 89   4.296875000000e-01    4.345703125000e-01
 90   4.345703125000e-01    4.394531250000e-01
 91   4.394531250000e-01    4.443359375000e-01
 92   4.443359375000e-01    4.492187500000e-01
 93   4.492187500000e-01    4.541015625000e-01
 94   4.541015625000e-01    4.589843750000e-01
 95   4.589843750000e-01    4.638671875000e-01
 96   4.638671875000e-01    4.687500000000e-01
 97   4.687500000000e-01    4.736328125000e-01
 98   4.736328125000e-01    4.785156250000e-01
 99   4.785156250000e-01    4.833984375000e-01
 100   4.833984375000e-01    4.882812500000e-01
 101   4.882812500000e-01    4.931640625000e-01
 102   4.931640625000e-01    4.980468750000e-01
 103   4.980468750000e-01    5.029296875000e-01
 104   5.029296875000e-01    5.078125000000e-01
 105   5.078125000000e-01    5.126953125000e-01
 106   5.126953125000e-01    5.175781250000e-01
 107   5.175781250000e-01    5.224609375000e-01
 108   5.224609375000e-01    5.273437500000e-01
 109   5.273437500000e-01    5.322265625000e-01
 110   5.322265625000e-01    5.371093750000e-01
 111   5.371093750000e-01    5.419921875000e-01
 112   5.419921875000e-01    5.468750000000e-01
 113   5.468750000000e-01    5.517578125000e-01
 114   5.517578125000e-01    5.566406250000e-01
 115   5.566406250000e-01    5.615234375000e-01
 116   5.615234375000e-01    5.664062500000e-01
 117   5.664062500000e-01    5.712890625000e-01
 118   5.712890625000e-01    5.761718750000e-01
 119   5.761718750000e-01    5.810546875000e-01
 120   5.810546875000e-01    5.859375000000e-01
 121   5.859375000000e-01    5.908203125000e-01
 122   5.908203125000e-01    5.957031250000e-01
 123   5.957031250000e-01    6.005859375000e-01
 124   6.005859375000e-01    6.054687500000e-01
 125   6.054687500000e-01    6.103515625000e-01
 126   6.103515625000e-01    6.152343750000e-01
 127   6.152343750000e-01    6.201171875000e-01
 128   6.201171875000e-01    6.250000000000e-01
 129   6.250000000000e-01    6.298828125000e-01
 130   6.298828125000e-01    6.347656250000e-01
 131   6.347656250000e-01    6.396484375000e-01
 132   6.396484375000e-01    6.445312500000e-01
 133   6.445312500000e-01    6.494140625000e-01
 134   6.494140625000e-01    6.542968750000e-01
 135   6.542968750000e-01    6.591796875000e-01
 136   6.591796875000e-01    6.640625000000e-01
 137   6.640625000000e-01    6.689453125000e-01
 138   6.689453125000e-01    6.738281250000e-01
 139   6.738281250000e-01    6.787109375000e-01
 140   6.787109375000e-01    6.835937500000e-01
 141   6.835937500000e-01    6.884765625000e-01
 142   6.884765625000e-01    6.933593750000e-01
 143   6.933593750000e-01    6.982421875000e-01
 144   6.982421875000e-01    7.031250000000e-01
 145   7.031250000000e-01    7.080078125000e-01
 146   7.080078125000e-01    7.128906250000e-01
 147   7.128906250000e-01    7.177734375000e-01
 148   7.177734375000e-01    7.226562500000e-01
 149   7.226562500000e-01    7.275390625000e-01
 150   7.275390625000e-01    7.324218750000e-01
 151   7.324218750000e-01    7.373046875000e-01
 152   7.373046875000e-01    7.421875000000e-01
 153   7.421875000000e-01    7.470703125000e-01
 154   7.470703125000e-01    7.519531250000e-01
 155   7.519531250000e-01    7.568359375000e-01
 156   7.568359375000e-01    7.617187500000e-01
 157   7.617187500000e-01    7.666015625000e-01
 158   7.666015625000e-01    7.714843750000e-01
 159   7.714843750000e-01    7.763671875000e-01
 160   7.763671875000e-01    7.812500000000e-01
 161   7.812500000000e-01    7.861328125000e-01
 162   7.861328125000e-01    7.910156250000e-01
 163   7.910156250000e-01    7.958984375000e-01
 164   7.958984375000e-01    8.007812500000e-01
 165   8.007812500000e-01    8.056640625000e-01
 166   8.056640625000e-01    8.105468750000e-01
 167   8.105468750000e-01    8.154296875000e-01
 168   8.154296875000e-01    8.203125000000e-01
 169   8.203125000000e-01    8.251953125000e-01
 170   8.251953125000e-01    8.300781250000e-01
 171   8.300781250000e-01    8.349609375000e-01
 172   8.349609375000e-01    8.398437500000e-01
 173   8.398437500000e-01    8.447265625000e-01
 174   8.447265625000e-01    8.496093750000e-01
 175   8.496093750000e-01    8.544921875000e-01
 176   8.544921875000e-01    8.593750000000e-01
 177   8.593750000000e-01    8.642578125000e-01
 178   8.642578125000e-01    8.691406250000e-01
 179   8.691406250000e-01    8.740234375000e-01
 180   8.740234375000e-01    8.789062500000e-01
 181   8.789062500000e-01    8.837890625000e-01
 182   8.837890625000e-01    8.886718750000e-01
 183   8.886718750000e-01    8.935546875000e-01
 184   8.935546875000e-01    8.984375000000e-01
 185   8.984375000000e-01    9.033203125000e-01
 186   9.033203125000e-01    9.082031250000e-01
 187   9.082031250000e-01    9.130859375000e-01
 188   9.130859375000e-01    9.179687500000e-01
 189   9.179687500000e-01    9.228515625000e-01
 190   9.228515625000e-01    9.277343750000e-01
 191   9.277343750000e-01    9.326171875000e-01
 192   9.326171875000e-01    9.375000000000e-01
 193   9.375000000000e-01    9.423828125000e-01
 194   9.423828125000e-01    9.472656250000e-01
 195   9.472656250000e-01    9.521484375000e-01
 196   9.521484375000e-01    9.570312500000e-01
 197   9.570312500000e-01    9.619140625000e-01
 198   9.619140625000e-01    9.667968750000e-01
 199   9.667968750000e-01    9.716796875000e-01
 200   9.716796875000e-01    9.765625000000e-01
 201   9.765625000000e-01    9.814453125000e-01
 202   9.814453125000e-01    9.863281250000e-01
 203   9.863281250000e-01    9.912109375000e-01
 204   9.912109375000e-01    9.960937500000e-01
 205   9.960937500000e-01    1.000976562500e+00
 206   1.000976562500e+00    1.005859375000e+00
 207   1.005859375000e+00    1.010742187500e+00
 208   1.010742187500e+00    1.015625000000e+00
 209   1.015625000000e+00    1.020507812500e+00
 210   1.020507812500e+00    1.025390625000e+00
 211   1.025390625000e+00    1.030273437500e+00
 212   1.030273437500e+00    1.035156250000e+00
 213   1.035156250000e+00    1.040039062500e+00
 214   1.040039062500e+00    1.044921875000e+00
 215   1.044921875000e+00    1.049804687500e+00
 216   1.049804687500e+00    1.054687500000e+00
 217   1.054687500000e+00    1.059570312500e+00
 218   1.059570312500e+00    1.064453125000e+00
 219   1.064453125000e+00    1.069335937500e+00
 220   1.069335937500e+00    1.074218750000e+00
 221   1.074218750000e+00    1.079101562500e+00
 222   1.079101562500e+00    1.083984375000e+00
 223   1.083984375000e+00    1.088867187500e+00
 224   1.088867187500e+00    1.093750000000e+00
 225   1.093750000000e+00    1.098632812500e+00
 226   1.098632812500e+00    1.103515625000e+00
 227   1.103515625000e+00    1.108398437500e+00
 228   1.108398437500e+00    1.113281250000e+00
 229   1.113281250000e+00    1.118164062500e+00
 230   1.118164062500e+00    1.123046875000e+00
 231   1.123046875000e+00    1.127929687500e+00
 232   1.127929687500e+00    1.132812500000e+00
 233   1.132812500000e+00    1.137695312500e+00
 234   1.137695312500e+00    1.142578125000e+00
 235   1.142578125000e+00    1.147460937500e+00
 236   1.147460937500e+00    1.152343750000e+00
 237   1.152343750000e+00    1.157226562500e+00
 238   1.157226562500e+00    1.162109375000e+00
 239   1.162109375000e+00    1.166992187500e+00
 240   1.166992187500e+00    1.171875000000e+00
 241   1.171875000000e+00    1.176757812500e+00
 242   1.176757812500e+00    1.181640625000e+00
 243   1.181640625000e+00    1.186523437500e+00
 244   1.186523437500e+00    1.191406250000e+00
 245   1.191406250000e+00    1.196289062500e+00
 246   1.196289062500e+00    1.201171875000e+00
 247   1.201171875000e+00    1.206054687500e+00
 248   1.206054687500e+00    1.210937500000e+00
 249   1.210937500000e+00    1.215820312500e+00
 250   1.215820312500e+00    1.220703125000e+00
 251   1.220703125000e+00    1.225585937500e+00
 252   1.225585937500e+00    1.230468750000e+00
 253   1.230468750000e+00    1.235351562500e+00
 254   1.235351562500e+00    1.240234375000e+00
 255   1.240234375000e+00    1.245117187500e+00
 256   1.245117187500e+00    1.250000000000e+00
 257   1.250000000000e+00    1.254882812500e+00
 258   1.254882812500e+00    1.259765625000e+00
 259   1.259765625000e+00    1.264648437500e+00
 260   1.264648437500e+00    1.269531250000e+00
 261   1.269531250000e+00    1.274414062500e+00
 262   1.274414062500e+00    1.279296875000e+00
 263   1.279296875000e+00    1.284179687500e+00
 264   1.284179687500e+00    1.289062500000e+00
 265   1.289062500000e+00    1.293945312500e+00
 266   1.293945312500e+00    1.298828125000e+00
 267   1.298828125000e+00    1.303710937500e+00
 268   1.303710937500e+00    1.308593750000e+00
 269   1.308593750000e+00    1.313476562500e+00
 270   1.313476562500e+00    1.318359375000e+00
 271   1.318359375000e+00    1.323242187500e+00
 272   1.323242187500e+00    1.328125000000e+00
 273   1.328125000000e+00    1.333007812500e+00
 274   1.333007812500e+00    1.337890625000e+00
 275   1.337890625000e+00    1.342773437500e+00
 276   1.342773437500e+00    1.347656250000e+00
 277   1.347656250000e+00    1.352539062500e+00
 278   1.352539062500e+00    1.357421875000e+00
 279   1.357421875000e+00    1.362304687500e+00
 280   1.362304687500e+00    1.367187500000e+00
 281   1.367187500000e+00    1.372070312500e+00
 282   1.372070312500e+00    1.376953125000e+00
 283   1.376953125000e+00    1.381835937500e+00
 284   1.381835937500e+00    1.386718750000e+00
 285   1.386718750000e+00    1.391601562500e+00
 286   1.391601562500e+00    1.396484375000e+00
 287   1.396484375000e+00    1.401367187500e+00
 288   1.401367187500e+00    1.406250000000e+00
 289   1.406250000000e+00    1.411132812500e+00
 290   1.411132812500e+00    1.416015625000e+00
 291   1.416015625000e+00    1.420898437500e+00
 292   1.420898437500e+00    1.425781250000e+00
 293   1.425781250000e+00    1.430664062500e+00
 294   1.430664062500e+00    1.435546875000e+00
 295   1.435546875000e+00    1.440429687500e+00
 296   1.440429687500e+00    1.445312500000e+00
 297   1.445312500000e+00    1.450195312500e+00
 298   1.450195312500e+00    1.455078125000e+00
 299   1.455078125000e+00    1.459960937500e+00
 300   1.459960937500e+00    1.464843750000e+00
 301   1.464843750000e+00    1.469726562500e+00
 302   1.469726562500e+00    1.474609375000e+00
 303   1.474609375000e+00    1.479492187500e+00
 304   1.479492187500e+00    1.484375000000e+00
 305   1.484375000000e+00    1.489257812500e+00
 306   1.489257812500e+00    1.494140625000e+00
 307   1.494140625000e+00    1.499023437500e+00
 308   1.499023437500e+00    1.503906250000e+00
 309   1.503906250000e+00    1.508789062500e+00
 310   1.508789062500e+00    1.513671875000e+00
 311   1.513671875000e+00    1.518554687500e+00
 312   1.518554687500e+00    1.523437500000e+00
 313   1.523437500000e+00    1.528320312500e+00
 314   1.528320312500e+00    1.533203125000e+00
 315   1.533203125000e+00    1.538085937500e+00
 316   1.538085937500e+00    1.542968750000e+00
 317   1.542968750000e+00    1.547851562500e+00
 318   1.547851562500e+00    1.552734375000e+00
 319   1.552734375000e+00    1.557617187500e+00
 320   1.557617187500e+00    1.562500000000e+00
 321   1.562500000000e+00    1.567382812500e+00
 322   1.567382812500e+00    1.572265625000e+00
 323   1.572265625000e+00    1.577148437500e+00
 324   1.577148437500e+00    1.582031250000e+00
 325   1.582031250000e+00    1.586914062500e+00
 326   1.586914062500e+00    1.591796875000e+00
 327   1.591796875000e+00    1.596679687500e+00
 328   1.596679687500e+00    1.601562500000e+00
 329   1.601562500000e+00    1.606445312500e+00
 330   1.606445312500e+00    1.611328125000e+00
 331   1.611328125000e+00    1.616210937500e+00
 332   1.616210937500e+00    1.621093750000e+00
 333   1.621093750000e+00    1.625976562500e+00
 334   1.625976562500e+00    1.630859375000e+00
 335   1.630859375000e+00    1.635742187500e+00
 336   1.635742187500e+00    1.640625000000e+00
 337   1.640625000000e+00    1.645507812500e+00
 338   1.645507812500e+00    1.650390625000e+00
 339   1.650390625000e+00    1.655273437500e+00
 340   1.655273437500e+00    1.660156250000e+00
 341   1.660156250000e+00    1.665039062500e+00
 342   1.665039062500e+00    1.669921875000e+00
 343   1.669921875000e+00    1.674804687500e+00
 344   1.674804687500e+00    1.679687500000e+00
 345   1.679687500000e+00    1.684570312500e+00
 346   1.684570312500e+00    1.689453125000e+00
 347   1.689453125000e+00    1.694335937500e+00
 348   1.694335937500e+00    1.699218750000e+00
 349   1.699218750000e+00    1.704101562500e+00
 350   1.704101562500e+00    1.708984375000e+00
 351   1.708984375000e+00    1.713867187500e+00
 352   1.713867187500e+00    1.718750000000e+00
 353   1.718750000000e+00    1.723632812500e+00
 354   1.723632812500e+00    1.728515625000e+00
 355   1.728515625000e+00    1.733398437500e+00
 356   1.733398437500e+00    1.738281250000e+00
 357   1.738281250000e+00    1.743164062500e+00
 358   1.743164062500e+00    1.748046875000e+00
 359   1.748046875000e+00    1.752929687500e+00
 360   1.752929687500e+00    1.757812500000e+00
 361   1.757812500000e+00    1.762695312500e+00
 362   1.762695312500e+00    1.767578125000e+00
 363   1.767578125000e+00    1.772460937500e+00
 364   1.772460937500e+00    1.777343750000e+00
 365   1.777343750000e+00    1.782226562500e+00
 366   1.782226562500e+00    1.787109375000e+00
 367   1.787109375000e+00    1.791992187500e+00
 368   1.791992187500e+00    1.796875000000e+00
 369   1.796875000000e+00    1.801757812500e+00
 370   1.801757812500e+00    1.806640625000e+00
 371   1.806640625000e+00    1.811523437500e+00
 372   1.811523437500e+00    1.816406250000e+00
 373   1.816406250000e+00    1.821289062500e+00
 374   1.821289062500e+00    1.826171875000e+00
 375   1.826171875000e+00    1.831054687500e+00
 376   1.831054687500e+00    1.835937500000e+00
 377   1.835937500000e+00    1.840820312500e+00
 378   1.840820312500e+00    1.845703125000e+00
 379   1.845703125000e+00    1.850585937500e+00
 380   1.850585937500e+00    1.855468750000e+00
 381   1.855468750000e+00    1.860351562500e+00
 382   1.860351562500e+00    1.865234375000e+00
 383   1.865234375000e+00    1.870117187500e+00
 384   1.870117187500e+00    1.875000000000e+00
 385   1.875000000000e+00    1.879882812500e+00
 386   1.879882812500e+00    1.884765625000e+00
 387   1.884765625000e+00    1.889648437500e+00
 388   1.889648437500e+00    1.894531250000e+00
 389   1.894531250000e+00    1.899414062500e+00
 390   1.899414062500e+00    1.904296875000e+00
 391   1.904296875000e+00    1.909179687500e+00
 392   1.909179687500e+00    1.914062500000e+00
 393   1.914062500000e+00    1.918945312500e+00
 394   1.918945312500e+00    1.923828125000e+00
 395   1.923828125000e+00    1.928710937500e+00
 396   1.928710937500e+00    1.933593750000e+00
 397   1.933593750000e+00    1.938476562500e+00
 398   1.938476562500e+00    1.943359375000e+00
 399   1.943359375000e+00    1.948242187500e+00
 400   1.948242187500e+00    1.953125000000e+00
 401   1.953125000000e+00    1.958007812500e+00
 402   1.958007812500e+00    1.962890625000e+00
 403   1.962890625000e+00    1.967773437500e+00
 404   1.967773437500e+00    1.972656250000e+00
 405   1.972656250000e+00    1.977539062500e+00
 406   1.977539062500e+00    1.982421875000e+00
 407   1.982421875000e+00    1.987304687500e+00
 408   1.987304687500e+00    1.992187500000e+00
 409   1.992187500000e+00    1.997070312500e+00
 410   1.997070312500e+00    2.001953125000e+00
 411   2.001953125000e+00    2.006835937500e+00
 412   2.006835937500e+00    2.011718750000e+00
 413   2.011718750000e+00    2.016601562500e+00
 414   2.016601562500e+00    2.021484375000e+00
 415   2.021484375000e+00    2.026367187500e+00
 416   2.026367187500e+00    2.031250000000e+00
 417   2.031250000000e+00    2.036132812500e+00
 418   2.036132812500e+00    2.041015625000e+00
 419   2.041015625000e+00    2.045898437500e+00
 420   2.045898437500e+00    2.050781250000e+00
 421   2.050781250000e+00    2.055664062500e+00
 422   2.055664062500e+00    2.060546875000e+00
 423   2.060546875000e+00    2.065429687500e+00
 424   2.065429687500e+00    2.070312500000e+00
 425   2.070312500000e+00    2.075195312500e+00
 426   2.075195312500e+00    2.080078125000e+00
 427   2.080078125000e+00    2.084960937500e+00
 428   2.084960937500e+00    2.089843750000e+00
 429   2.089843750000e+00    2.094726562500e+00
 430   2.094726562500e+00    2.099609375000e+00
 431   2.099609375000e+00    2.104492187500e+00
 432   2.104492187500e+00    2.109375000000e+00
 433   2.109375000000e+00    2.114257812500e+00
 434   2.114257812500e+00    2.119140625000e+00
 435   2.119140625000e+00    2.124023437500e+00
 436   2.124023437500e+00    2.128906250000e+00
 437   2.128906250000e+00    2.133789062500e+00
 438   2.133789062500e+00    2.138671875000e+00
 439   2.138671875000e+00    2.143554687500e+00
 440   2.143554687500e+00    2.148437500000e+00
 441   2.148437500000e+00    2.153320312500e+00
 442   2.153320312500e+00    2.158203125000e+00
 443   2.158203125000e+00    2.163085937500e+00
 444   2.163085937500e+00    2.167968750000e+00
 445   2.167968750000e+00    2.172851562500e+00
 446   2.172851562500e+00    2.177734375000e+00
 447   2.177734375000e+00    2.182617187500e+00
 448   2.182617187500e+00    2.187500000000e+00
 449   2.187500000000e+00    2.192382812500e+00
 450   2.192382812500e+00    2.197265625000e+00
 451   2.197265625000e+00    2.202148437500e+00
 452   2.202148437500e+00    2.207031250000e+00
 453   2.207031250000e+00    2.211914062500e+00
 454   2.211914062500e+00    2.216796875000e+00
 455   2.216796875000e+00    2.221679687500e+00
 456   2.221679687500e+00    2.226562500000e+00
 457   2.226562500000e+00    2.231445312500e+00
 458   2.231445312500e+00    2.236328125000e+00
 459   2.236328125000e+00    2.241210937500e+00
 460   2.241210937500e+00    2.246093750000e+00
 461   2.246093750000e+00    2.250976562500e+00
 462   2.250976562500e+00    2.255859375000e+00
 463   2.255859375000e+00    2.260742187500e+00
 464   2.260742187500e+00    2.265625000000e+00
 465   2.265625000000e+00    2.270507812500e+00
 466   2.270507812500e+00    2.275390625000e+00
 467   2.275390625000e+00    2.280273437500e+00
 468   2.280273437500e+00    2.285156250000e+00
 469   2.285156250000e+00    2.290039062500e+00
 470   2.290039062500e+00    2.294921875000e+00
 471   2.294921875000e+00    2.299804687500e+00
 472   2.299804687500e+00    2.304687500000e+00
 473   2.304687500000e+00    2.309570312500e+00
 474   2.309570312500e+00    2.314453125000e+00
 475   2.314453125000e+00    2.319335937500e+00
 476   2.319335937500e+00    2.324218750000e+00
 477   2.324218750000e+00    2.329101562500e+00
 478   2.329101562500e+00    2.333984375000e+00
 479   2.333984375000e+00    2.338867187500e+00
 480   2.338867187500e+00    2.343750000000e+00
 481   2.343750000000e+00    2.348632812500e+00
 482   2.348632812500e+00    2.353515625000e+00
 483   2.353515625000e+00    2.358398437500e+00
 484   2.358398437500e+00    2.363281250000e+00
 485   2.363281250000e+00    2.368164062500e+00
 486   2.368164062500e+00    2.373046875000e+00
 487   2.373046875000e+00    2.377929687500e+00
 488   2.377929687500e+00    2.382812500000e+00
 489   2.382812500000e+00    2.387695312500e+00
 490   2.387695312500e+00    2.392578125000e+00
 491   2.392578125000e+00    2.397460937500e+00
 492   2.397460937500e+00    2.402343750000e+00
 493   2.402343750000e+00    2.407226562500e+00
 494   2.407226562500e+00    2.412109375000e+00
 495   2.412109375000e+00    2.416992187500e+00
 496   2.416992187500e+00    2.421875000000e+00
 497   2.421875000000e+00    2.426757812500e+00
 498   2.426757812500e+00    2.431640625000e+00
 499   2.431640625000e+00    2.436523437500e+00
 500   2.436523437500e+00    2.441406250000e+00
 501   2.441406250000e+00    2.446289062500e+00
 502   2.446289062500e+00    2.451171875000e+00
 503   2.451171875000e+00    2.456054687500e+00
 504   2.456054687500e+00    2.460937500000e+00
 505   2.460937500000e+00    2.465820312500e+00
 506   2.465820312500e+00    2.470703125000e+00
 507   2.470703125000e+00    2.475585937500e+00
 508   2.475585937500e+00    2.480468750000e+00
 509   2.480468750000e+00    2.485351562500e+00
 510   2.485351562500e+00    2.490234375000e+00
 511   2.490234375000e+00    2.495117187500e+00
 512   2.495117187500e+00    2.500000000000e+00
 513   2.500000000000e+00    2.504882812500e+00
 514   2.504882812500e+00    2.509765625000e+00
 515   2.509765625000e+00    2.514648437500e+00
 516   2.514648437500e+00    2.519531250000e+00
 517   2.519531250000e+00    2.524414062500e+00
 518   2.524414062500e+00    2.529296875000e+00
 519   2.529296875000e+00    2.534179687500e+00
 520   2.534179687500e+00    2.539062500000e+00
 521   2.539062500000e+00    2.543945312500e+00
 522   2.543945312500e+00    2.548828125000e+00
 523   2.548828125000e+00    2.553710937500e+00
 524   2.553710937500e+00    2.558593750000e+00
 525   2.558593750000e+00    2.563476562500e+00
 526   2.563476562500e+00    2.568359375000e+00
 527   2.568359375000e+00    2.573242187500e+00
 528   2.573242187500e+00    2.578125000000e+00
 529   2.578125000000e+00    2.583007812500e+00
 530   2.583007812500e+00    2.587890625000e+00
 531   2.587890625000e+00    2.592773437500e+00
 532   2.592773437500e+00    2.597656250000e+00
 533   2.597656250000e+00    2.602539062500e+00
 534   2.602539062500e+00    2.607421875000e+00
 535   2.607421875000e+00    2.612304687500e+00
 536   2.612304687500e+00    2.617187500000e+00
 537   2.617187500000e+00    2.622070312500e+00
 538   2.622070312500e+00    2.626953125000e+00
 539   2.626953125000e+00    2.631835937500e+00
 540   2.631835937500e+00    2.636718750000e+00
 541   2.636718750000e+00    2.641601562500e+00
 542   2.641601562500e+00    2.646484375000e+00
 543   2.646484375000e+00    2.651367187500e+00
 544   2.651367187500e+00    2.656250000000e+00
 545   2.656250000000e+00    2.661132812500e+00
 546   2.661132812500e+00    2.666015625000e+00
 547   2.666015625000e+00    2.670898437500e+00
 548   2.670898437500e+00    2.675781250000e+00
 549   2.675781250000e+00    2.680664062500e+00
 550   2.680664062500e+00    2.685546875000e+00
 551   2.685546875000e+00    2.690429687500e+00
 552   2.690429687500e+00    2.695312500000e+00
 553   2.695312500000e+00    2.700195312500e+00
 554   2.700195312500e+00    2.705078125000e+00
 555   2.705078125000e+00    2.709960937500e+00
 556   2.709960937500e+00    2.714843750000e+00
 557   2.714843750000e+00    2.719726562500e+00
 558   2.719726562500e+00    2.724609375000e+00
 559   2.724609375000e+00    2.729492187500e+00
 560   2.729492187500e+00    2.734375000000e+00
 561   2.734375000000e+00    2.739257812500e+00
 562   2.739257812500e+00    2.744140625000e+00
 563   2.744140625000e+00    2.749023437500e+00
 564   2.749023437500e+00    2.753906250000e+00
 565   2.753906250000e+00    2.758789062500e+00
 566   2.758789062500e+00    2.763671875000e+00
 567   2.763671875000e+00    2.768554687500e+00
 568   2.768554687500e+00    2.773437500000e+00
 569   2.773437500000e+00    2.778320312500e+00
 570   2.778320312500e+00    2.783203125000e+00
 571   2.783203125000e+00    2.788085937500e+00
 572   2.788085937500e+00    2.792968750000e+00
 573   2.792968750000e+00    2.797851562500e+00
 574   2.797851562500e+00    2.802734375000e+00
 575   2.802734375000e+00    2.807617187500e+00
 576   2.807617187500e+00    2.812500000000e+00
 577   2.812500000000e+00    2.817382812500e+00
 578   2.817382812500e+00    2.822265625000e+00
 579   2.822265625000e+00    2.827148437500e+00
 580   2.827148437500e+00    2.832031250000e+00
 581   2.832031250000e+00    2.836914062500e+00
 582   2.836914062500e+00    2.841796875000e+00
 583   2.841796875000e+00    2.846679687500e+00
 584   2.846679687500e+00    2.851562500000e+00
 585   2.851562500000e+00    2.856445312500e+00
 586   2.856445312500e+00    2.861328125000e+00
 587   2.861328125000e+00    2.866210937500e+00
 588   2.866210937500e+00    2.871093750000e+00
 589   2.871093750000e+00    2.875976562500e+00
 590   2.875976562500e+00    2.880859375000e+00
 591   2.880859375000e+00    2.885742187500e+00
 592   2.885742187500e+00    2.890625000000e+00
 593   2.890625000000e+00    2.895507812500e+00
 594   2.895507812500e+00    2.900390625000e+00
 595   2.900390625000e+00    2.905273437500e+00
 596   2.905273437500e+00    2.910156250000e+00
 597   2.910156250000e+00    2.915039062500e+00
 598   2.915039062500e+00    2.919921875000e+00
 599   2.919921875000e+00    2.924804687500e+00
 600   2.924804687500e+00    2.929687500000e+00
 601   2.929687500000e+00    2.934570312500e+00
 602   2.934570312500e+00    2.939453125000e+00
 603   2.939453125000e+00    2.944335937500e+00
 604   2.944335937500e+00    2.949218750000e+00
 605   2.949218750000e+00    2.954101562500e+00
 606   2.954101562500e+00    2.958984375000e+00
 607   2.958984375000e+00    2.963867187500e+00
 608   2.963867187500e+00    2.968750000000e+00
 609   2.968750000000e+00    2.973632812500e+00
 610   2.973632812500e+00    2.978515625000e+00
 611   2.978515625000e+00    2.983398437500e+00
 612   2.983398437500e+00    2.988281250000e+00
 613   2.988281250000e+00    2.993164062500e+00
 614   2.993164062500e+00    2.998046875000e+00
 615   2.998046875000e+00    3.002929687500e+00
 616   3.002929687500e+00    3.007812500000e+00
 617   3.007812500000e+00    3.012695312500e+00
 618   3.012695312500e+00    3.017578125000e+00
 619   3.017578125000e+00    3.022460937500e+00
 620   3.022460937500e+00    3.027343750000e+00
 621   3.027343750000e+00    3.032226562500e+00
 622   3.032226562500e+00    3.037109375000e+00
 623   3.037109375000e+00    3.041992187500e+00
 624   3.041992187500e+00    3.046875000000e+00
 625   3.046875000000e+00    3.051757812500e+00
 626   3.051757812500e+00    3.056640625000e+00
 627   3.056640625000e+00    3.061523437500e+00
 628   3.061523437500e+00    3.066406250000e+00
 629   3.066406250000e+00    3.071289062500e+00
 630   3.071289062500e+00    3.076171875000e+00
 631   3.076171875000e+00    3.081054687500e+00
 632   3.081054687500e+00    3.085937500000e+00
 633   3.085937500000e+00    3.090820312500e+00
 634   3.090820312500e+00    3.095703125000e+00
 635   3.095703125000e+00    3.100585937500e+00
 636   3.100585937500e+00    3.105468750000e+00
 637   3.105468750000e+00    3.110351562500e+00
 638   3.110351562500e+00    3.115234375000e+00
 639   3.115234375000e+00    3.120117187500e+00
 640   3.120117187500e+00    3.125000000000e+00
 641   3.125000000000e+00    3.129882812500e+00
 642   3.129882812500e+00    3.134765625000e+00
 643   3.134765625000e+00    3.139648437500e+00
 644   3.139648437500e+00    3.144531250000e+00
 645   3.144531250000e+00    3.149414062500e+00
 646   3.149414062500e+00    3.154296875000e+00
 647   3.154296875000e+00    3.159179687500e+00
 648   3.159179687500e+00    3.164062500000e+00
 649   3.164062500000e+00    3.168945312500e+00
 650   3.168945312500e+00    3.173828125000e+00
 651   3.173828125000e+00    3.178710937500e+00
 652   3.178710937500e+00    3.183593750000e+00
 653   3.183593750000e+00    3.188476562500e+00
 654   3.188476562500e+00    3.193359375000e+00
 655   3.193359375000e+00    3.198242187500e+00
 656   3.198242187500e+00    3.203125000000e+00
 657   3.203125000000e+00    3.208007812500e+00
 658   3.208007812500e+00    3.212890625000e+00
 659   3.212890625000e+00    3.217773437500e+00
 660   3.217773437500e+00    3.222656250000e+00
 661   3.222656250000e+00    3.227539062500e+00
 662   3.227539062500e+00    3.232421875000e+00
 663   3.232421875000e+00    3.237304687500e+00
 664   3.237304687500e+00    3.242187500000e+00
 665   3.242187500000e+00    3.247070312500e+00
 666   3.247070312500e+00    3.251953125000e+00
 667   3.251953125000e+00    3.256835937500e+00
 668   3.256835937500e+00    3.261718750000e+00
 669   3.261718750000e+00    3.266601562500e+00
 670   3.266601562500e+00    3.271484375000e+00
 671   3.271484375000e+00    3.276367187500e+00
 672   3.276367187500e+00    3.281250000000e+00
 673   3.281250000000e+00    3.286132812500e+00
 674   3.286132812500e+00    3.291015625000e+00
 675   3.291015625000e+00    3.295898437500e+00
 676   3.295898437500e+00    3.300781250000e+00
 677   3.300781250000e+00    3.305664062500e+00
 678   3.305664062500e+00    3.310546875000e+00
 679   3.310546875000e+00    3.315429687500e+00
 680   3.315429687500e+00    3.320312500000e+00
 681   3.320312500000e+00    3.325195312500e+00
 682   3.325195312500e+00    3.330078125000e+00
 683   3.330078125000e+00    3.334960937500e+00
 684   3.334960937500e+00    3.339843750000e+00
 685   3.339843750000e+00    3.344726562500e+00
 686   3.344726562500e+00    3.349609375000e+00
 687   3.349609375000e+00    3.354492187500e+00
 688   3.354492187500e+00    3.359375000000e+00
 689   3.359375000000e+00    3.364257812500e+00
 690   3.364257812500e+00    3.369140625000e+00
 691   3.369140625000e+00    3.374023437500e+00
 692   3.374023437500e+00    3.378906250000e+00
 693   3.378906250000e+00    3.383789062500e+00
 694   3.383789062500e+00    3.388671875000e+00
 695   3.388671875000e+00    3.393554687500e+00
 696   3.393554687500e+00    3.398437500000e+00
 697   3.398437500000e+00    3.403320312500e+00
 698   3.403320312500e+00    3.408203125000e+00
 699   3.408203125000e+00    3.413085937500e+00
 700   3.413085937500e+00    3.417968750000e+00
 701   3.417968750000e+00    3.422851562500e+00
 702   3.422851562500e+00    3.427734375000e+00
 703   3.427734375000e+00    3.432617187500e+00
 704   3.432617187500e+00    3.437500000000e+00
 705   3.437500000000e+00    3.442382812500e+00
 706   3.442382812500e+00    3.447265625000e+00
 707   3.447265625000e+00    3.452148437500e+00
 708   3.452148437500e+00    3.457031250000e+00
 709   3.457031250000e+00    3.461914062500e+00
 710   3.461914062500e+00    3.466796875000e+00
 711   3.466796875000e+00    3.471679687500e+00
 712   3.471679687500e+00    3.476562500000e+00
 713   3.476562500000e+00    3.481445312500e+00
 714   3.481445312500e+00    3.486328125000e+00
 715   3.486328125000e+00    3.491210937500e+00
 716   3.491210937500e+00    3.496093750000e+00
 717   3.496093750000e+00    3.500976562500e+00
 718   3.500976562500e+00    3.505859375000e+00
 719   3.505859375000e+00    3.510742187500e+00
 720   3.510742187500e+00    3.515625000000e+00
 721   3.515625000000e+00    3.520507812500e+00
 722   3.520507812500e+00    3.525390625000e+00
 723   3.525390625000e+00    3.530273437500e+00
 724   3.530273437500e+00    3.535156250000e+00
 725   3.535156250000e+00    3.540039062500e+00
 726   3.540039062500e+00    3.544921875000e+00
 727   3.544921875000e+00    3.549804687500e+00
 728   3.549804687500e+00    3.554687500000e+00
 729   3.554687500000e+00    3.559570312500e+00
 730   3.559570312500e+00    3.564453125000e+00
 731   3.564453125000e+00    3.569335937500e+00
 732   3.569335937500e+00    3.574218750000e+00
 733   3.574218750000e+00    3.579101562500e+00
 734   3.579101562500e+00    3.583984375000e+00
 735   3.583984375000e+00    3.588867187500e+00
 736   3.588867187500e+00    3.593750000000e+00
 737   3.593750000000e+00    3.598632812500e+00
 738   3.598632812500e+00    3.603515625000e+00
 739   3.603515625000e+00    3.608398437500e+00
 740   3.608398437500e+00    3.613281250000e+00
 741   3.613281250000e+00    3.618164062500e+00
 742   3.618164062500e+00    3.623046875000e+00
 743   3.623046875000e+00    3.627929687500e+00
 744   3.627929687500e+00    3.632812500000e+00
 745   3.632812500000e+00    3.637695312500e+00
 746   3.637695312500e+00    3.642578125000e+00
 747   3.642578125000e+00    3.647460937500e+00
 748   3.647460937500e+00    3.652343750000e+00
 749   3.652343750000e+00    3.657226562500e+00
 750   3.657226562500e+00    3.662109375000e+00
 751   3.662109375000e+00    3.666992187500e+00
 752   3.666992187500e+00    3.671875000000e+00
 753   3.671875000000e+00    3.676757812500e+00
 754   3.676757812500e+00    3.681640625000e+00
 755   3.681640625000e+00    3.686523437500e+00
 756   3.686523437500e+00    3.691406250000e+00
 757   3.691406250000e+00    3.696289062500e+00
 758   3.696289062500e+00    3.701171875000e+00
 759   3.701171875000e+00    3.706054687500e+00
 760   3.706054687500e+00    3.710937500000e+00
 761   3.710937500000e+00    3.715820312500e+00
 762   3.715820312500e+00    3.720703125000e+00
 763   3.720703125000e+00    3.725585937500e+00
 764   3.725585937500e+00    3.730468750000e+00
 765   3.730468750000e+00    3.735351562500e+00
 766   3.735351562500e+00    3.740234375000e+00
 767   3.740234375000e+00    3.745117187500e+00
 768   3.745117187500e+00    3.750000000000e+00
 769   3.750000000000e+00    3.754882812500e+00
 770   3.754882812500e+00    3.759765625000e+00
 771   3.759765625000e+00    3.764648437500e+00
 772   3.764648437500e+00    3.769531250000e+00
 773   3.769531250000e+00    3.774414062500e+00
 774   3.774414062500e+00    3.779296875000e+00
 775   3.779296875000e+00    3.784179687500e+00
 776   3.784179687500e+00    3.789062500000e+00
 777   3.789062500000e+00    3.793945312500e+00
 778   3.793945312500e+00    3.798828125000e+00
 779   3.798828125000e+00    3.803710937500e+00
 780   3.803710937500e+00    3.808593750000e+00
 781   3.808593750000e+00    3.813476562500e+00
 782   3.813476562500e+00    3.818359375000e+00
 783   3.818359375000e+00    3.823242187500e+00
 784   3.823242187500e+00    3.828125000000e+00
 785   3.828125000000e+00    3.833007812500e+00
 786   3.833007812500e+00    3.837890625000e+00
 787   3.837890625000e+00    3.842773437500e+00
 788   3.842773437500e+00    3.847656250000e+00
 789   3.847656250000e+00    3.852539062500e+00
 790   3.852539062500e+00    3.857421875000e+00
 791   3.857421875000e+00    3.862304687500e+00
 792   3.862304687500e+00    3.867187500000e+00
 793   3.867187500000e+00    3.872070312500e+00
 794   3.872070312500e+00    3.876953125000e+00
 795   3.876953125000e+00    3.881835937500e+00
 796   3.881835937500e+00    3.886718750000e+00
 797   3.886718750000e+00    3.891601562500e+00
 798   3.891601562500e+00    3.896484375000e+00
 799   3.896484375000e+00    3.901367187500e+00
 800   3.901367187500e+00    3.906250000000e+00
 801   3.906250000000e+00    3.911132812500e+00
 802   3.911132812500e+00    3.916015625000e+00
 803   3.916015625000e+00    3.920898437500e+00
 804   3.920898437500e+00    3.925781250000e+00
 805   3.925781250000e+00    3.930664062500e+00
 806   3.930664062500e+00    3.935546875000e+00
 807   3.935546875000e+00    3.940429687500e+00
 808   3.940429687500e+00    3.945312500000e+00
 809   3.945312500000e+00    3.950195312500e+00
 810   3.950195312500e+00    3.955078125000e+00
 811   3.955078125000e+00    3.959960937500e+00
 812   3.959960937500e+00    3.964843750000e+00
 813   3.964843750000e+00    3.969726562500e+00
 814   3.969726562500e+00    3.974609375000e+00
 815   3.974609375000e+00    3.979492187500e+00
 816   3.979492187500e+00    3.984375000000e+00
 817   3.984375000000e+00    3.989257812500e+00
 818   3.989257812500e+00    3.994140625000e+00
 819   3.994140625000e+00    3.999023437500e+00
 820   3.999023437500e+00    4.003906250000e+00
 821   4.003906250000e+00    4.008789062500e+00
 822   4.008789062500e+00    4.013671875000e+00
 823   4.013671875000e+00    4.018554687500e+00
 824   4.018554687500e+00    4.023437500000e+00
 825   4.023437500000e+00    4.028320312500e+00
 826   4.028320312500e+00    4.033203125000e+00
 827   4.033203125000e+00    4.038085937500e+00
 828   4.038085937500e+00    4.042968750000e+00
 829   4.042968750000e+00    4.047851562500e+00
 830   4.047851562500e+00    4.052734375000e+00
 831   4.052734375000e+00    4.057617187500e+00
 832   4.057617187500e+00    4.062500000000e+00
 833   4.062500000000e+00    4.067382812500e+00
 834   4.067382812500e+00    4.072265625000e+00
 835   4.072265625000e+00    4.077148437500e+00
 836   4.077148437500e+00    4.082031250000e+00
 837   4.082031250000e+00    4.086914062500e+00
 838   4.086914062500e+00    4.091796875000e+00
 839   4.091796875000e+00    4.096679687500e+00
 840   4.096679687500e+00    4.101562500000e+00
 841   4.101562500000e+00    4.106445312500e+00
 842   4.106445312500e+00    4.111328125000e+00
 843   4.111328125000e+00    4.116210937500e+00
 844   4.116210937500e+00    4.121093750000e+00
 845   4.121093750000e+00    4.125976562500e+00
 846   4.125976562500e+00    4.130859375000e+00
 847   4.130859375000e+00    4.135742187500e+00
 848   4.135742187500e+00    4.140625000000e+00
 849   4.140625000000e+00    4.145507812500e+00
 850   4.145507812500e+00    4.150390625000e+00
 851   4.150390625000e+00    4.155273437500e+00
 852   4.155273437500e+00    4.160156250000e+00
 853   4.160156250000e+00    4.165039062500e+00
 854   4.165039062500e+00    4.169921875000e+00
 855   4.169921875000e+00    4.174804687500e+00
 856   4.174804687500e+00    4.179687500000e+00
 857   4.179687500000e+00    4.184570312500e+00
 858   4.184570312500e+00    4.189453125000e+00
 859   4.189453125000e+00    4.194335937500e+00
 860   4.194335937500e+00    4.199218750000e+00
 861   4.199218750000e+00    4.204101562500e+00
 862   4.204101562500e+00    4.208984375000e+00
 863   4.208984375000e+00    4.213867187500e+00
 864   4.213867187500e+00    4.218750000000e+00
 865   4.218750000000e+00    4.223632812500e+00
 866   4.223632812500e+00    4.228515625000e+00
 867   4.228515625000e+00    4.233398437500e+00
 868   4.233398437500e+00    4.238281250000e+00
 869   4.238281250000e+00    4.243164062500e+00
 870   4.243164062500e+00    4.248046875000e+00
 871   4.248046875000e+00    4.252929687500e+00
 872   4.252929687500e+00    4.257812500000e+00
 873   4.257812500000e+00    4.262695312500e+00
 874   4.262695312500e+00    4.267578125000e+00
 875   4.267578125000e+00    4.272460937500e+00
 876   4.272460937500e+00    4.277343750000e+00
 877   4.277343750000e+00    4.282226562500e+00
 878   4.282226562500e+00    4.287109375000e+00
 879   4.287109375000e+00    4.291992187500e+00
 880   4.291992187500e+00    4.296875000000e+00
 881   4.296875000000e+00    4.301757812500e+00
 882   4.301757812500e+00    4.306640625000e+00
 883   4.306640625000e+00    4.311523437500e+00
 884   4.311523437500e+00    4.316406250000e+00
 885   4.316406250000e+00    4.321289062500e+00
 886   4.321289062500e+00    4.326171875000e+00
 887   4.326171875000e+00    4.331054687500e+00
 888   4.331054687500e+00    4.335937500000e+00
 889   4.335937500000e+00    4.340820312500e+00
 890   4.340820312500e+00    4.345703125000e+00
 891   4.345703125000e+00    4.350585937500e+00
 892   4.350585937500e+00    4.355468750000e+00
 893   4.355468750000e+00    4.360351562500e+00
 894   4.360351562500e+00    4.365234375000e+00
 895   4.365234375000e+00    4.370117187500e+00
 896   4.370117187500e+00    4.375000000000e+00
 897   4.375000000000e+00    4.379882812500e+00
 898   4.379882812500e+00    4.384765625000e+00
 899   4.384765625000e+00    4.389648437500e+00
 900   4.389648437500e+00    4.394531250000e+00
 901   4.394531250000e+00    4.399414062500e+00
 902   4.399414062500e+00    4.404296875000e+00
 903   4.404296875000e+00    4.409179687500e+00
 904   4.409179687500e+00    4.414062500000e+00
 905   4.414062500000e+00    4.418945312500e+00
 906   4.418945312500e+00    4.423828125000e+00
 907   4.423828125000e+00    4.428710937500e+00
 908   4.428710937500e+00    4.433593750000e+00
 909   4.433593750000e+00    4.438476562500e+00
 910   4.438476562500e+00    4.443359375000e+00
 911   4.443359375000e+00    4.448242187500e+00
 912   4.448242187500e+00    4.453125000000e+00
 913   4.453125000000e+00    4.458007812500e+00
 914   4.458007812500e+00    4.462890625000e+00
 915   4.462890625000e+00    4.467773437500e+00
 916   4.467773437500e+00    4.472656250000e+00
 917   4.472656250000e+00    4.477539062500e+00
 918   4.477539062500e+00    4.482421875000e+00
 919   4.482421875000e+00    4.487304687500e+00
 920   4.487304687500e+00    4.492187500000e+00
 921   4.492187500000e+00    4.497070312500e+00
 922   4.497070312500e+00    4.501953125000e+00
 923   4.501953125000e+00    4.506835937500e+00
 924   4.506835937500e+00    4.511718750000e+00
 925   4.511718750000e+00    4.516601562500e+00
 926   4.516601562500e+00    4.521484375000e+00
 927   4.521484375000e+00    4.526367187500e+00
 928   4.526367187500e+00    4.531250000000e+00
 929   4.531250000000e+00    4.536132812500e+00
 930   4.536132812500e+00    4.541015625000e+00
 931   4.541015625000e+00    4.545898437500e+00
 932   4.545898437500e+00    4.550781250000e+00
 933   4.550781250000e+00    4.555664062500e+00
 934   4.555664062500e+00    4.560546875000e+00
 935   4.560546875000e+00    4.565429687500e+00
 936   4.565429687500e+00    4.570312500000e+00
 937   4.570312500000e+00    4.575195312500e+00
 938   4.575195312500e+00    4.580078125000e+00
 939   4.580078125000e+00    4.584960937500e+00
 940   4.584960937500e+00    4.589843750000e+00
 941   4.589843750000e+00    4.594726562500e+00
 942   4.594726562500e+00    4.599609375000e+00
 943   4.599609375000e+00    4.604492187500e+00
 944   4.604492187500e+00    4.609375000000e+00
 945   4.609375000000e+00    4.614257812500e+00
 946   4.614257812500e+00    4.619140625000e+00
 947   4.619140625000e+00    4.624023437500e+00
 948   4.624023437500e+00    4.628906250000e+00
 949   4.628906250000e+00    4.633789062500e+00
 950   4.633789062500e+00    4.638671875000e+00
 951   4.638671875000e+00    4.643554687500e+00
 952   4.643554687500e+00    4.648437500000e+00
 953   4.648437500000e+00    4.653320312500e+00
 954   4.653320312500e+00    4.658203125000e+00
 955   4.658203125000e+00    4.663085937500e+00
 956   4.663085937500e+00    4.667968750000e+00
 957   4.667968750000e+00    4.672851562500e+00
 958   4.672851562500e+00    4.677734375000e+00
 959   4.677734375000e+00    4.682617187500e+00
 960   4.682617187500e+00    4.687500000000e+00
 961   4.687500000000e+00    4.692382812500e+00
 962   4.692382812500e+00    4.697265625000e+00
 963   4.697265625000e+00    4.702148437500e+00
 964   4.702148437500e+00    4.707031250000e+00
 965   4.707031250000e+00    4.711914062500e+00
 966   4.711914062500e+00    4.716796875000e+00
 967   4.716796875000e+00    4.721679687500e+00
 968   4.721679687500e+00    4.726562500000e+00
 969   4.726562500000e+00    4.731445312500e+00
 970   4.731445312500e+00    4.736328125000e+00
 971   4.736328125000e+00    4.741210937500e+00
 972   4.741210937500e+00    4.746093750000e+00
 973   4.746093750000e+00    4.750976562500e+00
 974   4.750976562500e+00    4.755859375000e+00
 975   4.755859375000e+00    4.760742187500e+00
 976   4.760742187500e+00    4.765625000000e+00
 977   4.765625000000e+00    4.770507812500e+00
 978   4.770507812500e+00    4.775390625000e+00
 979   4.775390625000e+00    4.780273437500e+00
 980   4.780273437500e+00    4.785156250000e+00
 981   4.785156250000e+00    4.790039062500e+00
 982   4.790039062500e+00    4.794921875000e+00
 983   4.794921875000e+00    4.799804687500e+00
 984   4.799804687500e+00    4.804687500000e+00
 985   4.804687500000e+00    4.809570312500e+00
 986   4.809570312500e+00    4.814453125000e+00
 987   4.814453125000e+00    4.819335937500e+00
 988   4.819335937500e+00    4.824218750000e+00
 989   4.824218750000e+00    4.829101562500e+00
 990   4.829101562500e+00    4.833984375000e+00
 991   4.833984375000e+00    4.838867187500e+00
 992   4.838867187500e+00    4.843750000000e+00
 993   4.843750000000e+00    4.848632812500e+00
 994   4.848632812500e+00    4.853515625000e+00
 995   4.853515625000e+00    4.858398437500e+00
 996   4.858398437500e+00    4.863281250000e+00
 997   4.863281250000e+00    4.868164062500e+00
 998   4.868164062500e+00    4.873046875000e+00
 999   4.873046875000e+00    4.877929687500e+00
 1000   4.877929687500e+00    4.882812500000e+00
 1001   4.882812500000e+00    4.887695312500e+00
 1002   4.887695312500e+00    4.892578125000e+00
 1003   4.892578125000e+00    4.897460937500e+00
 1004   4.897460937500e+00    4.902343750000e+00
 1005   4.902343750000e+00    4.907226562500e+00
 1006   4.907226562500e+00    4.912109375000e+00
 1007   4.912109375000e+00    4.916992187500e+00
 1008   4.916992187500e+00    4.921875000000e+00
 1009   4.921875000000e+00    4.926757812500e+00
 1010   4.926757812500e+00    4.931640625000e+00
 1011   4.931640625000e+00    4.936523437500e+00
 1012   4.936523437500e+00    4.941406250000e+00
 1013   4.941406250000e+00    4.946289062500e+00
 1014   4.946289062500e+00    4.951171875000e+00
 1015   4.951171875000e+00    4.956054687500e+00
 1016   4.956054687500e+00    4.960937500000e+00
 1017   4.960937500000e+00    4.965820312500e+00
 1018   4.965820312500e+00    4.970703125000e+00
 1019   4.970703125000e+00    4.975585937500e+00
 1020   4.975585937500e+00    4.980468750000e+00
 1021   4.980468750000e+00    4.985351562500e+00
 1022   4.985351562500e+00    4.990234375000e+00
 1023   4.990234375000e+00    4.995117187500e+00
 1024   4.995117187500e+00    5.000000000000e+00
1024 
 1   0.000000000000e+00    4.882812500000e-03
 2   4.882812500000e-03    9.765625000000e-03
 3   9.765625000000e-03    1.464843750000e-02
 4   1.464843750000e-02    1.953125000000e-02
 5   1.953125000000e-02    2.441406250000e-02
 6   2.441406250000e-02    2.929687500000e-02
 7   2.929687500000e-02    3.417968750000e-02
 8   3.417968750000e-02    3.906250000000e-02
 9   3.906250000000e-02    4.394531250000e-02
 10   4.394531250000e-02    4.882812500000e-02
 11   4.882812500000e-02    5.371093750000e-02
 12   5.371093750000e-02    5.859375000000e-02
 13   5.859375000000e-02    6.347656250000e-02
 14   6.347656250000e-02    6.835937500000e-02
 15   6.835937500000e-02    7.324218750000e-02
 16   7.324218750000e-02    7.812500000000e-02
 17   7.812500000000e-02    8.300781250000e-02
 18   8.300781250000e-02    8.789062500000e-02
 19   8.789062500000e-02    9.277343750000e-02
 20   9.277343750000e-02    9.765625000000e-02
 21   9.765625000000e-02    1.025390625000e-01
 22   1.025390625000e-01    1.074218750000e-01
 23   1.074218750000e-01    1.123046875000e-01
 24   1.123046875000e-01    1.171875000000e-01
 25   1.171875000000e-01    1.220703125000e-01
 26   1.220703125000e-01    1.269531250000e-01
 27   1.269531250000e-01    1.318359375000e-01
 28   1.318359375000e-01    1.367187500000e-01
 29   1.367187500000e-01    1.416015625000e-01
 30   1.416015625000e-01    1.464843750000e-01
 31   1.464843750000e-01    1.513671875000e-01
 32   1.513671875000e-01    1.562500000000e-01
 33   1.562500000000e-01    1.611328125000e-01
 34   1.611328125000e-01    1.660156250000e-01
 35   1.660156250000e-01    1.708984375000e-01
 36   1.708984375000e-01    1.757812500000e-01
 37   1.757812500000e-01    1.806640625000e-01
 38   1.806640625000e-01    1.855468750000e-01
 39   1.855468750000e-01    1.904296875000e-01
 40   1.904296875000e-01    1.953125000000e-01
 41   1.953125000000e-01    2.001953125000e-01
 42   2.001953125000e-01    2.050781250000e-01
 43   2.050781250000e-01    2.099609375000e-01
 44   2.099609375000e-01    2.148437500000e-01
 45   2.148437500000e-01    2.197265625000e-01
 46   2.197265625000e-01    2.246093750000e-01
 47   2.246093750000e-01    2.294921875000e-01
 48   2.294921875000e-01    2.343750000000e-01
 49   2.343750000000e-01    2.392578125000e-01
 50   2.392578125000e-01    2.441406250000e-01
 51   2.441406250000e-01    2.490234375000e-01
 52   2.490234375000e-01    2.539062500000e-01
 53   2.539062500000e-01    2.587890625000e-01
 54   2.587890625000e-01    2.636718750000e-01
 55   2.636718750000e-01    2.685546875000e-01
 56   2.685546875000e-01    2.734375000000e-01
 57   2.734375000000e-01    2.783203125000e-01
 58   2.783203125000e-01    2.832031250000e-01
 59   2.832031250000e-01    2.880859375000e-01
 60   2.880859375000e-01    2.929687500000e-01
 61   2.929687500000e-01    2.978515625000e-01
 62   2.978515625000e-01    3.027343750000e-01
 63   3.027343750000e-01    3.076171875000e-01
 64   3.076171875000e-01    3.125000000000e-01
 65   3.125000000000e-01    3.173828125000e-01
 66   3.173828125000e-01    3.222656250000e-01
 67   3.222656250000e-01    3.271484375000e-01
 68   3.271484375000e-01    3.320312500000e-01
 69   3.320312500000e-01    3.369140625000e-01
 70   3.369140625000e-01    3.417968750000e-01
 71   3.417968750000e-01    3.466796875000e-01
 72   3.466796875000e-01    3.515625000000e-01
 73   3.515625000000e-01    3.564453125000e-01
 74   3.564453125000e-01    3.613281250000e-01
 75   3.613281250000e-01    3.662109375000e-01
 76   3.662109375000e-01    3.710937500000e-01
 77   3.710937500000e-01    3.759765625000e-01
 78   3.759765625000e-01    3.808593750000e-01
 79   3.808593750000e-01    3.857421875000e-01
 80   3.857421875000e-01    3.906250000000e-01
 81   3.906250000000e-01    3.955078125000e-01
 82   3.955078125000e-01    4.003906250000e-01
 83   4.003906250000e-01    4.052734375000e-01
 84   4.052734375000e-01    4.101562500000e-01
 85   4.101562500000e-01    4.150390625000e-01
 86   4.150390625000e-01    4.199218750000e-01
 87   4.199218750000e-01    4.248046875000e-01
 88   4.248046875000e-01    4.296875000000e-01
 89   4.296875000000e-01    4.345703125000e-01
 90   4.345703125000e-01    4.394531250000e-01
 91   4.394531250000e-01    4.443359375000e-01
 92   4.443359375000e-01    4.492187500000e-01
 93   4.492187500000e-01    4.541015625000e-01
 94   4.541015625000e-01    4.589843750000e-01
 95   4.589843750000e-01    4.638671875000e-01
 96   4.638671875000e-01    4.687500000000e-01
 97   4.687500000000e-01    4.736328125000e-01
 98   4.736328125000e-01    4.785156250000e-01
 99   4.785156250000e-01    4.833984375000e-01
 100   4.833984375000e-01    4.882812500000e-01
 101   4.882812500000e-01    4.931640625000e-01
 102   4.931640625000e-01    4.980468750000e-01
 103   4.980468750000e-01    5.029296875000e-01
 104   5.029296875000e-01    5.078125000000e-01
 105   5.078125000000e-01    5.126953125000e-01
 106   5.126953125000e-01    5.175781250000e-01
 107   5.175781250000e-01    5.224609375000e-01
 108   5.224609375000e-01    5.273437500000e-01
 109   5.273437500000e-01    5.322265625000e-01
 110   5.322265625000e-01    5.371093750000e-01
 111   5.371093750000e-01    5.419921875000e-01
 112   5.419921875000e-01    5.468750000000e-01
 113   5.468750000000e-01    5.517578125000e-01
 114   5.517578125000e-01    5.566406250000e-01
 115   5.566406250000e-01    5.615234375000e-01
 116   5.615234375000e-01    5.664062500000e-01
 117   5.664062500000e-01    5.712890625000e-01
 118   5.712890625000e-01    5.761718750000e-01
 119   5.761718750000e-01    5.810546875000e-01
 120   5.810546875000e-01    5.859375000000e-01
 121   5.859375000000e-01    5.908203125000e-01
 122   5.908203125000e-01    5.957031250000e-01
 123   5.957031250000e-01    6.005859375000e-01
 124   6.005859375000e-01    6.054687500000e-01
 125   6.054687500000e-01    6.103515625000e-01
 126   6.103515625000e-01    6.152343750000e-01
 127   6.152343750000e-01    6.201171875000e-01
 128   6.201171875000e-01    6.250000000000e-01
 129   6.250000000000e-01    6.298828125000e-01
 130   6.298828125000e-01    6.347656250000e-01
 131   6.347656250000e-01    6.396484375000e-01
 132   6.396484375000e-01    6.445312500000e-01
 133   6.445312500000e-01    6.494140625000e-01
 134   6.494140625000e-01    6.542968750000e-01
 135   6.542968750000e-01    6.591796875000e-01
 136   6.591796875000e-01    6.640625000000e-01
 137   6.640625000000e-01    6.689453125000e-01
 138   6.689453125000e-01    6.738281250000e-01
 139   6.738281250000e-01    6.787109375000e-01
 140   6.787109375000e-01    6.835937500000e-01
 141   6.835937500000e-01    6.884765625000e-01
 142   6.884765625000e-01    6.933593750000e-01
 143   6.933593750000e-01    6.982421875000e-01
 144   6.982421875000e-01    7.031250000000e-01
 145   7.031250000000e-01    7.080078125000e-01
 146   7.080078125000e-01    7.128906250000e-01
 147   7.128906250000e-01    7.177734375000e-01
 148   7.177734375000e-01    7.226562500000e-01
 149   7.226562500000e-01    7.275390625000e-01
 150   7.275390625000e-01    7.324218750000e-01
 151   7.324218750000e-01    7.373046875000e-01
 152   7.373046875000e-01    7.421875000000e-01
 153   7.421875000000e-01    7.470703125000e-01
 154   7.470703125000e-01    7.519531250000e-01
 155   7.519531250000e-01    7.568359375000e-01
 156   7.568359375000e-01    7.617187500000e-01
 157   7.617187500000e-01    7.666015625000e-01
 158   7.666015625000e-01    7.714843750000e-01
 159   7.714843750000e-01    7.763671875000e-01
 160   7.763671875000e-01    7.812500000000e-01
 161   7.812500000000e-01    7.861328125000e-01
 162   7.861328125000e-01    7.910156250000e-01
 163   7.910156250000e-01    7.958984375000e-01
 164   7.958984375000e-01    8.007812500000e-01
 165   8.007812500000e-01    8.056640625000e-01
 166   8.056640625000e-01    8.105468750000e-01
 167   8.105468750000e-01    8.154296875000e-01
 168   8.154296875000e-01    8.203125000000e-01
 169   8.203125000000e-01    8.251953125000e-01
 170   8.251953125000e-01    8.300781250000e-01
 171   8.300781250000e-01    8.349609375000e-01
 172   8.349609375000e-01    8.398437500000e-01
 173   8.398437500000e-01    8.447265625000e-01
 174   8.447265625000e-01    8.496093750000e-01
 175   8.496093750000e-01    8.544921875000e-01
 176   8.544921875000e-01    8.593750000000e-01
 177   8.593750000000e-01    8.642578125000e-01
 178   8.642578125000e-01    8.691406250000e-01
 179   8.691406250000e-01    8.740234375000e-01
 180   8.740234375000e-01    8.789062500000e-01
 181   8.789062500000e-01    8.837890625000e-01
 182   8.837890625000e-01    8.886718750000e-01
 183   8.886718750000e-01    8.935546875000e-01
 184   8.935546875000e-01    8.984375000000e-01
 185   8.984375000000e-01    9.033203125000e-01
 186   9.033203125000e-01    9.082031250000e-01
 187   9.082031250000e-01    9.130859375000e-01
 188   9.130859375000e-01    9.179687500000e-01
 189   9.179687500000e-01    9.228515625000e-01
 190   9.228515625000e-01    9.277343750000e-01
 191   9.277343750000e-01    9.326171875000e-01
 192   9.326171875000e-01    9.375000000000e-01
 193   9.375000000000e-01    9.423828125000e-01
 194   9.423828125000e-01    9.472656250000e-01
 195   9.472656250000e-01    9.521484375000e-01
 196   9.521484375000e-01    9.570312500000e-01
 197   9.570312500000e-01    9.619140625000e-01
 198   9.619140625000e-01    9.667968750000e-01
 199   9.667968750000e-01    9.716796875000e-01
 200   9.716796875000e-01    9.765625000000e-01
 201   9.765625000000e-01    9.814453125000e-01
 202   9.814453125000e-01    9.863281250000e-01
 203   9.863281250000e-01    9.912109375000e-01
 204   9.912109375000e-01    9.960937500000e-01
 205   9.960937500000e-01    1.000976562500e+00
 206   1.000976562500e+00    1.005859375000e+00
 207   1.005859375000e+00    1.010742187500e+00
 208   1.010742187500e+00    1.015625000000e+00
 209   1.015625000000e+00    1.020507812500e+00
 210   1.020507812500e+00    1.025390625000e+00
 211   1.025390625000e+00    1.030273437500e+00
 212   1.030273437500e+00    1.035156250000e+00
 213   1.035156250000e+00    1.040039062500e+00
 214   1.040039062500e+00    1.044921875000e+00
 215   1.044921875000e+00    1.049804687500e+00
 216   1.049804687500e+00    1.054687500000e+00
 217   1.054687500000e+00    1.059570312500e+00
 218   1.059570312500e+00    1.064453125000e+00
 219   1.064453125000e+00    1.069335937500e+00
 220   1.069335937500e+00    1.074218750000e+00
 221   1.074218750000e+00    1.079101562500e+00
 222   1.079101562500e+00    1.083984375000e+00
 223   1.083984375000e+00    1.088867187500e+00
 224   1.088867187500e+00    1.093750000000e+00
 225   1.093750000000e+00    1.098632812500e+00
 226   1.098632812500e+00    1.103515625000e+00
 227   1.103515625000e+00    1.108398437500e+00
 228   1.108398437500e+00    1.113281250000e+00
 229   1.113281250000e+00    1.118164062500e+00
 230   1.118164062500e+00    1.123046875000e+00
 231   1.123046875000e+00    1.127929687500e+00
 232   1.127929687500e+00    1.132812500000e+00
 233   1.132812500000e+00    1.137695312500e+00
 234   1.137695312500e+00    1.142578125000e+00
 235   1.142578125000e+00    1.147460937500e+00
 236   1.147460937500e+00    1.152343750000e+00
 237   1.152343750000e+00    1.157226562500e+00
 238   1.157226562500e+00    1.162109375000e+00
 239   1.162109375000e+00    1.166992187500e+00
 240   1.166992187500e+00    1.171875000000e+00
 241   1.171875000000e+00    1.176757812500e+00
 242   1.176757812500e+00    1.181640625000e+00
 243   1.181640625000e+00    1.186523437500e+00
 244   1.186523437500e+00    1.191406250000e+00
 245   1.191406250000e+00    1.196289062500e+00
 246   1.196289062500e+00    1.201171875000e+00
 247   1.201171875000e+00    1.206054687500e+00
 248   1.206054687500e+00    1.210937500000e+00
 249   1.210937500000e+00    1.215820312500e+00
 250   1.215820312500e+00    1.220703125000e+00
 251   1.220703125000e+00    1.225585937500e+00
 252   1.225585937500e+00    1.230468750000e+00
 253   1.230468750000e+00    1.235351562500e+00
 254   1.235351562500e+00    1.240234375000e+00
 255   1.240234375000e+00    1.245117187500e+00
 256   1.245117187500e+00    1.250000000000e+00
 257   1.250000000000e+00    1.254882812500e+00
 258   1.254882812500e+00    1.259765625000e+00
 259   1.259765625000e+00    1.264648437500e+00
 260   1.264648437500e+00    1.269531250000e+00
 261   1.269531250000e+00    1.274414062500e+00
 262   1.274414062500e+00    1.279296875000e+00
 263   1.279296875000e+00    1.284179687500e+00
 264   1.284179687500e+00    1.289062500000e+00
 265   1.289062500000e+00    1.293945312500e+00
 266   1.293945312500e+00    1.298828125000e+00
 267   1.298828125000e+00    1.303710937500e+00
 268   1.303710937500e+00    1.308593750000e+00
 269   1.308593750000e+00    1.313476562500e+00
 270   1.313476562500e+00    1.318359375000e+00
 271   1.318359375000e+00    1.323242187500e+00
 272   1.323242187500e+00    1.328125000000e+00
 273   1.328125000000e+00    1.333007812500e+00
 274   1.333007812500e+00    1.337890625000e+00
 275   1.337890625000e+00    1.342773437500e+00
 276   1.342773437500e+00    1.347656250000e+00
 277   1.347656250000e+00    1.352539062500e+00
 278   1.352539062500e+00    1.357421875000e+00
 279   1.357421875000e+00    1.362304687500e+00
 280   1.362304687500e+00    1.367187500000e+00
 281   1.367187500000e+00    1.372070312500e+00
 282   1.372070312500e+00    1.376953125000e+00
 283   1.376953125000e+00    1.381835937500e+00
 284   1.381835937500e+00    1.386718750000e+00
 285   1.386718750000e+00    1.391601562500e+00
 286   1.391601562500e+00    1.396484375000e+00
 287   1.396484375000e+00    1.401367187500e+00
 288   1.401367187500e+00    1.406250000000e+00
 289   1.406250000000e+00    1.411132812500e+00
 290   1.411132812500e+00    1.416015625000e+00
 291   1.416015625000e+00    1.420898437500e+00
 292   1.420898437500e+00    1.425781250000e+00
 293   1.425781250000e+00    1.430664062500e+00
 294   1.430664062500e+00    1.435546875000e+00
 295   1.435546875000e+00    1.440429687500e+00
 296   1.440429687500e+00    1.445312500000e+00
 297   1.445312500000e+00    1.450195312500e+00
 298   1.450195312500e+00    1.455078125000e+00
 299   1.455078125000e+00    1.459960937500e+00
 300   1.459960937500e+00    1.464843750000e+00
 301   1.464843750000e+00    1.469726562500e+00
 302   1.469726562500e+00    1.474609375000e+00
 303   1.474609375000e+00    1.479492187500e+00
 304   1.479492187500e+00    1.484375000000e+00
 305   1.484375000000e+00    1.489257812500e+00
 306   1.489257812500e+00    1.494140625000e+00
 307   1.494140625000e+00    1.499023437500e+00
 308   1.499023437500e+00    1.503906250000e+00
 309   1.503906250000e+00    1.508789062500e+00
 310   1.508789062500e+00    1.513671875000e+00
 311   1.513671875000e+00    1.518554687500e+00
 312   1.518554687500e+00    1.523437500000e+00
 313   1.523437500000e+00    1.528320312500e+00
 314   1.528320312500e+00    1.533203125000e+00
 315   1.533203125000e+00    1.538085937500e+00
 316   1.538085937500e+00    1.542968750000e+00
 317   1.542968750000e+00    1.547851562500e+00
 318   1.547851562500e+00    1.552734375000e+00
 319   1.552734375000e+00    1.557617187500e+00
 320   1.557617187500e+00    1.562500000000e+00
 321   1.562500000000e+00    1.567382812500e+00
 322   1.567382812500e+00    1.572265625000e+00
 323   1.572265625000e+00    1.577148437500e+00
 324   1.577148437500e+00    1.582031250000e+00
 325   1.582031250000e+00    1.586914062500e+00
 326   1.586914062500e+00    1.591796875000e+00
 327   1.591796875000e+00    1.596679687500e+00
 328   1.596679687500e+00    1.601562500000e+00
 329   1.601562500000e+00    1.606445312500e+00
 330   1.606445312500e+00    1.611328125000e+00
 331   1.611328125000e+00    1.616210937500e+00
 332   1.616210937500e+00    1.621093750000e+00
 333   1.621093750000e+00    1.625976562500e+00
 334   1.625976562500e+00    1.630859375000e+00
 335   1.630859375000e+00    1.635742187500e+00
 336   1.635742187500e+00    1.640625000000e+00
 337   1.640625000000e+00    1.645507812500e+00
 338   1.645507812500e+00    1.650390625000e+00
 339   1.650390625000e+00    1.655273437500e+00
 340   1.655273437500e+00    1.660156250000e+00
 341   1.660156250000e+00    1.665039062500e+00
 342   1.665039062500e+00    1.669921875000e+00
 343   1.669921875000e+00    1.674804687500e+00
 344   1.674804687500e+00    1.679687500000e+00
 345   1.679687500000e+00    1.684570312500e+00
 346   1.684570312500e+00    1.689453125000e+00
 347   1.689453125000e+00    1.694335937500e+00
 348   1.694335937500e+00    1.699218750000e+00
 349   1.699218750000e+00    1.704101562500e+00
 350   1.704101562500e+00    1.708984375000e+00
 351   1.708984375000e+00    1.713867187500e+00
 352   1.713867187500e+00    1.718750000000e+00
 353   1.718750000000e+00    1.723632812500e+00
 354   1.723632812500e+00    1.728515625000e+00
 355   1.728515625000e+00    1.733398437500e+00
 356   1.733398437500e+00    1.738281250000e+00
 357   1.738281250000e+00    1.743164062500e+00
 358   1.743164062500e+00    1.748046875000e+00
 359   1.748046875000e+00    1.752929687500e+00
 360   1.752929687500e+00    1.757812500000e+00
 361   1.757812500000e+00    1.762695312500e+00
 362   1.762695312500e+00    1.767578125000e+00
 363   1.767578125000e+00    1.772460937500e+00
 364   1.772460937500e+00    1.777343750000e+00
 365   1.777343750000e+00    1.782226562500e+00
 366   1.782226562500e+00    1.787109375000e+00
 367   1.787109375000e+00    1.791992187500e+00
 368   1.791992187500e+00    1.796875000000e+00
 369   1.796875000000e+00    1.801757812500e+00
 370   1.801757812500e+00    1.806640625000e+00
 371   1.806640625000e+00    1.811523437500e+00
 372   1.811523437500e+00    1.816406250000e+00
 373   1.816406250000e+00    1.821289062500e+00
 374   1.821289062500e+00    1.826171875000e+00
 375   1.826171875000e+00    1.831054687500e+00
 376   1.831054687500e+00    1.835937500000e+00
 377   1.835937500000e+00    1.840820312500e+00
 378   1.840820312500e+00    1.845703125000e+00
 379   1.845703125000e+00    1.850585937500e+00
 380   1.850585937500e+00    1.855468750000e+00
 381   1.855468750000e+00    1.860351562500e+00
 382   1.860351562500e+00    1.865234375000e+00
 383   1.865234375000e+00    1.870117187500e+00
 384   1.870117187500e+00    1.875000000000e+00
 385   1.875000000000e+00    1.879882812500e+00
 386   1.879882812500e+00    1.884765625000e+00
 387   1.884765625000e+00    1.889648437500e+00
 388   1.889648437500e+00    1.894531250000e+00
 389   1.894531250000e+00    1.899414062500e+00
 390   1.899414062500e+00    1.904296875000e+00
 391   1.904296875000e+00    1.909179687500e+00
 392   1.909179687500e+00    1.914062500000e+00
 393   1.914062500000e+00    1.918945312500e+00
 394   1.918945312500e+00    1.923828125000e+00
 395   1.923828125000e+00    1.928710937500e+00
 396   1.928710937500e+00    1.933593750000e+00
 397   1.933593750000e+00    1.938476562500e+00
 398   1.938476562500e+00    1.943359375000e+00
 399   1.943359375000e+00    1.948242187500e+00
 400   1.948242187500e+00    1.953125000000e+00
 401   1.953125000000e+00    1.958007812500e+00
 402   1.958007812500e+00    1.962890625000e+00
 403   1.962890625000e+00    1.967773437500e+00
 404   1.967773437500e+00    1.972656250000e+00
 405   1.972656250000e+00    1.977539062500e+00
 406   1.977539062500e+00    1.982421875000e+00
 407   1.982421875000e+00    1.987304687500e+00
 408   1.987304687500e+00    1.992187500000e+00
 409   1.992187500000e+00    1.997070312500e+00
 410   1.997070312500e+00    2.001953125000e+00
 411   2.001953125000e+00    2.006835937500e+00
 412   2.006835937500e+00    2.011718750000e+00
 413   2.011718750000e+00    2.016601562500e+00
 414   2.016601562500e+00    2.021484375000e+00
 415   2.021484375000e+00    2.026367187500e+00
 416   2.026367187500e+00    2.031250000000e+00
 417   2.031250000000e+00    2.036132812500e+00
 418   2.036132812500e+00    2.041015625000e+00
 419   2.041015625000e+00    2.045898437500e+00
 420   2.045898437500e+00    2.050781250000e+00
 421   2.050781250000e+00    2.055664062500e+00
 422   2.055664062500e+00    2.060546875000e+00
 423   2.060546875000e+00    2.065429687500e+00
 424   2.065429687500e+00    2.070312500000e+00
 425   2.070312500000e+00    2.075195312500e+00
 426   2.075195312500e+00    2.080078125000e+00
 427   2.080078125000e+00    2.084960937500e+00
 428   2.084960937500e+00    2.089843750000e+00
 429   2.089843750000e+00    2.094726562500e+00
 430   2.094726562500e+00    2.099609375000e+00
 431   2.099609375000e+00    2.104492187500e+00
 432   2.104492187500e+00    2.109375000000e+00
 433   2.109375000000e+00    2.114257812500e+00
 434   2.114257812500e+00    2.119140625000e+00
 435   2.119140625000e+00    2.124023437500e+00
 436   2.124023437500e+00    2.128906250000e+00
 437   2.128906250000e+00    2.133789062500e+00
 438   2.133789062500e+00    2.138671875000e+00
 439   2.138671875000e+00    2.143554687500e+00
 440   2.143554687500e+00    2.148437500000e+00
 441   2.148437500000e+00    2.153320312500e+00
 442   2.153320312500e+00    2.158203125000e+00
 443   2.158203125000e+00    2.163085937500e+00
 444   2.163085937500e+00    2.167968750000e+00
 445   2.167968750000e+00    2.172851562500e+00
 446   2.172851562500e+00    2.177734375000e+00
 447   2.177734375000e+00    2.182617187500e+00
 448   2.182617187500e+00    2.187500000000e+00
 449   2.187500000000e+00    2.192382812500e+00
 450   2.192382812500e+00    2.197265625000e+00
 451   2.197265625000e+00    2.202148437500e+00
 452   2.202148437500e+00    2.207031250000e+00
 453   2.207031250000e+00    2.211914062500e+00
 454   2.211914062500e+00    2.216796875000e+00
 455   2.216796875000e+00    2.221679687500e+00
 456   2.221679687500e+00    2.226562500000e+00
 457   2.226562500000e+00    2.231445312500e+00
 458   2.231445312500e+00    2.236328125000e+00
 459   2.236328125000e+00    2.241210937500e+00
 460   2.241210937500e+00    2.246093750000e+00
 461   2.246093750000e+00    2.250976562500e+00
 462   2.250976562500e+00    2.255859375000e+00
 463   2.255859375000e+00    2.260742187500e+00
 464   2.260742187500e+00    2.265625000000e+00
 465   2.265625000000e+00    2.270507812500e+00
 466   2.270507812500e+00    2.275390625000e+00
 467   2.275390625000e+00    2.280273437500e+00
 468   2.280273437500e+00    2.285156250000e+00
 469   2.285156250000e+00    2.290039062500e+00
 470   2.290039062500e+00    2.294921875000e+00
 471   2.294921875000e+00    2.299804687500e+00
 472   2.299804687500e+00    2.304687500000e+00
 473   2.304687500000e+00    2.309570312500e+00
 474   2.309570312500e+00    2.314453125000e+00
 475   2.314453125000e+00    2.319335937500e+00
 476   2.319335937500e+00    2.324218750000e+00
 477   2.324218750000e+00    2.329101562500e+00
 478   2.329101562500e+00    2.333984375000e+00
 479   2.333984375000e+00    2.338867187500e+00
 480   2.338867187500e+00    2.343750000000e+00
 481   2.343750000000e+00    2.348632812500e+00
 482   2.348632812500e+00    2.353515625000e+00
 483   2.353515625000e+00    2.358398437500e+00
 484   2.358398437500e+00    2.363281250000e+00
 485   2.363281250000e+00    2.368164062500e+00
 486   2.368164062500e+00    2.373046875000e+00
 487   2.373046875000e+00    2.377929687500e+00
 488   2.377929687500e+00    2.382812500000e+00
 489   2.382812500000e+00    2.387695312500e+00
 490   2.387695312500e+00    2.392578125000e+00
 491   2.392578125000e+00    2.397460937500e+00
 492   2.397460937500e+00    2.402343750000e+00
 493   2.402343750000e+00    2.407226562500e+00
 494   2.407226562500e+00    2.412109375000e+00
 495   2.412109375000e+00    2.416992187500e+00
 496   2.416992187500e+00    2.421875000000e+00
 497   2.421875000000e+00    2.426757812500e+00
 498   2.426757812500e+00    2.431640625000e+00
 499   2.431640625000e+00    2.436523437500e+00
 500   2.436523437500e+00    2.441406250000e+00
 501   2.441406250000e+00    2.446289062500e+00
 502   2.446289062500e+00    2.451171875000e+00
 503   2.451171875000e+00    2.456054687500e+00
 504   2.456054687500e+00    2.460937500000e+00
 505   2.460937500000e+00    2.465820312500e+00
 506   2.465820312500e+00    2.470703125000e+00
 507   2.470703125000e+00    2.475585937500e+00
 508   2.475585937500e+00    2.480468750000e+00
 509   2.480468750000e+00    2.485351562500e+00
 510   2.485351562500e+00    2.490234375000e+00
 511   2.490234375000e+00    2.495117187500e+00
 512   2.495117187500e+00    2.500000000000e+00
 513   2.500000000000e+00    2.504882812500e+00
 514   2.504882812500e+00    2.509765625000e+00
 515   2.509765625000e+00    2.514648437500e+00
 516   2.514648437500e+00    2.519531250000e+00
 517   2.519531250000e+00    2.524414062500e+00
 518   2.524414062500e+00    2.529296875000e+00
 519   2.529296875000e+00    2.534179687500e+00
 520   2.534179687500e+00    2.539062500000e+00
 521   2.539062500000e+00    2.543945312500e+00
 522   2.543945312500e+00    2.548828125000e+00
 523   2.548828125000e+00    2.553710937500e+00
 524   2.553710937500e+00    2.558593750000e+00
 525   2.558593750000e+00    2.563476562500e+00
 526   2.563476562500e+00    2.568359375000e+00
 527   2.568359375000e+00    2.573242187500e+00
 528   2.573242187500e+00    2.578125000000e+00
 529   2.578125000000e+00    2.583007812500e+00
 530   2.583007812500e+00    2.587890625000e+00
 531   2.587890625000e+00    2.592773437500e+00
 532   2.592773437500e+00    2.597656250000e+00
 533   2.597656250000e+00    2.602539062500e+00
 534   2.602539062500e+00    2.607421875000e+00
 535   2.607421875000e+00    2.612304687500e+00
 536   2.612304687500e+00    2.617187500000e+00
 537   2.617187500000e+00    2.622070312500e+00
 538   2.622070312500e+00    2.626953125000e+00
 539   2.626953125000e+00    2.631835937500e+00
 540   2.631835937500e+00    2.636718750000e+00
 541   2.636718750000e+00    2.641601562500e+00
 542   2.641601562500e+00    2.646484375000e+00
 543   2.646484375000e+00    2.651367187500e+00
 544   2.651367187500e+00    2.656250000000e+00
 545   2.656250000000e+00    2.661132812500e+00
 546   2.661132812500e+00    2.666015625000e+00
 547   2.666015625000e+00    2.670898437500e+00
 548   2.670898437500e+00    2.675781250000e+00
 549   2.675781250000e+00    2.680664062500e+00
 550   2.680664062500e+00    2.685546875000e+00
 551   2.685546875000e+00    2.690429687500e+00
 552   2.690429687500e+00    2.695312500000e+00
 553   2.695312500000e+00    2.700195312500e+00
 554   2.700195312500e+00    2.705078125000e+00
 555   2.705078125000e+00    2.709960937500e+00
 556   2.709960937500e+00    2.714843750000e+00
 557   2.714843750000e+00    2.719726562500e+00
 558   2.719726562500e+00    2.724609375000e+00
 559   2.724609375000e+00    2.729492187500e+00
 560   2.729492187500e+00    2.734375000000e+00
 561   2.734375000000e+00    2.739257812500e+00
 562   2.739257812500e+00    2.744140625000e+00
 563   2.744140625000e+00    2.749023437500e+00
 564   2.749023437500e+00    2.753906250000e+00
 565   2.753906250000e+00    2.758789062500e+00
 566   2.758789062500e+00    2.763671875000e+00
 567   2.763671875000e+00    2.768554687500e+00
 568   2.768554687500e+00    2.773437500000e+00
 569   2.773437500000e+00    2.778320312500e+00
 570   2.778320312500e+00    2.783203125000e+00
 571   2.783203125000e+00    2.788085937500e+00
 572   2.788085937500e+00    2.792968750000e+00
 573   2.792968750000e+00    2.797851562500e+00
 574   2.797851562500e+00    2.802734375000e+00
 575   2.802734375000e+00    2.807617187500e+00
 576   2.807617187500e+00    2.812500000000e+00
 577   2.812500000000e+00    2.817382812500e+00
 578   2.817382812500e+00    2.822265625000e+00
 579   2.822265625000e+00    2.827148437500e+00
 580   2.827148437500e+00    2.832031250000e+00
 581   2.832031250000e+00    2.836914062500e+00
 582   2.836914062500e+00    2.841796875000e+00
 583   2.841796875000e+00    2.846679687500e+00
 584   2.846679687500e+00    2.851562500000e+00
 585   2.851562500000e+00    2.856445312500e+00
 586   2.856445312500e+00    2.861328125000e+00
 587   2.861328125000e+00    2.866210937500e+00
 588   2.866210937500e+00    2.871093750000e+00
 589   2.871093750000e+00    2.875976562500e+00
 590   2.875976562500e+00    2.880859375000e+00
 591   2.880859375000e+00    2.885742187500e+00
 592   2.885742187500e+00    2.890625000000e+00
 593   2.890625000000e+00    2.895507812500e+00
 594   2.895507812500e+00    2.900390625000e+00
 595   2.900390625000e+00    2.905273437500e+00
 596   2.905273437500e+00    2.910156250000e+00
 597   2.910156250000e+00    2.915039062500e+00
 598   2.915039062500e+00    2.919921875000e+00
 599   2.919921875000e+00    2.924804687500e+00
 600   2.924804687500e+00    2.929687500000e+00
 601   2.929687500000e+00    2.934570312500e+00
 602   2.934570312500e+00    2.939453125000e+00
 603   2.939453125000e+00    2.944335937500e+00
 604   2.944335937500e+00    2.949218750000e+00
 605   2.949218750000e+00    2.954101562500e+00
 606   2.954101562500e+00    2.958984375000e+00
 607   2.958984375000e+00    2.963867187500e+00
 608   2.963867187500e+00    2.968750000000e+00
 609   2.968750000000e+00    2.973632812500e+00
 610   2.973632812500e+00    2.978515625000e+00
 611   2.978515625000e+00    2.983398437500e+00
 612   2.983398437500e+00    2.988281250000e+00
 613   2.988281250000e+00    2.993164062500e+00
 614   2.993164062500e+00    2.998046875000e+00
 615   2.998046875000e+00    3.002929687500e+00
 616   3.002929687500e+00    3.007812500000e+00
 617   3.007812500000e+00    3.012695312500e+00
 618   3.012695312500e+00    3.017578125000e+00
 619   3.017578125000e+00    3.022460937500e+00
 620   3.022460937500e+00    3.027343750000e+00
 621   3.027343750000e+00    3.032226562500e+00
 622   3.032226562500e+00    3.037109375000e+00
 623   3.037109375000e+00    3.041992187500e+00
 624   3.041992187500e+00    3.046875000000e+00
 625   3.046875000000e+00    3.051757812500e+00
 626   3.051757812500e+00    3.056640625000e+00
 627   3.056640625000e+00    3.061523437500e+00
 628   3.061523437500e+00    3.066406250000e+00
 629   3.066406250000e+00    3.071289062500e+00
 630   3.071289062500e+00    3.076171875000e+00
 631   3.076171875000e+00    3.081054687500e+00
 632   3.081054687500e+00    3.085937500000e+00
 633   3.085937500000e+00    3.090820312500e+00
 634   3.090820312500e+00    3.095703125000e+00
 635   3.095703125000e+00    3.100585937500e+00
 636   3.100585937500e+00    3.105468750000e+00
 637   3.105468750000e+00    3.110351562500e+00
 638   3.110351562500e+00    3.115234375000e+00
 639   3.115234375000e+00    3.120117187500e+00
 640   3.120117187500e+00    3.125000000000e+00
 641   3.125000000000e+00    3.129882812500e+00
 642   3.129882812500e+00    3.134765625000e+00
 643   3.134765625000e+00    3.139648437500e+00
 644   3.139648437500e+00    3.144531250000e+00
 645   3.144531250000e+00    3.149414062500e+00
 646   3.149414062500e+00    3.154296875000e+00
 647   3.154296875000e+00    3.159179687500e+00
 648   3.159179687500e+00    3.164062500000e+00
 649   3.164062500000e+00    3.168945312500e+00
 650   3.168945312500e+00    3.173828125000e+00
 651   3.173828125000e+00    3.178710937500e+00
 652   3.178710937500e+00    3.183593750000e+00
 653   3.183593750000e+00    3.188476562500e+00
 654   3.188476562500e+00    3.193359375000e+00
 655   3.193359375000e+00    3.198242187500e+00
 656   3.198242187500e+00    3.203125000000e+00
 657   3.203125000000e+00    3.208007812500e+00
 658   3.208007812500e+00    3.212890625000e+00
 659   3.212890625000e+00    3.217773437500e+00
 660   3.217773437500e+00    3.222656250000e+00
 661   3.222656250000e+00    3.227539062500e+00
 662   3.227539062500e+00    3.232421875000e+00
 663   3.232421875000e+00    3.237304687500e+00
 664   3.237304687500e+00    3.242187500000e+00
 665   3.242187500000e+00    3.247070312500e+00
 666   3.247070312500e+00    3.251953125000e+00
 667   3.251953125000e+00    3.256835937500e+00
 668   3.256835937500e+00    3.261718750000e+00
 669   3.261718750000e+00    3.266601562500e+00
 670   3.266601562500e+00    3.271484375000e+00
 671   3.271484375000e+00    3.276367187500e+00
 672   3.276367187500e+00    3.281250000000e+00
 673   3.281250000000e+00    3.286132812500e+00
 674   3.286132812500e+00    3.291015625000e+00
 675   3.291015625000e+00    3.295898437500e+00
 676   3.295898437500e+00    3.300781250000e+00
 677   3.300781250000e+00    3.305664062500e+00
 678   3.305664062500e+00    3.310546875000e+00
 679   3.310546875000e+00    3.315429687500e+00
 680   3.315429687500e+00    3.320312500000e+00
 681   3.320312500000e+00    3.325195312500e+00
 682   3.325195312500e+00    3.330078125000e+00
 683   3.330078125000e+00    3.334960937500e+00
 684   3.334960937500e+00    3.339843750000e+00
 685   3.339843750000e+00    3.344726562500e+00
 686   3.344726562500e+00    3.349609375000e+00
 687   3.349609375000e+00    3.354492187500e+00
 688   3.354492187500e+00    3.359375000000e+00
 689   3.359375000000e+00    3.364257812500e+00
 690   3.364257812500e+00    3.369140625000e+00
 691   3.369140625000e+00    3.374023437500e+00
 692   3.374023437500e+00    3.378906250000e+00
 693   3.378906250000e+00    3.383789062500e+00
 694   3.383789062500e+00    3.388671875000e+00
 695   3.388671875000e+00    3.393554687500e+00
 696   3.393554687500e+00    3.398437500000e+00
 697   3.398437500000e+00    3.403320312500e+00
 698   3.403320312500e+00    3.408203125000e+00
 699   3.408203125000e+00    3.413085937500e+00
 700   3.413085937500e+00    3.417968750000e+00
 701   3.417968750000e+00    3.422851562500e+00
 702   3.422851562500e+00    3.427734375000e+00
 703   3.427734375000e+00    3.432617187500e+00
 704   3.432617187500e+00    3.437500000000e+00
 705   3.437500000000e+00    3.442382812500e+00
 706   3.442382812500e+00    3.447265625000e+00
 707   3.447265625000e+00    3.452148437500e+00
 708   3.452148437500e+00    3.457031250000e+00
 709   3.457031250000e+00    3.461914062500e+00
 710   3.461914062500e+00    3.466796875000e+00
 711   3.466796875000e+00    3.471679687500e+00
 712   3.471679687500e+00    3.476562500000e+00
 713   3.476562500000e+00    3.481445312500e+00
 714   3.481445312500e+00    3.486328125000e+00
 715   3.486328125000e+00    3.491210937500e+00
 716   3.491210937500e+00    3.496093750000e+00
 717   3.496093750000e+00    3.500976562500e+00
 718   3.500976562500e+00    3.505859375000e+00
 719   3.505859375000e+00    3.510742187500e+00
 720   3.510742187500e+00    3.515625000000e+00
 721   3.515625000000e+00    3.520507812500e+00
 722   3.520507812500e+00    3.525390625000e+00
 723   3.525390625000e+00    3.530273437500e+00
 724   3.530273437500e+00    3.535156250000e+00
 725   3.535156250000e+00    3.540039062500e+00
 726   3.540039062500e+00    3.544921875000e+00
 727   3.544921875000e+00    3.549804687500e+00
 728   3.549804687500e+00    3.554687500000e+00
 729   3.554687500000e+00    3.559570312500e+00
 730   3.559570312500e+00    3.564453125000e+00
 731   3.564453125000e+00    3.569335937500e+00
 732   3.569335937500e+00    3.574218750000e+00
 733   3.574218750000e+00    3.579101562500e+00
 734   3.579101562500e+00    3.583984375000e+00
 735   3.583984375000e+00    3.588867187500e+00
 736   3.588867187500e+00    3.593750000000e+00
 737   3.593750000000e+00    3.598632812500e+00
 738   3.598632812500e+00    3.603515625000e+00
 739   3.603515625000e+00    3.608398437500e+00
 740   3.608398437500e+00    3.613281250000e+00
 741   3.613281250000e+00    3.618164062500e+00
 742   3.618164062500e+00    3.623046875000e+00
 743   3.623046875000e+00    3.627929687500e+00
 744   3.627929687500e+00    3.632812500000e+00
 745   3.632812500000e+00    3.637695312500e+00
 746   3.637695312500e+00    3.642578125000e+00
 747   3.642578125000e+00    3.647460937500e+00
 748   3.647460937500e+00    3.652343750000e+00
 749   3.652343750000e+00    3.657226562500e+00
 750   3.657226562500e+00    3.662109375000e+00
 751   3.662109375000e+00    3.666992187500e+00
 752   3.666992187500e+00    3.671875000000e+00
 753   3.671875000000e+00    3.676757812500e+00
 754   3.676757812500e+00    3.681640625000e+00
 755   3.681640625000e+00    3.686523437500e+00
 756   3.686523437500e+00    3.691406250000e+00
 757   3.691406250000e+00    3.696289062500e+00
 758   3.696289062500e+00    3.701171875000e+00
 759   3.701171875000e+00    3.706054687500e+00
 760   3.706054687500e+00    3.710937500000e+00
 761   3.710937500000e+00    3.715820312500e+00
 762   3.715820312500e+00    3.720703125000e+00
 763   3.720703125000e+00    3.725585937500e+00
 764   3.725585937500e+00    3.730468750000e+00
 765   3.730468750000e+00    3.735351562500e+00
 766   3.735351562500e+00    3.740234375000e+00
 767   3.740234375000e+00    3.745117187500e+00
 768   3.745117187500e+00    3.750000000000e+00
 769   3.750000000000e+00    3.754882812500e+00
 770   3.754882812500e+00    3.759765625000e+00
 771   3.759765625000e+00    3.764648437500e+00
 772   3.764648437500e+00    3.769531250000e+00
 773   3.769531250000e+00    3.774414062500e+00
 774   3.774414062500e+00    3.779296875000e+00
 775   3.779296875000e+00    3.784179687500e+00
 776   3.784179687500e+00    3.789062500000e+00
 777   3.789062500000e+00    3.793945312500e+00
 778   3.793945312500e+00    3.798828125000e+00
 779   3.798828125000e+00    3.803710937500e+00
 780   3.803710937500e+00    3.808593750000e+00
 781   3.808593750000e+00    3.813476562500e+00
 782   3.813476562500e+00    3.818359375000e+00
 783   3.818359375000e+00    3.823242187500e+00
 784   3.823242187500e+00    3.828125000000e+00
 785   3.828125000000e+00    3.833007812500e+00
 786   3.833007812500e+00    3.837890625000e+00
 787   3.837890625000e+00    3.842773437500e+00
 788   3.842773437500e+00    3.847656250000e+00
 789   3.847656250000e+00    3.852539062500e+00
 790   3.852539062500e+00    3.857421875000e+00
 791   3.857421875000e+00    3.862304687500e+00
 792   3.862304687500e+00    3.867187500000e+00
 793   3.867187500000e+00    3.872070312500e+00
 794   3.872070312500e+00    3.876953125000e+00
 795   3.876953125000e+00    3.881835937500e+00
 796   3.881835937500e+00    3.886718750000e+00
 797   3.886718750000e+00    3.891601562500e+00
 798   3.891601562500e+00    3.896484375000e+00
 799   3.896484375000e+00    3.901367187500e+00
 800   3.901367187500e+00    3.906250000000e+00
 801   3.906250000000e+00    3.911132812500e+00
 802   3.911132812500e+00    3.916015625000e+00
 803   3.916015625000e+00    3.920898437500e+00
 804   3.920898437500e+00    3.925781250000e+00
 805   3.925781250000e+00    3.930664062500e+00
 806   3.930664062500e+00    3.935546875000e+00
 807   3.935546875000e+00    3.940429687500e+00
 808   3.940429687500e+00    3.945312500000e+00
 809   3.945312500000e+00    3.950195312500e+00
 810   3.950195312500e+00    3.955078125000e+00
 811   3.955078125000e+00    3.959960937500e+00
 812   3.959960937500e+00    3.964843750000e+00
 813   3.964843750000e+00    3.969726562500e+00
 814   3.969726562500e+00    3.974609375000e+00
 815   3.974609375000e+00    3.979492187500e+00
 816   3.979492187500e+00    3.984375000000e+00
 817   3.984375000000e+00    3.989257812500e+00
 818   3.989257812500e+00    3.994140625000e+00
 819   3.994140625000e+00    3.999023437500e+00
 820   3.999023437500e+00    4.003906250000e+00
 821   4.003906250000e+00    4.008789062500e+00
 822   4.008789062500e+00    4.013671875000e+00
 823   4.013671875000e+00    4.018554687500e+00
 824   4.018554687500e+00    4.023437500000e+00
 825   4.023437500000e+00    4.028320312500e+00
 826   4.028320312500e+00    4.033203125000e+00
 827   4.033203125000e+00    4.038085937500e+00
 828   4.038085937500e+00    4.042968750000e+00
 829   4.042968750000e+00    4.047851562500e+00
 830   4.047851562500e+00    4.052734375000e+00
 831   4.052734375000e+00    4.057617187500e+00
 832   4.057617187500e+00    4.062500000000e+00
 833   4.062500000000e+00    4.067382812500e+00
 834   4.067382812500e+00    4.072265625000e+00
 835   4.072265625000e+00    4.077148437500e+00
 836   4.077148437500e+00    4.082031250000e+00
 837   4.082031250000e+00    4.086914062500e+00
 838   4.086914062500e+00    4.091796875000e+00
 839   4.091796875000e+00    4.096679687500e+00
 840   4.096679687500e+00    4.101562500000e+00
 841   4.101562500000e+00    4.106445312500e+00
 842   4.106445312500e+00    4.111328125000e+00
 843   4.111328125000e+00    4.116210937500e+00
 844   4.116210937500e+00    4.121093750000e+00
 845   4.121093750000e+00    4.125976562500e+00
 846   4.125976562500e+00    4.130859375000e+00
 847   4.130859375000e+00    4.135742187500e+00
 848   4.135742187500e+00    4.140625000000e+00
 849   4.140625000000e+00    4.145507812500e+00
 850   4.145507812500e+00    4.150390625000e+00
 851   4.150390625000e+00    4.155273437500e+00
 852   4.155273437500e+00    4.160156250000e+00
 853   4.160156250000e+00    4.165039062500e+00
 854   4.165039062500e+00    4.169921875000e+00
 855   4.169921875000e+00    4.174804687500e+00
 856   4.174804687500e+00    4.179687500000e+00
 857   4.179687500000e+00    4.184570312500e+00
 858   4.184570312500e+00    4.189453125000e+00
 859   4.189453125000e+00    4.194335937500e+00
 860   4.194335937500e+00    4.199218750000e+00
 861   4.199218750000e+00    4.204101562500e+00
 862   4.204101562500e+00    4.208984375000e+00
 863   4.208984375000e+00    4.213867187500e+00
 864   4.213867187500e+00    4.218750000000e+00
 865   4.218750000000e+00    4.223632812500e+00
 866   4.223632812500e+00    4.228515625000e+00
 867   4.228515625000e+00    4.233398437500e+00
 868   4.233398437500e+00    4.238281250000e+00
 869   4.238281250000e+00    4.243164062500e+00
 870   4.243164062500e+00    4.248046875000e+00
 871   4.248046875000e+00    4.252929687500e+00
 872   4.252929687500e+00    4.257812500000e+00
 873   4.257812500000e+00    4.262695312500e+00
 874   4.262695312500e+00    4.267578125000e+00
 875   4.267578125000e+00    4.272460937500e+00
 876   4.272460937500e+00    4.277343750000e+00
 877   4.277343750000e+00    4.282226562500e+00
 878   4.282226562500e+00    4.287109375000e+00
 879   4.287109375000e+00    4.291992187500e+00
 880   4.291992187500e+00    4.296875000000e+00
 881   4.296875000000e+00    4.301757812500e+00
 882   4.301757812500e+00    4.306640625000e+00
 883   4.306640625000e+00    4.311523437500e+00
 884   4.311523437500e+00    4.316406250000e+00
 885   4.316406250000e+00    4.321289062500e+00
 886   4.321289062500e+00    4.326171875000e+00
 887   4.326171875000e+00    4.331054687500e+00
 888   4.331054687500e+00    4.335937500000e+00
 889   4.335937500000e+00    4.340820312500e+00
 890   4.340820312500e+00    4.345703125000e+00
 891   4.345703125000e+00    4.350585937500e+00
 892   4.350585937500e+00    4.355468750000e+00
 893   4.355468750000e+00    4.360351562500e+00
 894   4.360351562500e+00    4.365234375000e+00
 895   4.365234375000e+00    4.370117187500e+00
 896   4.370117187500e+00    4.375000000000e+00
 897   4.375000000000e+00    4.379882812500e+00
 898   4.379882812500e+00    4.384765625000e+00
 899   4.384765625000e+00    4.389648437500e+00
 900   4.389648437500e+00    4.394531250000e+00
 901   4.394531250000e+00    4.399414062500e+00
 902   4.399414062500e+00    4.404296875000e+00
 903   4.404296875000e+00    4.409179687500e+00
 904   4.409179687500e+00    4.414062500000e+00
 905   4.414062500000e+00    4.418945312500e+00
 906   4.418945312500e+00    4.423828125000e+00
 907   4.423828125000e+00    4.428710937500e+00
 908   4.428710937500e+00    4.433593750000e+00
 909   4.433593750000e+00    4.438476562500e+00
 910   4.438476562500e+00    4.443359375000e+00
 911   4.443359375000e+00    4.448242187500e+00
 912   4.448242187500e+00    4.453125000000e+00
 913   4.453125000000e+00    4.458007812500e+00
 914   4.458007812500e+00    4.462890625000e+00
 915   4.462890625000e+00    4.467773437500e+00
 916   4.467773437500e+00    4.472656250000e+00
 917   4.472656250000e+00    4.477539062500e+00
 918   4.477539062500e+00    4.482421875000e+00
 919   4.482421875000e+00    4.487304687500e+00
 920   4.487304687500e+00    4.492187500000e+00
 921   4.492187500000e+00    4.497070312500e+00
 922   4.497070312500e+00    4.501953125000e+00
 923   4.501953125000e+00    4.506835937500e+00
 924   4.506835937500e+00    4.511718750000e+00
 925   4.511718750000e+00    4.516601562500e+00
 926   4.516601562500e+00    4.521484375000e+00
 927   4.521484375000e+00    4.526367187500e+00
 928   4.526367187500e+00    4.531250000000e+00
 929   4.531250000000e+00    4.536132812500e+00
 930   4.536132812500e+00    4.541015625000e+00
 931   4.541015625000e+00    4.545898437500e+00
 932   4.545898437500e+00    4.550781250000e+00
 933   4.550781250000e+00    4.555664062500e+00
 934   4.555664062500e+00    4.560546875000e+00
 935   4.560546875000e+00    4.565429687500e+00
 936   4.565429687500e+00    4.570312500000e+00
 937   4.570312500000e+00    4.575195312500e+00
 938   4.575195312500e+00    4.580078125000e+00
 939   4.580078125000e+00    4.584960937500e+00
 940   4.584960937500e+00    4.589843750000e+00
 941   4.589843750000e+00    4.594726562500e+00
 942   4.594726562500e+00    4.599609375000e+00
 943   4.599609375000e+00    4.604492187500e+00
 944   4.604492187500e+00    4.609375000000e+00
 945   4.609375000000e+00    4.614257812500e+00
 946   4.614257812500e+00    4.619140625000e+00
 947   4.619140625000e+00    4.624023437500e+00
 948   4.624023437500e+00    4.628906250000e+00
 949   4.628906250000e+00    4.633789062500e+00
 950   4.633789062500e+00    4.638671875000e+00
 951   4.638671875000e+00    4.643554687500e+00
 952   4.643554687500e+00    4.648437500000e+00
 953   4.648437500000e+00    4.653320312500e+00
 954   4.653320312500e+00    4.658203125000e+00
 955   4.658203125000e+00    4.663085937500e+00
 956   4.663085937500e+00    4.667968750000e+00
 957   4.667968750000e+00    4.672851562500e+00
 958   4.672851562500e+00    4.677734375000e+00
 959   4.677734375000e+00    4.682617187500e+00
 960   4.682617187500e+00    4.687500000000e+00
 961   4.687500000000e+00    4.692382812500e+00
 962   4.692382812500e+00    4.697265625000e+00
 963   4.697265625000e+00    4.702148437500e+00
 964   4.702148437500e+00    4.707031250000e+00
 965   4.707031250000e+00    4.711914062500e+00
 966   4.711914062500e+00    4.716796875000e+00
 967   4.716796875000e+00    4.721679687500e+00
 968   4.721679687500e+00    4.726562500000e+00
 969   4.726562500000e+00    4.731445312500e+00
 970   4.731445312500e+00    4.736328125000e+00
 971   4.736328125000e+00    4.741210937500e+00
 972   4.741210937500e+00    4.746093750000e+00
 973   4.746093750000e+00    4.750976562500e+00
 974   4.750976562500e+00    4.755859375000e+00
 975   4.755859375000e+00    4.760742187500e+00
 976   4.760742187500e+00    4.765625000000e+00
 977   4.765625000000e+00    4.770507812500e+00
 978   4.770507812500e+00    4.775390625000e+00
 979   4.775390625000e+00    4.780273437500e+00
 980   4.780273437500e+00    4.785156250000e+00
 981   4.785156250000e+00    4.790039062500e+00
 982   4.790039062500e+00    4.794921875000e+00
 983   4.794921875000e+00    4.799804687500e+00
 984   4.799804687500e+00    4.804687500000e+00
 985   4.804687500000e+00    4.809570312500e+00
 986   4.809570312500e+00    4.814453125000e+00
 987   4.814453125000e+00    4.819335937500e+00
 988   4.819335937500e+00    4.824218750000e+00
 989   4.824218750000e+00    4.829101562500e+00
 990   4.829101562500e+00    4.833984375000e+00
 991   4.833984375000e+00    4.838867187500e+00
 992   4.838867187500e+00    4.843750000000e+00
 993   4.843750000000e+00    4.848632812500e+00
 994   4.848632812500e+00    4.853515625000e+00
 995   4.853515625000e+00    4.858398437500e+00
 996   4.858398437500e+00    4.863281250000e+00
 997   4.863281250000e+00    4.868164062500e+00
 998   4.868164062500e+00    4.873046875000e+00
 999   4.873046875000e+00    4.877929687500e+00
 1000   4.877929687500e+00    4.882812500000e+00
 1001   4.882812500000e+00    4.887695312500e+00
 1002   4.887695312500e+00    4.892578125000e+00
 1003   4.892578125000e+00    4.897460937500e+00
 1004   4.897460937500e+00    4.902343750000e+00
 1005   4.902343750000e+00    4.907226562500e+00
 1006   4.907226562500e+00    4.912109375000e+00
 1007   4.912109375000e+00    4.916992187500e+00
 1008   4.916992187500e+00    4.921875000000e+00
 1009   4.921875000000e+00    4.926757812500e+00
 1010   4.926757812500e+00    4.931640625000e+00
 1011   4.931640625000e+00    4.936523437500e+00
 1012   4.936523437500e+00    4.941406250000e+00
 1013   4.941406250000e+00    4.946289062500e+00
 1014   4.946289062500e+00    4.951171875000e+00
 1015   4.951171875000e+00    4.956054687500e+00
 1016   4.956054687500e+00    4.960937500000e+00
 1017   4.960937500000e+00    4.965820312500e+00
 1018   4.965820312500e+00    4.970703125000e+00
 1019   4.970703125000e+00    4.975585937500e+00
 1020   4.975585937500e+00    4.980468750000e+00
 1021   4.980468750000e+00    4.985351562500e+00
 1022   4.985351562500e+00    4.990234375000e+00
 1023   4.990234375000e+00    4.995117187500e+00
 1024   4.995117187500e+00    5.000000000000e+00
1 
 1   0.000000000000e+00    1.000000000000e+00
