# ******************************************************
# PLUTO 4.3 Grid File
# Generated on  Thu Apr 23 18:52:02 2020
# 
# DIMENSIONS: 2
# GEOMETRY:   CYLINDRICAL
# X1: [ 0.000000,  5.000000], 256 point(s), 2 ghosts
# X2: [ 0.000000,  5.000000], 256 point(s), 2 ghosts
# ******************************************************
256 
 1   0.000000000000e+00    1.953125000000e-02
 2   1.953125000000e-02    3.906250000000e-02
 3   3.906250000000e-02    5.859375000000e-02
 4   5.859375000000e-02    7.812500000000e-02
 5   7.812500000000e-02    9.765625000000e-02
 6   9.765625000000e-02    1.171875000000e-01
 7   1.171875000000e-01    1.367187500000e-01
 8   1.367187500000e-01    1.562500000000e-01
 9   1.562500000000e-01    1.757812500000e-01
 10   1.757812500000e-01    1.953125000000e-01
 11   1.953125000000e-01    2.148437500000e-01
 12   2.148437500000e-01    2.343750000000e-01
 13   2.343750000000e-01    2.539062500000e-01
 14   2.539062500000e-01    2.734375000000e-01
 15   2.734375000000e-01    2.929687500000e-01
 16   2.929687500000e-01    3.125000000000e-01
 17   3.125000000000e-01    3.320312500000e-01
 18   3.320312500000e-01    3.515625000000e-01
 19   3.515625000000e-01    3.710937500000e-01
 20   3.710937500000e-01    3.906250000000e-01
 21   3.906250000000e-01    4.101562500000e-01
 22   4.101562500000e-01    4.296875000000e-01
 23   4.296875000000e-01    4.492187500000e-01
 24   4.492187500000e-01    4.687500000000e-01
 25   4.687500000000e-01    4.882812500000e-01
 26   4.882812500000e-01    5.078125000000e-01
 27   5.078125000000e-01    5.273437500000e-01
 28   5.273437500000e-01    5.468750000000e-01
 29   5.468750000000e-01    5.664062500000e-01
 30   5.664062500000e-01    5.859375000000e-01
 31   5.859375000000e-01    6.054687500000e-01
 32   6.054687500000e-01    6.250000000000e-01
 33   6.250000000000e-01    6.445312500000e-01
 34   6.445312500000e-01    6.640625000000e-01
 35   6.640625000000e-01    6.835937500000e-01
 36   6.835937500000e-01    7.031250000000e-01
 37   7.031250000000e-01    7.226562500000e-01
 38   7.226562500000e-01    7.421875000000e-01
 39   7.421875000000e-01    7.617187500000e-01
 40   7.617187500000e-01    7.812500000000e-01
 41   7.812500000000e-01    8.007812500000e-01
 42   8.007812500000e-01    8.203125000000e-01
 43   8.203125000000e-01    8.398437500000e-01
 44   8.398437500000e-01    8.593750000000e-01
 45   8.593750000000e-01    8.789062500000e-01
 46   8.789062500000e-01    8.984375000000e-01
 47   8.984375000000e-01    9.179687500000e-01
 48   9.179687500000e-01    9.375000000000e-01
 49   9.375000000000e-01    9.570312500000e-01
 50   9.570312500000e-01    9.765625000000e-01
 51   9.765625000000e-01    9.960937500000e-01
 52   9.960937500000e-01    1.015625000000e+00
 53   1.015625000000e+00    1.035156250000e+00
 54   1.035156250000e+00    1.054687500000e+00
 55   1.054687500000e+00    1.074218750000e+00
 56   1.074218750000e+00    1.093750000000e+00
 57   1.093750000000e+00    1.113281250000e+00
 58   1.113281250000e+00    1.132812500000e+00
 59   1.132812500000e+00    1.152343750000e+00
 60   1.152343750000e+00    1.171875000000e+00
 61   1.171875000000e+00    1.191406250000e+00
 62   1.191406250000e+00    1.210937500000e+00
 63   1.210937500000e+00    1.230468750000e+00
 64   1.230468750000e+00    1.250000000000e+00
 65   1.250000000000e+00    1.269531250000e+00
 66   1.269531250000e+00    1.289062500000e+00
 67   1.289062500000e+00    1.308593750000e+00
 68   1.308593750000e+00    1.328125000000e+00
 69   1.328125000000e+00    1.347656250000e+00
 70   1.347656250000e+00    1.367187500000e+00
 71   1.367187500000e+00    1.386718750000e+00
 72   1.386718750000e+00    1.406250000000e+00
 73   1.406250000000e+00    1.425781250000e+00
 74   1.425781250000e+00    1.445312500000e+00
 75   1.445312500000e+00    1.464843750000e+00
 76   1.464843750000e+00    1.484375000000e+00
 77   1.484375000000e+00    1.503906250000e+00
 78   1.503906250000e+00    1.523437500000e+00
 79   1.523437500000e+00    1.542968750000e+00
 80   1.542968750000e+00    1.562500000000e+00
 81   1.562500000000e+00    1.582031250000e+00
 82   1.582031250000e+00    1.601562500000e+00
 83   1.601562500000e+00    1.621093750000e+00
 84   1.621093750000e+00    1.640625000000e+00
 85   1.640625000000e+00    1.660156250000e+00
 86   1.660156250000e+00    1.679687500000e+00
 87   1.679687500000e+00    1.699218750000e+00
 88   1.699218750000e+00    1.718750000000e+00
 89   1.718750000000e+00    1.738281250000e+00
 90   1.738281250000e+00    1.757812500000e+00
 91   1.757812500000e+00    1.777343750000e+00
 92   1.777343750000e+00    1.796875000000e+00
 93   1.796875000000e+00    1.816406250000e+00
 94   1.816406250000e+00    1.835937500000e+00
 95   1.835937500000e+00    1.855468750000e+00
 96   1.855468750000e+00    1.875000000000e+00
 97   1.875000000000e+00    1.894531250000e+00
 98   1.894531250000e+00    1.914062500000e+00
 99   1.914062500000e+00    1.933593750000e+00
 100   1.933593750000e+00    1.953125000000e+00
 101   1.953125000000e+00    1.972656250000e+00
 102   1.972656250000e+00    1.992187500000e+00
 103   1.992187500000e+00    2.011718750000e+00
 104   2.011718750000e+00    2.031250000000e+00
 105   2.031250000000e+00    2.050781250000e+00
 106   2.050781250000e+00    2.070312500000e+00
 107   2.070312500000e+00    2.089843750000e+00
 108   2.089843750000e+00    2.109375000000e+00
 109   2.109375000000e+00    2.128906250000e+00
 110   2.128906250000e+00    2.148437500000e+00
 111   2.148437500000e+00    2.167968750000e+00
 112   2.167968750000e+00    2.187500000000e+00
 113   2.187500000000e+00    2.207031250000e+00
 114   2.207031250000e+00    2.226562500000e+00
 115   2.226562500000e+00    2.246093750000e+00
 116   2.246093750000e+00    2.265625000000e+00
 117   2.265625000000e+00    2.285156250000e+00
 118   2.285156250000e+00    2.304687500000e+00
 119   2.304687500000e+00    2.324218750000e+00
 120   2.324218750000e+00    2.343750000000e+00
 121   2.343750000000e+00    2.363281250000e+00
 122   2.363281250000e+00    2.382812500000e+00
 123   2.382812500000e+00    2.402343750000e+00
 124   2.402343750000e+00    2.421875000000e+00
 125   2.421875000000e+00    2.441406250000e+00
 126   2.441406250000e+00    2.460937500000e+00
 127   2.460937500000e+00    2.480468750000e+00
 128   2.480468750000e+00    2.500000000000e+00
 129   2.500000000000e+00    2.519531250000e+00
 130   2.519531250000e+00    2.539062500000e+00
 131   2.539062500000e+00    2.558593750000e+00
 132   2.558593750000e+00    2.578125000000e+00
 133   2.578125000000e+00    2.597656250000e+00
 134   2.597656250000e+00    2.617187500000e+00
 135   2.617187500000e+00    2.636718750000e+00
 136   2.636718750000e+00    2.656250000000e+00
 137   2.656250000000e+00    2.675781250000e+00
 138   2.675781250000e+00    2.695312500000e+00
 139   2.695312500000e+00    2.714843750000e+00
 140   2.714843750000e+00    2.734375000000e+00
 141   2.734375000000e+00    2.753906250000e+00
 142   2.753906250000e+00    2.773437500000e+00
 143   2.773437500000e+00    2.792968750000e+00
 144   2.792968750000e+00    2.812500000000e+00
 145   2.812500000000e+00    2.832031250000e+00
 146   2.832031250000e+00    2.851562500000e+00
 147   2.851562500000e+00    2.871093750000e+00
 148   2.871093750000e+00    2.890625000000e+00
 149   2.890625000000e+00    2.910156250000e+00
 150   2.910156250000e+00    2.929687500000e+00
 151   2.929687500000e+00    2.949218750000e+00
 152   2.949218750000e+00    2.968750000000e+00
 153   2.968750000000e+00    2.988281250000e+00
 154   2.988281250000e+00    3.007812500000e+00
 155   3.007812500000e+00    3.027343750000e+00
 156   3.027343750000e+00    3.046875000000e+00
 157   3.046875000000e+00    3.066406250000e+00
 158   3.066406250000e+00    3.085937500000e+00
 159   3.085937500000e+00    3.105468750000e+00
 160   3.105468750000e+00    3.125000000000e+00
 161   3.125000000000e+00    3.144531250000e+00
 162   3.144531250000e+00    3.164062500000e+00
 163   3.164062500000e+00    3.183593750000e+00
 164   3.183593750000e+00    3.203125000000e+00
 165   3.203125000000e+00    3.222656250000e+00
 166   3.222656250000e+00    3.242187500000e+00
 167   3.242187500000e+00    3.261718750000e+00
 168   3.261718750000e+00    3.281250000000e+00
 169   3.281250000000e+00    3.300781250000e+00
 170   3.300781250000e+00    3.320312500000e+00
 171   3.320312500000e+00    3.339843750000e+00
 172   3.339843750000e+00    3.359375000000e+00
 173   3.359375000000e+00    3.378906250000e+00
 174   3.378906250000e+00    3.398437500000e+00
 175   3.398437500000e+00    3.417968750000e+00
 176   3.417968750000e+00    3.437500000000e+00
 177   3.437500000000e+00    3.457031250000e+00
 178   3.457031250000e+00    3.476562500000e+00
 179   3.476562500000e+00    3.496093750000e+00
 180   3.496093750000e+00    3.515625000000e+00
 181   3.515625000000e+00    3.535156250000e+00
 182   3.535156250000e+00    3.554687500000e+00
 183   3.554687500000e+00    3.574218750000e+00
 184   3.574218750000e+00    3.593750000000e+00
 185   3.593750000000e+00    3.613281250000e+00
 186   3.613281250000e+00    3.632812500000e+00
 187   3.632812500000e+00    3.652343750000e+00
 188   3.652343750000e+00    3.671875000000e+00
 189   3.671875000000e+00    3.691406250000e+00
 190   3.691406250000e+00    3.710937500000e+00
 191   3.710937500000e+00    3.730468750000e+00
 192   3.730468750000e+00    3.750000000000e+00
 193   3.750000000000e+00    3.769531250000e+00
 194   3.769531250000e+00    3.789062500000e+00
 195   3.789062500000e+00    3.808593750000e+00
 196   3.808593750000e+00    3.828125000000e+00
 197   3.828125000000e+00    3.847656250000e+00
 198   3.847656250000e+00    3.867187500000e+00
 199   3.867187500000e+00    3.886718750000e+00
 200   3.886718750000e+00    3.906250000000e+00
 201   3.906250000000e+00    3.925781250000e+00
 202   3.925781250000e+00    3.945312500000e+00
 203   3.945312500000e+00    3.964843750000e+00
 204   3.964843750000e+00    3.984375000000e+00
 205   3.984375000000e+00    4.003906250000e+00
 206   4.003906250000e+00    4.023437500000e+00
 207   4.023437500000e+00    4.042968750000e+00
 208   4.042968750000e+00    4.062500000000e+00
 209   4.062500000000e+00    4.082031250000e+00
 210   4.082031250000e+00    4.101562500000e+00
 211   4.101562500000e+00    4.121093750000e+00
 212   4.121093750000e+00    4.140625000000e+00
 213   4.140625000000e+00    4.160156250000e+00
 214   4.160156250000e+00    4.179687500000e+00
 215   4.179687500000e+00    4.199218750000e+00
 216   4.199218750000e+00    4.218750000000e+00
 217   4.218750000000e+00    4.238281250000e+00
 218   4.238281250000e+00    4.257812500000e+00
 219   4.257812500000e+00    4.277343750000e+00
 220   4.277343750000e+00    4.296875000000e+00
 221   4.296875000000e+00    4.316406250000e+00
 222   4.316406250000e+00    4.335937500000e+00
 223   4.335937500000e+00    4.355468750000e+00
 224   4.355468750000e+00    4.375000000000e+00
 225   4.375000000000e+00    4.394531250000e+00
 226   4.394531250000e+00    4.414062500000e+00
 227   4.414062500000e+00    4.433593750000e+00
 228   4.433593750000e+00    4.453125000000e+00
 229   4.453125000000e+00    4.472656250000e+00
 230   4.472656250000e+00    4.492187500000e+00
 231   4.492187500000e+00    4.511718750000e+00
 232   4.511718750000e+00    4.531250000000e+00
 233   4.531250000000e+00    4.550781250000e+00
 234   4.550781250000e+00    4.570312500000e+00
 235   4.570312500000e+00    4.589843750000e+00
 236   4.589843750000e+00    4.609375000000e+00
 237   4.609375000000e+00    4.628906250000e+00
 238   4.628906250000e+00    4.648437500000e+00
 239   4.648437500000e+00    4.667968750000e+00
 240   4.667968750000e+00    4.687500000000e+00
 241   4.687500000000e+00    4.707031250000e+00
 242   4.707031250000e+00    4.726562500000e+00
 243   4.726562500000e+00    4.746093750000e+00
 244   4.746093750000e+00    4.765625000000e+00
 245   4.765625000000e+00    4.785156250000e+00
 246   4.785156250000e+00    4.804687500000e+00
 247   4.804687500000e+00    4.824218750000e+00
 248   4.824218750000e+00    4.843750000000e+00
 249   4.843750000000e+00    4.863281250000e+00
 250   4.863281250000e+00    4.882812500000e+00
 251   4.882812500000e+00    4.902343750000e+00
 252   4.902343750000e+00    4.921875000000e+00
 253   4.921875000000e+00    4.941406250000e+00
 254   4.941406250000e+00    4.960937500000e+00
 255   4.960937500000e+00    4.980468750000e+00
 256   4.980468750000e+00    5.000000000000e+00
256 
 1   0.000000000000e+00    1.953125000000e-02
 2   1.953125000000e-02    3.906250000000e-02
 3   3.906250000000e-02    5.859375000000e-02
 4   5.859375000000e-02    7.812500000000e-02
 5   7.812500000000e-02    9.765625000000e-02
 6   9.765625000000e-02    1.171875000000e-01
 7   1.171875000000e-01    1.367187500000e-01
 8   1.367187500000e-01    1.562500000000e-01
 9   1.562500000000e-01    1.757812500000e-01
 10   1.757812500000e-01    1.953125000000e-01
 11   1.953125000000e-01    2.148437500000e-01
 12   2.148437500000e-01    2.343750000000e-01
 13   2.343750000000e-01    2.539062500000e-01
 14   2.539062500000e-01    2.734375000000e-01
 15   2.734375000000e-01    2.929687500000e-01
 16   2.929687500000e-01    3.125000000000e-01
 17   3.125000000000e-01    3.320312500000e-01
 18   3.320312500000e-01    3.515625000000e-01
 19   3.515625000000e-01    3.710937500000e-01
 20   3.710937500000e-01    3.906250000000e-01
 21   3.906250000000e-01    4.101562500000e-01
 22   4.101562500000e-01    4.296875000000e-01
 23   4.296875000000e-01    4.492187500000e-01
 24   4.492187500000e-01    4.687500000000e-01
 25   4.687500000000e-01    4.882812500000e-01
 26   4.882812500000e-01    5.078125000000e-01
 27   5.078125000000e-01    5.273437500000e-01
 28   5.273437500000e-01    5.468750000000e-01
 29   5.468750000000e-01    5.664062500000e-01
 30   5.664062500000e-01    5.859375000000e-01
 31   5.859375000000e-01    6.054687500000e-01
 32   6.054687500000e-01    6.250000000000e-01
 33   6.250000000000e-01    6.445312500000e-01
 34   6.445312500000e-01    6.640625000000e-01
 35   6.640625000000e-01    6.835937500000e-01
 36   6.835937500000e-01    7.031250000000e-01
 37   7.031250000000e-01    7.226562500000e-01
 38   7.226562500000e-01    7.421875000000e-01
 39   7.421875000000e-01    7.617187500000e-01
 40   7.617187500000e-01    7.812500000000e-01
 41   7.812500000000e-01    8.007812500000e-01
 42   8.007812500000e-01    8.203125000000e-01
 43   8.203125000000e-01    8.398437500000e-01
 44   8.398437500000e-01    8.593750000000e-01
 45   8.593750000000e-01    8.789062500000e-01
 46   8.789062500000e-01    8.984375000000e-01
 47   8.984375000000e-01    9.179687500000e-01
 48   9.179687500000e-01    9.375000000000e-01
 49   9.375000000000e-01    9.570312500000e-01
 50   9.570312500000e-01    9.765625000000e-01
 51   9.765625000000e-01    9.960937500000e-01
 52   9.960937500000e-01    1.015625000000e+00
 53   1.015625000000e+00    1.035156250000e+00
 54   1.035156250000e+00    1.054687500000e+00
 55   1.054687500000e+00    1.074218750000e+00
 56   1.074218750000e+00    1.093750000000e+00
 57   1.093750000000e+00    1.113281250000e+00
 58   1.113281250000e+00    1.132812500000e+00
 59   1.132812500000e+00    1.152343750000e+00
 60   1.152343750000e+00    1.171875000000e+00
 61   1.171875000000e+00    1.191406250000e+00
 62   1.191406250000e+00    1.210937500000e+00
 63   1.210937500000e+00    1.230468750000e+00
 64   1.230468750000e+00    1.250000000000e+00
 65   1.250000000000e+00    1.269531250000e+00
 66   1.269531250000e+00    1.289062500000e+00
 67   1.289062500000e+00    1.308593750000e+00
 68   1.308593750000e+00    1.328125000000e+00
 69   1.328125000000e+00    1.347656250000e+00
 70   1.347656250000e+00    1.367187500000e+00
 71   1.367187500000e+00    1.386718750000e+00
 72   1.386718750000e+00    1.406250000000e+00
 73   1.406250000000e+00    1.425781250000e+00
 74   1.425781250000e+00    1.445312500000e+00
 75   1.445312500000e+00    1.464843750000e+00
 76   1.464843750000e+00    1.484375000000e+00
 77   1.484375000000e+00    1.503906250000e+00
 78   1.503906250000e+00    1.523437500000e+00
 79   1.523437500000e+00    1.542968750000e+00
 80   1.542968750000e+00    1.562500000000e+00
 81   1.562500000000e+00    1.582031250000e+00
 82   1.582031250000e+00    1.601562500000e+00
 83   1.601562500000e+00    1.621093750000e+00
 84   1.621093750000e+00    1.640625000000e+00
 85   1.640625000000e+00    1.660156250000e+00
 86   1.660156250000e+00    1.679687500000e+00
 87   1.679687500000e+00    1.699218750000e+00
 88   1.699218750000e+00    1.718750000000e+00
 89   1.718750000000e+00    1.738281250000e+00
 90   1.738281250000e+00    1.757812500000e+00
 91   1.757812500000e+00    1.777343750000e+00
 92   1.777343750000e+00    1.796875000000e+00
 93   1.796875000000e+00    1.816406250000e+00
 94   1.816406250000e+00    1.835937500000e+00
 95   1.835937500000e+00    1.855468750000e+00
 96   1.855468750000e+00    1.875000000000e+00
 97   1.875000000000e+00    1.894531250000e+00
 98   1.894531250000e+00    1.914062500000e+00
 99   1.914062500000e+00    1.933593750000e+00
 100   1.933593750000e+00    1.953125000000e+00
 101   1.953125000000e+00    1.972656250000e+00
 102   1.972656250000e+00    1.992187500000e+00
 103   1.992187500000e+00    2.011718750000e+00
 104   2.011718750000e+00    2.031250000000e+00
 105   2.031250000000e+00    2.050781250000e+00
 106   2.050781250000e+00    2.070312500000e+00
 107   2.070312500000e+00    2.089843750000e+00
 108   2.089843750000e+00    2.109375000000e+00
 109   2.109375000000e+00    2.128906250000e+00
 110   2.128906250000e+00    2.148437500000e+00
 111   2.148437500000e+00    2.167968750000e+00
 112   2.167968750000e+00    2.187500000000e+00
 113   2.187500000000e+00    2.207031250000e+00
 114   2.207031250000e+00    2.226562500000e+00
 115   2.226562500000e+00    2.246093750000e+00
 116   2.246093750000e+00    2.265625000000e+00
 117   2.265625000000e+00    2.285156250000e+00
 118   2.285156250000e+00    2.304687500000e+00
 119   2.304687500000e+00    2.324218750000e+00
 120   2.324218750000e+00    2.343750000000e+00
 121   2.343750000000e+00    2.363281250000e+00
 122   2.363281250000e+00    2.382812500000e+00
 123   2.382812500000e+00    2.402343750000e+00
 124   2.402343750000e+00    2.421875000000e+00
 125   2.421875000000e+00    2.441406250000e+00
 126   2.441406250000e+00    2.460937500000e+00
 127   2.460937500000e+00    2.480468750000e+00
 128   2.480468750000e+00    2.500000000000e+00
 129   2.500000000000e+00    2.519531250000e+00
 130   2.519531250000e+00    2.539062500000e+00
 131   2.539062500000e+00    2.558593750000e+00
 132   2.558593750000e+00    2.578125000000e+00
 133   2.578125000000e+00    2.597656250000e+00
 134   2.597656250000e+00    2.617187500000e+00
 135   2.617187500000e+00    2.636718750000e+00
 136   2.636718750000e+00    2.656250000000e+00
 137   2.656250000000e+00    2.675781250000e+00
 138   2.675781250000e+00    2.695312500000e+00
 139   2.695312500000e+00    2.714843750000e+00
 140   2.714843750000e+00    2.734375000000e+00
 141   2.734375000000e+00    2.753906250000e+00
 142   2.753906250000e+00    2.773437500000e+00
 143   2.773437500000e+00    2.792968750000e+00
 144   2.792968750000e+00    2.812500000000e+00
 145   2.812500000000e+00    2.832031250000e+00
 146   2.832031250000e+00    2.851562500000e+00
 147   2.851562500000e+00    2.871093750000e+00
 148   2.871093750000e+00    2.890625000000e+00
 149   2.890625000000e+00    2.910156250000e+00
 150   2.910156250000e+00    2.929687500000e+00
 151   2.929687500000e+00    2.949218750000e+00
 152   2.949218750000e+00    2.968750000000e+00
 153   2.968750000000e+00    2.988281250000e+00
 154   2.988281250000e+00    3.007812500000e+00
 155   3.007812500000e+00    3.027343750000e+00
 156   3.027343750000e+00    3.046875000000e+00
 157   3.046875000000e+00    3.066406250000e+00
 158   3.066406250000e+00    3.085937500000e+00
 159   3.085937500000e+00    3.105468750000e+00
 160   3.105468750000e+00    3.125000000000e+00
 161   3.125000000000e+00    3.144531250000e+00
 162   3.144531250000e+00    3.164062500000e+00
 163   3.164062500000e+00    3.183593750000e+00
 164   3.183593750000e+00    3.203125000000e+00
 165   3.203125000000e+00    3.222656250000e+00
 166   3.222656250000e+00    3.242187500000e+00
 167   3.242187500000e+00    3.261718750000e+00
 168   3.261718750000e+00    3.281250000000e+00
 169   3.281250000000e+00    3.300781250000e+00
 170   3.300781250000e+00    3.320312500000e+00
 171   3.320312500000e+00    3.339843750000e+00
 172   3.339843750000e+00    3.359375000000e+00
 173   3.359375000000e+00    3.378906250000e+00
 174   3.378906250000e+00    3.398437500000e+00
 175   3.398437500000e+00    3.417968750000e+00
 176   3.417968750000e+00    3.437500000000e+00
 177   3.437500000000e+00    3.457031250000e+00
 178   3.457031250000e+00    3.476562500000e+00
 179   3.476562500000e+00    3.496093750000e+00
 180   3.496093750000e+00    3.515625000000e+00
 181   3.515625000000e+00    3.535156250000e+00
 182   3.535156250000e+00    3.554687500000e+00
 183   3.554687500000e+00    3.574218750000e+00
 184   3.574218750000e+00    3.593750000000e+00
 185   3.593750000000e+00    3.613281250000e+00
 186   3.613281250000e+00    3.632812500000e+00
 187   3.632812500000e+00    3.652343750000e+00
 188   3.652343750000e+00    3.671875000000e+00
 189   3.671875000000e+00    3.691406250000e+00
 190   3.691406250000e+00    3.710937500000e+00
 191   3.710937500000e+00    3.730468750000e+00
 192   3.730468750000e+00    3.750000000000e+00
 193   3.750000000000e+00    3.769531250000e+00
 194   3.769531250000e+00    3.789062500000e+00
 195   3.789062500000e+00    3.808593750000e+00
 196   3.808593750000e+00    3.828125000000e+00
 197   3.828125000000e+00    3.847656250000e+00
 198   3.847656250000e+00    3.867187500000e+00
 199   3.867187500000e+00    3.886718750000e+00
 200   3.886718750000e+00    3.906250000000e+00
 201   3.906250000000e+00    3.925781250000e+00
 202   3.925781250000e+00    3.945312500000e+00
 203   3.945312500000e+00    3.964843750000e+00
 204   3.964843750000e+00    3.984375000000e+00
 205   3.984375000000e+00    4.003906250000e+00
 206   4.003906250000e+00    4.023437500000e+00
 207   4.023437500000e+00    4.042968750000e+00
 208   4.042968750000e+00    4.062500000000e+00
 209   4.062500000000e+00    4.082031250000e+00
 210   4.082031250000e+00    4.101562500000e+00
 211   4.101562500000e+00    4.121093750000e+00
 212   4.121093750000e+00    4.140625000000e+00
 213   4.140625000000e+00    4.160156250000e+00
 214   4.160156250000e+00    4.179687500000e+00
 215   4.179687500000e+00    4.199218750000e+00
 216   4.199218750000e+00    4.218750000000e+00
 217   4.218750000000e+00    4.238281250000e+00
 218   4.238281250000e+00    4.257812500000e+00
 219   4.257812500000e+00    4.277343750000e+00
 220   4.277343750000e+00    4.296875000000e+00
 221   4.296875000000e+00    4.316406250000e+00
 222   4.316406250000e+00    4.335937500000e+00
 223   4.335937500000e+00    4.355468750000e+00
 224   4.355468750000e+00    4.375000000000e+00
 225   4.375000000000e+00    4.394531250000e+00
 226   4.394531250000e+00    4.414062500000e+00
 227   4.414062500000e+00    4.433593750000e+00
 228   4.433593750000e+00    4.453125000000e+00
 229   4.453125000000e+00    4.472656250000e+00
 230   4.472656250000e+00    4.492187500000e+00
 231   4.492187500000e+00    4.511718750000e+00
 232   4.511718750000e+00    4.531250000000e+00
 233   4.531250000000e+00    4.550781250000e+00
 234   4.550781250000e+00    4.570312500000e+00
 235   4.570312500000e+00    4.589843750000e+00
 236   4.589843750000e+00    4.609375000000e+00
 237   4.609375000000e+00    4.628906250000e+00
 238   4.628906250000e+00    4.648437500000e+00
 239   4.648437500000e+00    4.667968750000e+00
 240   4.667968750000e+00    4.687500000000e+00
 241   4.687500000000e+00    4.707031250000e+00
 242   4.707031250000e+00    4.726562500000e+00
 243   4.726562500000e+00    4.746093750000e+00
 244   4.746093750000e+00    4.765625000000e+00
 245   4.765625000000e+00    4.785156250000e+00
 246   4.785156250000e+00    4.804687500000e+00
 247   4.804687500000e+00    4.824218750000e+00
 248   4.824218750000e+00    4.843750000000e+00
 249   4.843750000000e+00    4.863281250000e+00
 250   4.863281250000e+00    4.882812500000e+00
 251   4.882812500000e+00    4.902343750000e+00
 252   4.902343750000e+00    4.921875000000e+00
 253   4.921875000000e+00    4.941406250000e+00
 254   4.941406250000e+00    4.960937500000e+00
 255   4.960937500000e+00    4.980468750000e+00
 256   4.980468750000e+00    5.000000000000e+00
1 
 1   0.000000000000e+00    1.000000000000e+00
